<?xml version="1.0" encoding="UTF-8"?>
<!-- Generated by org.testng.reporters.JUnitXMLReporter -->
<testsuite ignored="0" hostname="DUNGNT-PC" failures="0" tests="7" name="Test2" time="19.168" errors="0" timestamp="2020-10-07T16:36:12 ICT">
  <testcase classname="TestSuite.UserAuthentication" name="ITS_02_01_001" time="4.261"/>
  <testcase classname="TestSuite.UserAuthentication" name="ITS_02_01_002" time="4.505"/>
  <testcase classname="TestSuite.UserAuthentication" name="ITS_02_01_003" time="4.816"/>
  <testcase classname="TestSuite.UserAuthentication" name="ITS_02_01_004" time="0.553"/>
  <testcase classname="TestSuite.UserAuthentication" name="ITS_02_01_005" time="0.597"/>
  <testcase classname="TestSuite.UserAuthentication" name="ITS_02_01_006" time="0.547"/>
  <testcase classname="TestSuite.UserAuthentication" name="ITS_02_01_007" time="0.614"/>
</testsuite> <!-- Test2 -->
