<?xml version="1.0" encoding="UTF-8"?>
<testng-results ignored="6" total="95" passed="82" failed="7" skipped="0">
  <reporter-output>
  </reporter-output>
  <suite started-at="2020-10-28T08:45:16 ICT" name="Suite" finished-at="2020-10-28T09:05:00 ICT" duration-ms="1183239">
    <groups>
      <group name="GUIButton">
        <method signature="ShowRiskCountry.ITS_05_10_001_016()[pri:0, instance:TestSuite.RiskCountry.ShowRiskCountry@3d299e3]" name="ITS_05_10_001_016" class="TestSuite.RiskCountry.ShowRiskCountry"/>
        <method signature="ShowRiskCountry.ITS_05_10_001_017()[pri:0, instance:TestSuite.RiskCountry.ShowRiskCountry@3d299e3]" name="ITS_05_10_001_017" class="TestSuite.RiskCountry.ShowRiskCountry"/>
        <method signature="ShowRiskCountry.ITS_05_10_001_018()[pri:0, instance:TestSuite.RiskCountry.ShowRiskCountry@3d299e3]" name="ITS_05_10_001_018" class="TestSuite.RiskCountry.ShowRiskCountry"/>
        <method signature="ShowRiskCountry.ITS_05_10_001_029()[pri:0, instance:TestSuite.RiskCountry.ShowRiskCountry@3d299e3]" name="ITS_05_10_001_029" class="TestSuite.RiskCountry.ShowRiskCountry"/>
        <method signature="ShowUserManagement.ITS_05_09_001_016()[pri:0, instance:TestSuite.UserManagement.ShowUserManagement@7920ba90]" name="ITS_05_09_001_016" class="TestSuite.UserManagement.ShowUserManagement"/>
        <method signature="ShowUserManagement.ITS_05_09_001_017()[pri:0, instance:TestSuite.UserManagement.ShowUserManagement@7920ba90]" name="ITS_05_09_001_017" class="TestSuite.UserManagement.ShowUserManagement"/>
        <method signature="ShowUserManagement.ITS_05_09_001_018()[pri:0, instance:TestSuite.UserManagement.ShowUserManagement@7920ba90]" name="ITS_05_09_001_018" class="TestSuite.UserManagement.ShowUserManagement"/>
        <method signature="ShowUserManagement.ITS_05_09_001_019()[pri:0, instance:TestSuite.UserManagement.ShowUserManagement@7920ba90]" name="ITS_05_09_001_019" class="TestSuite.UserManagement.ShowUserManagement"/>
        <method signature="ShowUserManagement.ITS_05_09_001_020()[pri:0, instance:TestSuite.UserManagement.ShowUserManagement@7920ba90]" name="ITS_05_09_001_020" class="TestSuite.UserManagement.ShowUserManagement"/>
      </group> <!-- GUIButton -->
      <group name="SearchConditional">
        <method signature="ShowRiskCountry.ITS_05_10_001_003()[pri:0, instance:TestSuite.RiskCountry.ShowRiskCountry@3d299e3]" name="ITS_05_10_001_003" class="TestSuite.RiskCountry.ShowRiskCountry"/>
        <method signature="ShowRiskCountry.ITS_05_10_001_004()[pri:0, instance:TestSuite.RiskCountry.ShowRiskCountry@3d299e3]" name="ITS_05_10_001_004" class="TestSuite.RiskCountry.ShowRiskCountry"/>
        <method signature="ShowRiskCountry.ITS_05_10_001_005()[pri:0, instance:TestSuite.RiskCountry.ShowRiskCountry@3d299e3]" name="ITS_05_10_001_005" class="TestSuite.RiskCountry.ShowRiskCountry"/>
        <method signature="ShowUserManagement.ITS_05_09_001_003()[pri:0, instance:TestSuite.UserManagement.ShowUserManagement@7920ba90]" name="ITS_05_09_001_003" class="TestSuite.UserManagement.ShowUserManagement"/>
        <method signature="ShowUserManagement.ITS_05_09_001_004()[pri:0, instance:TestSuite.UserManagement.ShowUserManagement@7920ba90]" name="ITS_05_09_001_004" class="TestSuite.UserManagement.ShowUserManagement"/>
        <method signature="ShowUserManagement.ITS_05_09_001_005()[pri:0, instance:TestSuite.UserManagement.ShowUserManagement@7920ba90]" name="ITS_05_09_001_005" class="TestSuite.UserManagement.ShowUserManagement"/>
      </group> <!-- SearchConditional -->
      <group name="UpdateUser">
        <method signature="UpdateUser.ITS_05_09_003_009()[pri:0, instance:TestSuite.UserManagement.UpdateUser@3b2da18f]" name="ITS_05_09_003_009" class="TestSuite.UserManagement.UpdateUser"/>
        <method signature="UpdateUser.ITS_05_09_003_010()[pri:0, instance:TestSuite.UserManagement.UpdateUser@3b2da18f]" name="ITS_05_09_003_010" class="TestSuite.UserManagement.UpdateUser"/>
        <method signature="UpdateUser.ITS_05_09_003_011()[pri:0, instance:TestSuite.UserManagement.UpdateUser@3b2da18f]" name="ITS_05_09_003_011" class="TestSuite.UserManagement.UpdateUser"/>
        <method signature="UpdateUser.ITS_05_09_003_012()[pri:0, instance:TestSuite.UserManagement.UpdateUser@3b2da18f]" name="ITS_05_09_003_012" class="TestSuite.UserManagement.UpdateUser"/>
        <method signature="UpdateUser.ITS_05_09_003_013()[pri:0, instance:TestSuite.UserManagement.UpdateUser@3b2da18f]" name="ITS_05_09_003_013" class="TestSuite.UserManagement.UpdateUser"/>
        <method signature="UpdateUser.ITS_05_09_003_018()[pri:0, instance:TestSuite.UserManagement.UpdateUser@3b2da18f]" name="ITS_05_09_003_018" class="TestSuite.UserManagement.UpdateUser"/>
        <method signature="UpdateUser.ITS_05_09_003_022()[pri:0, instance:TestSuite.UserManagement.UpdateUser@3b2da18f]" name="ITS_05_09_003_022" class="TestSuite.UserManagement.UpdateUser"/>
      </group> <!-- UpdateUser -->
      <group name="GUI">
        <method signature="ImportUser.ITS_05_09_006_001()[pri:1, instance:TestSuite.UserManagement.ImportUser@258e2e41]" name="ITS_05_09_006_001" class="TestSuite.UserManagement.ImportUser"/>
        <method signature="ImportUser.ITS_05_09_006_002()[pri:2, instance:TestSuite.UserManagement.ImportUser@258e2e41]" name="ITS_05_09_006_002" class="TestSuite.UserManagement.ImportUser"/>
        <method signature="ImportUser.ITS_05_09_006_003()[pri:3, instance:TestSuite.UserManagement.ImportUser@258e2e41]" name="ITS_05_09_006_003" class="TestSuite.UserManagement.ImportUser"/>
        <method signature="ImportUser.ITS_05_09_006_004()[pri:4, instance:TestSuite.UserManagement.ImportUser@258e2e41]" name="ITS_05_09_006_004" class="TestSuite.UserManagement.ImportUser"/>
        <method signature="ImportUser.ITS_05_09_006_005()[pri:5, instance:TestSuite.UserManagement.ImportUser@258e2e41]" name="ITS_05_09_006_005" class="TestSuite.UserManagement.ImportUser"/>
        <method signature="UpdateUser.ITS_05_09_002_001()[pri:0, instance:TestSuite.UserManagement.UpdateUser@3b2da18f]" name="ITS_05_09_002_001" class="TestSuite.UserManagement.UpdateUser"/>
        <method signature="UpdateUser.ITS_05_09_002_002()[pri:0, instance:TestSuite.UserManagement.UpdateUser@3b2da18f]" name="ITS_05_09_002_002" class="TestSuite.UserManagement.UpdateUser"/>
        <method signature="UpdateUser.ITS_05_09_002_003()[pri:0, instance:TestSuite.UserManagement.UpdateUser@3b2da18f]" name="ITS_05_09_002_003" class="TestSuite.UserManagement.UpdateUser"/>
        <method signature="UpdateUser.ITS_05_09_002_004()[pri:0, instance:TestSuite.UserManagement.UpdateUser@3b2da18f]" name="ITS_05_09_002_004" class="TestSuite.UserManagement.UpdateUser"/>
        <method signature="UpdateUser.ITS_05_09_002_005()[pri:0, instance:TestSuite.UserManagement.UpdateUser@3b2da18f]" name="ITS_05_09_002_005" class="TestSuite.UserManagement.UpdateUser"/>
        <method signature="UpdateUser.ITS_05_09_002_006()[pri:0, instance:TestSuite.UserManagement.UpdateUser@3b2da18f]" name="ITS_05_09_002_006" class="TestSuite.UserManagement.UpdateUser"/>
        <method signature="UpdateUser.ITS_05_09_002_007()[pri:0, instance:TestSuite.UserManagement.UpdateUser@3b2da18f]" name="ITS_05_09_002_007" class="TestSuite.UserManagement.UpdateUser"/>
        <method signature="UpdateUser.ITS_05_09_002_008()[pri:0, instance:TestSuite.UserManagement.UpdateUser@3b2da18f]" name="ITS_05_09_002_008" class="TestSuite.UserManagement.UpdateUser"/>
      </group> <!-- GUI -->
      <group name="TableList">
        <method signature="ShowRiskCountry.ITS_05_10_001_006()[pri:0, instance:TestSuite.RiskCountry.ShowRiskCountry@3d299e3]" name="ITS_05_10_001_006" class="TestSuite.RiskCountry.ShowRiskCountry"/>
        <method signature="ShowRiskCountry.ITS_05_10_001_007()[pri:0, instance:TestSuite.RiskCountry.ShowRiskCountry@3d299e3]" name="ITS_05_10_001_007" class="TestSuite.RiskCountry.ShowRiskCountry"/>
        <method signature="ShowRiskCountry.ITS_05_10_001_008()[pri:0, instance:TestSuite.RiskCountry.ShowRiskCountry@3d299e3]" name="ITS_05_10_001_008" class="TestSuite.RiskCountry.ShowRiskCountry"/>
        <method signature="ShowRiskCountry.ITS_05_10_001_009()[pri:0, instance:TestSuite.RiskCountry.ShowRiskCountry@3d299e3]" name="ITS_05_10_001_009" class="TestSuite.RiskCountry.ShowRiskCountry"/>
        <method signature="ShowRiskCountry.ITS_05_10_001_010()[pri:0, instance:TestSuite.RiskCountry.ShowRiskCountry@3d299e3]" name="ITS_05_10_001_010" class="TestSuite.RiskCountry.ShowRiskCountry"/>
        <method signature="ShowRiskCountry.ITS_05_10_001_011()[pri:0, instance:TestSuite.RiskCountry.ShowRiskCountry@3d299e3]" name="ITS_05_10_001_011" class="TestSuite.RiskCountry.ShowRiskCountry"/>
        <method signature="ShowRiskCountry.ITS_05_10_001_012()[pri:0, instance:TestSuite.RiskCountry.ShowRiskCountry@3d299e3]" name="ITS_05_10_001_012" class="TestSuite.RiskCountry.ShowRiskCountry"/>
        <method signature="ShowUserManagement.ITS_05_09_001_006()[pri:0, instance:TestSuite.UserManagement.ShowUserManagement@7920ba90]" name="ITS_05_09_001_006" class="TestSuite.UserManagement.ShowUserManagement"/>
        <method signature="ShowUserManagement.ITS_05_09_001_007()[pri:0, instance:TestSuite.UserManagement.ShowUserManagement@7920ba90]" name="ITS_05_09_001_007" class="TestSuite.UserManagement.ShowUserManagement"/>
        <method signature="ShowUserManagement.ITS_05_09_001_008()[pri:0, instance:TestSuite.UserManagement.ShowUserManagement@7920ba90]" name="ITS_05_09_001_008" class="TestSuite.UserManagement.ShowUserManagement"/>
        <method signature="ShowUserManagement.ITS_05_09_001_009()[pri:0, instance:TestSuite.UserManagement.ShowUserManagement@7920ba90]" name="ITS_05_09_001_009" class="TestSuite.UserManagement.ShowUserManagement"/>
        <method signature="ShowUserManagement.ITS_05_09_001_010()[pri:0, instance:TestSuite.UserManagement.ShowUserManagement@7920ba90]" name="ITS_05_09_001_010" class="TestSuite.UserManagement.ShowUserManagement"/>
        <method signature="ShowUserManagement.ITS_05_09_001_011()[pri:0, instance:TestSuite.UserManagement.ShowUserManagement@7920ba90]" name="ITS_05_09_001_011" class="TestSuite.UserManagement.ShowUserManagement"/>
        <method signature="ShowUserManagement.ITS_05_09_001_012()[pri:0, instance:TestSuite.UserManagement.ShowUserManagement@7920ba90]" name="ITS_05_09_001_012" class="TestSuite.UserManagement.ShowUserManagement"/>
        <method signature="ShowUserManagement.ITS_05_09_001_013()[pri:0, instance:TestSuite.UserManagement.ShowUserManagement@7920ba90]" name="ITS_05_09_001_013" class="TestSuite.UserManagement.ShowUserManagement"/>
      </group> <!-- TableList -->
      <group name="AddUser">
        <method signature="AddUser.ITS_05_09_002_009()[pri:0, instance:TestSuite.UserManagement.AddUser@6b419da]" name="ITS_05_09_002_009" class="TestSuite.UserManagement.AddUser"/>
        <method signature="AddUser.ITS_05_09_002_010()[pri:0, instance:TestSuite.UserManagement.AddUser@6b419da]" name="ITS_05_09_002_010" class="TestSuite.UserManagement.AddUser"/>
        <method signature="AddUser.ITS_05_09_002_011()[pri:0, instance:TestSuite.UserManagement.AddUser@6b419da]" name="ITS_05_09_002_011" class="TestSuite.UserManagement.AddUser"/>
        <method signature="AddUser.ITS_05_09_002_012()[pri:0, instance:TestSuite.UserManagement.AddUser@6b419da]" name="ITS_05_09_002_012" class="TestSuite.UserManagement.AddUser"/>
        <method signature="AddUser.ITS_05_09_002_014()[pri:0, instance:TestSuite.UserManagement.AddUser@6b419da]" name="ITS_05_09_002_014" class="TestSuite.UserManagement.AddUser"/>
        <method signature="AddUser.ITS_05_09_002_015()[pri:0, instance:TestSuite.UserManagement.AddUser@6b419da]" name="ITS_05_09_002_015" class="TestSuite.UserManagement.AddUser"/>
        <method signature="AddUser.ITS_05_09_002_016()[pri:0, instance:TestSuite.UserManagement.AddUser@6b419da]" name="ITS_05_09_002_016" class="TestSuite.UserManagement.AddUser"/>
        <method signature="AddUser.ITS_05_09_002_017()[pri:0, instance:TestSuite.UserManagement.AddUser@6b419da]" name="ITS_05_09_002_017" class="TestSuite.UserManagement.AddUser"/>
        <method signature="AddUser.ITS_05_09_002_018()[pri:0, instance:TestSuite.UserManagement.AddUser@6b419da]" name="ITS_05_09_002_018" class="TestSuite.UserManagement.AddUser"/>
        <method signature="AddUser.ITS_05_09_002_019()[pri:0, instance:TestSuite.UserManagement.AddUser@6b419da]" name="ITS_05_09_002_019" class="TestSuite.UserManagement.AddUser"/>
        <method signature="AddUser.ITS_05_09_002_020()[pri:0, instance:TestSuite.UserManagement.AddUser@6b419da]" name="ITS_05_09_002_020" class="TestSuite.UserManagement.AddUser"/>
        <method signature="AddUser.ITS_05_09_002_021()[pri:0, instance:TestSuite.UserManagement.AddUser@6b419da]" name="ITS_05_09_002_021" class="TestSuite.UserManagement.AddUser"/>
        <method signature="AddUser.ITS_05_09_002_022()[pri:0, instance:TestSuite.UserManagement.AddUser@6b419da]" name="ITS_05_09_002_022" class="TestSuite.UserManagement.AddUser"/>
        <method signature="AddUser.ITS_05_09_002_023()[pri:0, instance:TestSuite.UserManagement.AddUser@6b419da]" name="ITS_05_09_002_023" class="TestSuite.UserManagement.AddUser"/>
        <method signature="AddUser.ITS_05_09_002_024()[pri:0, instance:TestSuite.UserManagement.AddUser@6b419da]" name="ITS_05_09_002_024" class="TestSuite.UserManagement.AddUser"/>
        <method signature="AddUser.ITS_05_09_002_025()[pri:0, instance:TestSuite.UserManagement.AddUser@6b419da]" name="ITS_05_09_002_025" class="TestSuite.UserManagement.AddUser"/>
        <method signature="AddUser.ITS_05_09_002_026()[pri:0, instance:TestSuite.UserManagement.AddUser@6b419da]" name="ITS_05_09_002_026" class="TestSuite.UserManagement.AddUser"/>
        <method signature="AddUser.ITS_05_09_002_027()[pri:0, instance:TestSuite.UserManagement.AddUser@6b419da]" name="ITS_05_09_002_027" class="TestSuite.UserManagement.AddUser"/>
        <method signature="AddUser.ITS_05_09_002_028()[pri:0, instance:TestSuite.UserManagement.AddUser@6b419da]" name="ITS_05_09_002_028" class="TestSuite.UserManagement.AddUser"/>
        <method signature="AddUser.ITS_05_09_002_029()[pri:0, instance:TestSuite.UserManagement.AddUser@6b419da]" name="ITS_05_09_002_029" class="TestSuite.UserManagement.AddUser"/>
        <method signature="AddUser.ITS_05_09_002_030()[pri:0, instance:TestSuite.UserManagement.AddUser@6b419da]" name="ITS_05_09_002_030" class="TestSuite.UserManagement.AddUser"/>
        <method signature="AddUser.ITS_05_09_002_031()[pri:0, instance:TestSuite.UserManagement.AddUser@6b419da]" name="ITS_05_09_002_031" class="TestSuite.UserManagement.AddUser"/>
        <method signature="AddUser.ITS_05_09_002_033()[pri:0, instance:TestSuite.UserManagement.AddUser@6b419da]" name="ITS_05_09_002_033" class="TestSuite.UserManagement.AddUser"/>
        <method signature="AddUser.ITS_05_09_002_034()[pri:0, instance:TestSuite.UserManagement.AddUser@6b419da]" name="ITS_05_09_002_034" class="TestSuite.UserManagement.AddUser"/>
        <method signature="AddUser.ITS_05_09_002_035()[pri:0, instance:TestSuite.UserManagement.AddUser@6b419da]" name="ITS_05_09_002_035" class="TestSuite.UserManagement.AddUser"/>
      </group> <!-- AddUser -->
      <group name="Common">
        <method signature="AddUser.ITS_05_09_002_001()[pri:0, instance:TestSuite.UserManagement.AddUser@6b419da]" name="ITS_05_09_002_001" class="TestSuite.UserManagement.AddUser"/>
        <method signature="AddUser.ITS_05_09_002_002()[pri:0, instance:TestSuite.UserManagement.AddUser@6b419da]" name="ITS_05_09_002_002" class="TestSuite.UserManagement.AddUser"/>
        <method signature="AddUser.ITS_05_09_002_003()[pri:0, instance:TestSuite.UserManagement.AddUser@6b419da]" name="ITS_05_09_002_003" class="TestSuite.UserManagement.AddUser"/>
        <method signature="AddUser.ITS_05_09_002_004()[pri:0, instance:TestSuite.UserManagement.AddUser@6b419da]" name="ITS_05_09_002_004" class="TestSuite.UserManagement.AddUser"/>
        <method signature="AddUser.ITS_05_09_002_005()[pri:0, instance:TestSuite.UserManagement.AddUser@6b419da]" name="ITS_05_09_002_005" class="TestSuite.UserManagement.AddUser"/>
        <method signature="AddUser.ITS_05_09_002_006()[pri:0, instance:TestSuite.UserManagement.AddUser@6b419da]" name="ITS_05_09_002_006" class="TestSuite.UserManagement.AddUser"/>
        <method signature="AddUser.ITS_05_09_002_007()[pri:0, instance:TestSuite.UserManagement.AddUser@6b419da]" name="ITS_05_09_002_007" class="TestSuite.UserManagement.AddUser"/>
        <method signature="AddUser.ITS_05_09_002_008()[pri:0, instance:TestSuite.UserManagement.AddUser@6b419da]" name="ITS_05_09_002_008" class="TestSuite.UserManagement.AddUser"/>
        <method signature="ShowRiskCountry.ITS_05_10_001_001()[pri:0, instance:TestSuite.RiskCountry.ShowRiskCountry@3d299e3]" name="ITS_05_10_001_001" class="TestSuite.RiskCountry.ShowRiskCountry"/>
        <method signature="ShowRiskCountry.ITS_05_10_001_002()[pri:0, instance:TestSuite.RiskCountry.ShowRiskCountry@3d299e3]" name="ITS_05_10_001_002" class="TestSuite.RiskCountry.ShowRiskCountry"/>
        <method signature="ShowUserManagement.ITS_05_09_001_001()[pri:0, instance:TestSuite.UserManagement.ShowUserManagement@7920ba90]" name="ITS_05_09_001_001" class="TestSuite.UserManagement.ShowUserManagement"/>
        <method signature="ShowUserManagement.ITS_05_09_001_002()[pri:0, instance:TestSuite.UserManagement.ShowUserManagement@7920ba90]" name="ITS_05_09_001_002" class="TestSuite.UserManagement.ShowUserManagement"/>
      </group> <!-- Common -->
    </groups>
    <test started-at="2020-10-28T08:45:16 ICT" name="Test1" finished-at="2020-10-28T09:05:00 ICT" duration-ms="1183239">
      <class name="TestSuite.UserManagement.RemoveUser">
        <test-method is-config="true" signature="setUp(java.lang.String)[pri:0, instance:TestSuite.UserManagement.RemoveUser@5906ebcb]" started-at="2020-10-28T09:04:10 ICT" name="setUp" finished-at="2020-10-28T09:04:20 ICT" duration-ms="10122" status="PASS">
          <params>
            <param index="0">
              <value>
                <![CDATA[Edge]]>
              </value>
            </param>
          </params>
          <reporter-output>
          </reporter-output>
        </test-method> <!-- setUp -->
        <test-method signature="ITS_05_09_004_002()[pri:1, instance:TestSuite.UserManagement.RemoveUser@5906ebcb]" started-at="2020-10-28T09:04:20 ICT" name="ITS_05_09_004_002" finished-at="2020-10-28T09:04:23 ICT" duration-ms="3225" status="PASS">
          <reporter-output>
          </reporter-output>
        </test-method> <!-- ITS_05_09_004_002 -->
        <test-method is-config="true" signature="setUpMethod(java.lang.reflect.Method, java.lang.String)[pri:0, instance:TestSuite.UserManagement.RemoveUser@5906ebcb]" started-at="2020-10-28T09:04:20 ICT" name="setUpMethod" finished-at="2020-10-28T09:04:20 ICT" duration-ms="0" status="PASS">
          <params>
            <param index="0">
              <value>
                <![CDATA[public void TestSuite.UserManagement.RemoveUser.ITS_05_09_004_002()]]>
              </value>
            </param>
            <param index="1">
              <value>
                <![CDATA[Edge]]>
              </value>
            </param>
          </params>
          <reporter-output>
          </reporter-output>
        </test-method> <!-- setUpMethod -->
        <test-method is-config="true" signature="tearDownGUI(org.testng.ITestResult, java.lang.reflect.Method)[pri:0, instance:TestSuite.UserManagement.RemoveUser@5906ebcb]" started-at="2020-10-28T09:04:23 ICT" name="tearDownGUI" finished-at="2020-10-28T09:04:23 ICT" duration-ms="0" status="PASS">
          <params>
            <param index="0">
              <value>
                <![CDATA[[TestResult name=ITS_05_09_004_002 status=SUCCESS method=RemoveUser.ITS_05_09_004_002()[pri:1, instance:TestSuite.UserManagement.RemoveUser@5906ebcb] output={null}]]]>
              </value>
            </param>
            <param index="1">
              <value>
                <![CDATA[public void TestSuite.UserManagement.RemoveUser.ITS_05_09_004_002()]]>
              </value>
            </param>
          </params>
          <reporter-output>
          </reporter-output>
        </test-method> <!-- tearDownGUI -->
        <test-method signature="ITS_05_09_004_001()[pri:2, instance:TestSuite.UserManagement.RemoveUser@5906ebcb]" started-at="2020-10-28T09:04:35 ICT" name="ITS_05_09_004_001" finished-at="2020-10-28T09:04:39 ICT" duration-ms="4025" status="FAIL">
          <exception class="org.openqa.selenium.WebDriverException">
            <message>
              <![CDATA[java.net.ConnectException: Failed to connect to localhost/[0:0:0:0:0:0:0:1]:33333
Build info: version: '3.141.59', revision: 'e82be7d358', time: '2018-11-14T08:25:48'
System info: host: 'DUNGNT-PC', ip: '192.168.56.1', os.name: 'Windows 10', os.arch: 'amd64', os.version: '10.0', java.version: '14.0.1'
Driver info: driver.version: RemoteWebDriver]]>
            </message>
            <full-stacktrace>
              <![CDATA[org.openqa.selenium.WebDriverException: java.net.ConnectException: Failed to connect to localhost/[0:0:0:0:0:0:0:1]:33333
Build info: version: '3.141.59', revision: 'e82be7d358', time: '2018-11-14T08:25:48'
System info: host: 'DUNGNT-PC', ip: '192.168.56.1', os.name: 'Windows 10', os.arch: 'amd64', os.version: '10.0', java.version: '14.0.1'
Driver info: driver.version: RemoteWebDriver
at org.openqa.selenium.remote.service.DriverCommandExecutor.execute(DriverCommandExecutor.java:92)
at org.openqa.selenium.remote.RemoteWebDriver.execute(RemoteWebDriver.java:552)
at org.openqa.selenium.remote.RemoteWebDriver.findElements(RemoteWebDriver.java:353)
at org.openqa.selenium.remote.RemoteWebDriver.findElementsByXPath(RemoteWebDriver.java:432)
at org.openqa.selenium.By$ByXPath.findElements(By.java:348)
at org.openqa.selenium.remote.RemoteWebDriver.findElements(RemoteWebDriver.java:311)
at CommonScreen.UserManagement.getRowIndex(UserManagement.java:217)
at CommonScreen.UserManagement.clickDeleteUserBtn(UserManagement.java:141)
at CommonScreen.UserManagement.deleteUser(UserManagement.java:129)
at TestSuite.UserManagement.RemoveUser.ITS_05_09_004_001(RemoveUser.java:74)
at java.base/jdk.internal.reflect.NativeMethodAccessorImpl.invoke0(Native Method)
at java.base/jdk.internal.reflect.NativeMethodAccessorImpl.invoke(NativeMethodAccessorImpl.java:62)
at java.base/jdk.internal.reflect.DelegatingMethodAccessorImpl.invoke(DelegatingMethodAccessorImpl.java:43)
at java.base/java.lang.reflect.Method.invoke(Method.java:564)
at org.testng.internal.MethodInvocationHelper.invokeMethod(MethodInvocationHelper.java:131)
at org.testng.internal.Invoker.invokeMethod(Invoker.java:687)
at org.testng.internal.Invoker.invokeTestMethod(Invoker.java:821)
at org.testng.internal.Invoker.invokeTestMethods(Invoker.java:1128)
at org.testng.internal.TestMethodWorker.invokeTestMethods(TestMethodWorker.java:140)
at org.testng.internal.TestMethodWorker.run(TestMethodWorker.java:122)
at org.testng.TestRunner.privateRun(TestRunner.java:724)
at org.testng.TestRunner.run(TestRunner.java:574)
at org.testng.SuiteRunner.runTest(SuiteRunner.java:398)
at org.testng.SuiteRunner.runSequentially(SuiteRunner.java:392)
at org.testng.SuiteRunner.privateRun(SuiteRunner.java:354)
at org.testng.SuiteRunner.run(SuiteRunner.java:302)
at org.testng.SuiteRunnerWorker.runSuite(SuiteRunnerWorker.java:53)
at org.testng.SuiteRunnerWorker.run(SuiteRunnerWorker.java:96)
at org.testng.TestNG.runSuitesSequentially(TestNG.java:1142)
at org.testng.TestNG.runSuitesLocally(TestNG.java:1064)
at org.testng.TestNG.runSuites(TestNG.java:994)
at org.testng.TestNG.run(TestNG.java:962)
at org.testng.remote.AbstractRemoteTestNG.run(AbstractRemoteTestNG.java:115)
at org.testng.remote.RemoteTestNG.initAndRun(RemoteTestNG.java:251)
at org.testng.remote.RemoteTestNG.main(RemoteTestNG.java:77)
Caused by: java.net.ConnectException: Failed to connect to localhost/[0:0:0:0:0:0:0:1]:33333
at okhttp3.internal.connection.RealConnection.connectSocket(RealConnection.java:247)
at okhttp3.internal.connection.RealConnection.connect(RealConnection.java:165)
at okhttp3.internal.connection.StreamAllocation.findConnection(StreamAllocation.java:257)
at okhttp3.internal.connection.StreamAllocation.findHealthyConnection(StreamAllocation.java:135)
at okhttp3.internal.connection.StreamAllocation.newStream(StreamAllocation.java:114)
at okhttp3.internal.connection.ConnectInterceptor.intercept(ConnectInterceptor.java:42)
at okhttp3.internal.http.RealInterceptorChain.proceed(RealInterceptorChain.java:147)
at okhttp3.internal.http.RealInterceptorChain.proceed(RealInterceptorChain.java:121)
at okhttp3.internal.cache.CacheInterceptor.intercept(CacheInterceptor.java:93)
at okhttp3.internal.http.RealInterceptorChain.proceed(RealInterceptorChain.java:147)
at okhttp3.internal.http.RealInterceptorChain.proceed(RealInterceptorChain.java:121)
at okhttp3.internal.http.BridgeInterceptor.intercept(BridgeInterceptor.java:93)
at okhttp3.internal.http.RealInterceptorChain.proceed(RealInterceptorChain.java:147)
at okhttp3.internal.http.RetryAndFollowUpInterceptor.intercept(RetryAndFollowUpInterceptor.java:126)
at okhttp3.internal.http.RealInterceptorChain.proceed(RealInterceptorChain.java:147)
at okhttp3.internal.http.RealInterceptorChain.proceed(RealInterceptorChain.java:121)
at okhttp3.RealCall.getResponseWithInterceptorChain(RealCall.java:200)
at okhttp3.RealCall.execute(RealCall.java:77)
at org.openqa.selenium.remote.internal.OkHttpClient.execute(OkHttpClient.java:103)
at org.openqa.selenium.remote.HttpCommandExecutor.execute(HttpCommandExecutor.java:155)
at org.openqa.selenium.remote.service.DriverCommandExecutor.execute(DriverCommandExecutor.java:83)
... 34 more
Caused by: java.net.ConnectException: Connection refused: no further information
at java.base/sun.nio.ch.Net.pollConnect(Native Method)
at java.base/sun.nio.ch.Net.pollConnectNow(Net.java:589)
at java.base/sun.nio.ch.NioSocketImpl.timedFinishConnect(NioSocketImpl.java:549)
at java.base/sun.nio.ch.NioSocketImpl.connect(NioSocketImpl.java:597)
at java.base/java.net.SocksSocketImpl.connect(SocksSocketImpl.java:333)
at java.base/java.net.Socket.connect(Socket.java:648)
at okhttp3.internal.platform.Platform.connectSocket(Platform.java:129)
at okhttp3.internal.connection.RealConnection.connectSocket(RealConnection.java:245)
... 54 more
]]>
            </full-stacktrace>
          </exception> <!-- org.openqa.selenium.WebDriverException -->
          <reporter-output>
          </reporter-output>
        </test-method> <!-- ITS_05_09_004_001 -->
        <test-method is-config="true" signature="setUpMethod(java.lang.reflect.Method, java.lang.String)[pri:0, instance:TestSuite.UserManagement.RemoveUser@5906ebcb]" started-at="2020-10-28T09:04:35 ICT" name="setUpMethod" finished-at="2020-10-28T09:04:35 ICT" duration-ms="0" status="PASS">
          <params>
            <param index="0">
              <value>
                <![CDATA[public void TestSuite.UserManagement.RemoveUser.ITS_05_09_004_001()]]>
              </value>
            </param>
            <param index="1">
              <value>
                <![CDATA[Edge]]>
              </value>
            </param>
          </params>
          <reporter-output>
          </reporter-output>
        </test-method> <!-- setUpMethod -->
        <test-method is-config="true" signature="tearDownGUI(org.testng.ITestResult, java.lang.reflect.Method)[pri:0, instance:TestSuite.UserManagement.RemoveUser@5906ebcb]" started-at="2020-10-28T09:04:39 ICT" name="tearDownGUI" finished-at="2020-10-28T09:04:43 ICT" duration-ms="4010" status="FAIL">
          <params>
            <param index="0">
              <value>
                <![CDATA[[TestResult name=ITS_05_09_004_001 status=FAILURE method=RemoveUser.ITS_05_09_004_001()[pri:2, instance:TestSuite.UserManagement.RemoveUser@5906ebcb] output={null}]]]>
              </value>
            </param>
            <param index="1">
              <value>
                <![CDATA[public void TestSuite.UserManagement.RemoveUser.ITS_05_09_004_001()]]>
              </value>
            </param>
          </params>
          <exception class="org.openqa.selenium.WebDriverException">
            <message>
              <![CDATA[java.net.ConnectException: Failed to connect to localhost/[0:0:0:0:0:0:0:1]:33333
Build info: version: '3.141.59', revision: 'e82be7d358', time: '2018-11-14T08:25:48'
System info: host: 'DUNGNT-PC', ip: '192.168.56.1', os.name: 'Windows 10', os.arch: 'amd64', os.version: '10.0', java.version: '14.0.1'
Driver info: driver.version: RemoteWebDriver]]>
            </message>
            <full-stacktrace>
              <![CDATA[org.openqa.selenium.WebDriverException: java.net.ConnectException: Failed to connect to localhost/[0:0:0:0:0:0:0:1]:33333
Build info: version: '3.141.59', revision: 'e82be7d358', time: '2018-11-14T08:25:48'
System info: host: 'DUNGNT-PC', ip: '192.168.56.1', os.name: 'Windows 10', os.arch: 'amd64', os.version: '10.0', java.version: '14.0.1'
Driver info: driver.version: RemoteWebDriver
at org.openqa.selenium.remote.service.DriverCommandExecutor.execute(DriverCommandExecutor.java:92)
at org.openqa.selenium.remote.RemoteWebDriver.execute(RemoteWebDriver.java:552)
at org.openqa.selenium.remote.RemoteWebDriver.execute(RemoteWebDriver.java:609)
at org.openqa.selenium.remote.RemoteWebDriver.getScreenshotAs(RemoteWebDriver.java:295)
at Common.Utilities.captureScreen(Utilities.java:548)
at TestSuite.UserManagement.RemoveUser.tearDownGUI(RemoveUser.java:86)
at java.base/jdk.internal.reflect.NativeMethodAccessorImpl.invoke0(Native Method)
at java.base/jdk.internal.reflect.NativeMethodAccessorImpl.invoke(NativeMethodAccessorImpl.java:62)
at java.base/jdk.internal.reflect.DelegatingMethodAccessorImpl.invoke(DelegatingMethodAccessorImpl.java:43)
at java.base/java.lang.reflect.Method.invoke(Method.java:564)
at org.testng.internal.MethodInvocationHelper.invokeMethod(MethodInvocationHelper.java:131)
at org.testng.internal.MethodInvocationHelper.invokeMethodConsideringTimeout(MethodInvocationHelper.java:61)
at org.testng.internal.Invoker.invokeConfigurationMethod(Invoker.java:519)
at org.testng.internal.Invoker.invokeConfigurations(Invoker.java:243)
at org.testng.internal.Invoker.invokeMethod(Invoker.java:743)
at org.testng.internal.Invoker.invokeTestMethod(Invoker.java:821)
at org.testng.internal.Invoker.invokeTestMethods(Invoker.java:1128)
at org.testng.internal.TestMethodWorker.invokeTestMethods(TestMethodWorker.java:140)
at org.testng.internal.TestMethodWorker.run(TestMethodWorker.java:122)
at org.testng.TestRunner.privateRun(TestRunner.java:724)
at org.testng.TestRunner.run(TestRunner.java:574)
at org.testng.SuiteRunner.runTest(SuiteRunner.java:398)
at org.testng.SuiteRunner.runSequentially(SuiteRunner.java:392)
at org.testng.SuiteRunner.privateRun(SuiteRunner.java:354)
at org.testng.SuiteRunner.run(SuiteRunner.java:302)
at org.testng.SuiteRunnerWorker.runSuite(SuiteRunnerWorker.java:53)
at org.testng.SuiteRunnerWorker.run(SuiteRunnerWorker.java:96)
at org.testng.TestNG.runSuitesSequentially(TestNG.java:1142)
at org.testng.TestNG.runSuitesLocally(TestNG.java:1064)
at org.testng.TestNG.runSuites(TestNG.java:994)
at org.testng.TestNG.run(TestNG.java:962)
at org.testng.remote.AbstractRemoteTestNG.run(AbstractRemoteTestNG.java:115)
at org.testng.remote.RemoteTestNG.initAndRun(RemoteTestNG.java:251)
at org.testng.remote.RemoteTestNG.main(RemoteTestNG.java:77)
Caused by: java.net.ConnectException: Failed to connect to localhost/[0:0:0:0:0:0:0:1]:33333
at okhttp3.internal.connection.RealConnection.connectSocket(RealConnection.java:247)
at okhttp3.internal.connection.RealConnection.connect(RealConnection.java:165)
at okhttp3.internal.connection.StreamAllocation.findConnection(StreamAllocation.java:257)
at okhttp3.internal.connection.StreamAllocation.findHealthyConnection(StreamAllocation.java:135)
at okhttp3.internal.connection.StreamAllocation.newStream(StreamAllocation.java:114)
at okhttp3.internal.connection.ConnectInterceptor.intercept(ConnectInterceptor.java:42)
at okhttp3.internal.http.RealInterceptorChain.proceed(RealInterceptorChain.java:147)
at okhttp3.internal.http.RealInterceptorChain.proceed(RealInterceptorChain.java:121)
at okhttp3.internal.cache.CacheInterceptor.intercept(CacheInterceptor.java:93)
at okhttp3.internal.http.RealInterceptorChain.proceed(RealInterceptorChain.java:147)
at okhttp3.internal.http.RealInterceptorChain.proceed(RealInterceptorChain.java:121)
at okhttp3.internal.http.BridgeInterceptor.intercept(BridgeInterceptor.java:93)
at okhttp3.internal.http.RealInterceptorChain.proceed(RealInterceptorChain.java:147)
at okhttp3.internal.http.RetryAndFollowUpInterceptor.intercept(RetryAndFollowUpInterceptor.java:126)
at okhttp3.internal.http.RealInterceptorChain.proceed(RealInterceptorChain.java:147)
at okhttp3.internal.http.RealInterceptorChain.proceed(RealInterceptorChain.java:121)
at okhttp3.RealCall.getResponseWithInterceptorChain(RealCall.java:200)
at okhttp3.RealCall.execute(RealCall.java:77)
at org.openqa.selenium.remote.internal.OkHttpClient.execute(OkHttpClient.java:103)
at org.openqa.selenium.remote.HttpCommandExecutor.execute(HttpCommandExecutor.java:155)
at org.openqa.selenium.remote.service.DriverCommandExecutor.execute(DriverCommandExecutor.java:83)
... 33 more
Caused by: java.net.ConnectException: Connection refused: no further information
at java.base/sun.nio.ch.Net.pollConnect(Native Method)
at java.base/sun.nio.ch.Net.pollConnectNow(Net.java:589)
at java.base/sun.nio.ch.NioSocketImpl.timedFinishConnect(NioSocketImpl.java:549)
at java.base/sun.nio.ch.NioSocketImpl.connect(NioSocketImpl.java:597)
at java.base/java.net.SocksSocketImpl.connect(SocksSocketImpl.java:333)
at java.base/java.net.Socket.connect(Socket.java:648)
at okhttp3.internal.platform.Platform.connectSocket(Platform.java:129)
at okhttp3.internal.connection.RealConnection.connectSocket(RealConnection.java:245)
... 53 more
]]>
            </full-stacktrace>
          </exception> <!-- org.openqa.selenium.WebDriverException -->
          <reporter-output>
          </reporter-output>
        </test-method> <!-- tearDownGUI -->
        <test-method is-config="true" signature="tearDown()[pri:0, instance:TestSuite.UserManagement.RemoveUser@5906ebcb]" started-at="2020-10-28T09:04:43 ICT" name="tearDown" finished-at="1970-01-01T07:00:00 ICT" duration-ms="-1603850683937" status="SKIP">
          <reporter-output>
          </reporter-output>
        </test-method> <!-- tearDown -->
      </class> <!-- TestSuite.UserManagement.RemoveUser -->
      <class name="TestSuite.UserManagement.UpdateUser">
        <test-method is-config="true" signature="beforeClass()[pri:0, instance:TestSuite.UserManagement.UpdateUser@3b2da18f]" started-at="2020-10-28T08:59:24 ICT" name="beforeClass" finished-at="2020-10-28T08:59:24 ICT" duration-ms="19" status="PASS">
          <reporter-output>
          </reporter-output>
        </test-method> <!-- beforeClass -->
        <test-method is-config="true" signature="setUp(java.lang.String)[pri:0, instance:TestSuite.UserManagement.UpdateUser@3b2da18f]" started-at="2020-10-28T08:59:24 ICT" name="setUp" finished-at="2020-10-28T08:59:46 ICT" duration-ms="21146" status="PASS">
          <params>
            <param index="0">
              <value>
                <![CDATA[Edge]]>
              </value>
            </param>
          </params>
          <reporter-output>
          </reporter-output>
        </test-method> <!-- setUp -->
        <test-method is-config="true" signature="setUpGUI(java.lang.reflect.Method, java.lang.String)[pri:0, instance:TestSuite.UserManagement.UpdateUser@3b2da18f]" started-at="2020-10-28T08:59:46 ICT" name="setUpGUI" finished-at="2020-10-28T08:59:46 ICT" duration-ms="0" status="PASS">
          <params>
            <param index="0">
              <value>
                <![CDATA[public void TestSuite.UserManagement.UpdateUser.ITS_05_09_002_001()]]>
              </value>
            </param>
            <param index="1">
              <value>
                <![CDATA[Edge]]>
              </value>
            </param>
          </params>
          <reporter-output>
          </reporter-output>
        </test-method> <!-- setUpGUI -->
        <test-method signature="ITS_05_09_002_001()[pri:0, instance:TestSuite.UserManagement.UpdateUser@3b2da18f]" started-at="2020-10-28T08:59:46 ICT" name="ITS_05_09_002_001" finished-at="2020-10-28T08:59:49 ICT" duration-ms="3150" status="PASS">
          <reporter-output>
          </reporter-output>
        </test-method> <!-- ITS_05_09_002_001 -->
        <test-method is-config="true" signature="tearDownGUI(org.testng.ITestResult, java.lang.reflect.Method)[pri:0, instance:TestSuite.UserManagement.UpdateUser@3b2da18f]" started-at="2020-10-28T08:59:49 ICT" name="tearDownGUI" finished-at="2020-10-28T08:59:49 ICT" duration-ms="1" status="PASS">
          <params>
            <param index="0">
              <value>
                <![CDATA[[TestResult name=ITS_05_09_002_001 status=SUCCESS method=UpdateUser.ITS_05_09_002_001()[pri:0, instance:TestSuite.UserManagement.UpdateUser@3b2da18f] output={null}]]]>
              </value>
            </param>
            <param index="1">
              <value>
                <![CDATA[public void TestSuite.UserManagement.UpdateUser.ITS_05_09_002_001()]]>
              </value>
            </param>
          </params>
          <reporter-output>
          </reporter-output>
        </test-method> <!-- tearDownGUI -->
        <test-method signature="ITS_05_09_002_002()[pri:0, instance:TestSuite.UserManagement.UpdateUser@3b2da18f]" started-at="2020-10-28T08:59:49 ICT" name="ITS_05_09_002_002" finished-at="2020-10-28T08:59:50 ICT" duration-ms="1673" status="PASS">
          <reporter-output>
          </reporter-output>
        </test-method> <!-- ITS_05_09_002_002 -->
        <test-method is-config="true" signature="setUpGUI(java.lang.reflect.Method, java.lang.String)[pri:0, instance:TestSuite.UserManagement.UpdateUser@3b2da18f]" started-at="2020-10-28T08:59:49 ICT" name="setUpGUI" finished-at="2020-10-28T08:59:49 ICT" duration-ms="0" status="PASS">
          <params>
            <param index="0">
              <value>
                <![CDATA[public void TestSuite.UserManagement.UpdateUser.ITS_05_09_002_002()]]>
              </value>
            </param>
            <param index="1">
              <value>
                <![CDATA[Edge]]>
              </value>
            </param>
          </params>
          <reporter-output>
          </reporter-output>
        </test-method> <!-- setUpGUI -->
        <test-method is-config="true" signature="tearDownGUI(org.testng.ITestResult, java.lang.reflect.Method)[pri:0, instance:TestSuite.UserManagement.UpdateUser@3b2da18f]" started-at="2020-10-28T08:59:50 ICT" name="tearDownGUI" finished-at="2020-10-28T08:59:50 ICT" duration-ms="0" status="PASS">
          <params>
            <param index="0">
              <value>
                <![CDATA[[TestResult name=ITS_05_09_002_002 status=SUCCESS method=UpdateUser.ITS_05_09_002_002()[pri:0, instance:TestSuite.UserManagement.UpdateUser@3b2da18f] output={null}]]]>
              </value>
            </param>
            <param index="1">
              <value>
                <![CDATA[public void TestSuite.UserManagement.UpdateUser.ITS_05_09_002_002()]]>
              </value>
            </param>
          </params>
          <reporter-output>
          </reporter-output>
        </test-method> <!-- tearDownGUI -->
        <test-method is-config="true" signature="setUpGUI(java.lang.reflect.Method, java.lang.String)[pri:0, instance:TestSuite.UserManagement.UpdateUser@3b2da18f]" started-at="2020-10-28T08:59:50 ICT" name="setUpGUI" finished-at="2020-10-28T08:59:50 ICT" duration-ms="1" status="PASS">
          <params>
            <param index="0">
              <value>
                <![CDATA[public void TestSuite.UserManagement.UpdateUser.ITS_05_09_002_003()]]>
              </value>
            </param>
            <param index="1">
              <value>
                <![CDATA[Edge]]>
              </value>
            </param>
          </params>
          <reporter-output>
          </reporter-output>
        </test-method> <!-- setUpGUI -->
        <test-method signature="ITS_05_09_002_003()[pri:0, instance:TestSuite.UserManagement.UpdateUser@3b2da18f]" started-at="2020-10-28T08:59:50 ICT" name="ITS_05_09_002_003" finished-at="2020-10-28T08:59:53 ICT" duration-ms="2680" status="PASS">
          <reporter-output>
          </reporter-output>
        </test-method> <!-- ITS_05_09_002_003 -->
        <test-method is-config="true" signature="setUpGUI(java.lang.reflect.Method, java.lang.String)[pri:0, instance:TestSuite.UserManagement.UpdateUser@3b2da18f]" started-at="2020-10-28T08:59:53 ICT" name="setUpGUI" finished-at="2020-10-28T08:59:53 ICT" duration-ms="0" status="PASS">
          <params>
            <param index="0">
              <value>
                <![CDATA[public void TestSuite.UserManagement.UpdateUser.ITS_05_09_002_004()]]>
              </value>
            </param>
            <param index="1">
              <value>
                <![CDATA[Edge]]>
              </value>
            </param>
          </params>
          <reporter-output>
          </reporter-output>
        </test-method> <!-- setUpGUI -->
        <test-method signature="ITS_05_09_002_004()[pri:0, instance:TestSuite.UserManagement.UpdateUser@3b2da18f]" started-at="2020-10-28T08:59:53 ICT" name="ITS_05_09_002_004" finished-at="2020-10-28T08:59:56 ICT" duration-ms="2648" status="PASS">
          <reporter-output>
          </reporter-output>
        </test-method> <!-- ITS_05_09_002_004 -->
        <test-method is-config="true" signature="tearDownGUI(org.testng.ITestResult, java.lang.reflect.Method)[pri:0, instance:TestSuite.UserManagement.UpdateUser@3b2da18f]" started-at="2020-10-28T08:59:53 ICT" name="tearDownGUI" finished-at="2020-10-28T08:59:53 ICT" duration-ms="0" status="PASS">
          <params>
            <param index="0">
              <value>
                <![CDATA[[TestResult name=ITS_05_09_002_003 status=SUCCESS method=UpdateUser.ITS_05_09_002_003()[pri:0, instance:TestSuite.UserManagement.UpdateUser@3b2da18f] output={null}]]]>
              </value>
            </param>
            <param index="1">
              <value>
                <![CDATA[public void TestSuite.UserManagement.UpdateUser.ITS_05_09_002_003()]]>
              </value>
            </param>
          </params>
          <reporter-output>
          </reporter-output>
        </test-method> <!-- tearDownGUI -->
        <test-method is-config="true" signature="tearDownGUI(org.testng.ITestResult, java.lang.reflect.Method)[pri:0, instance:TestSuite.UserManagement.UpdateUser@3b2da18f]" started-at="2020-10-28T08:59:56 ICT" name="tearDownGUI" finished-at="2020-10-28T08:59:56 ICT" duration-ms="0" status="PASS">
          <params>
            <param index="0">
              <value>
                <![CDATA[[TestResult name=ITS_05_09_002_004 status=SUCCESS method=UpdateUser.ITS_05_09_002_004()[pri:0, instance:TestSuite.UserManagement.UpdateUser@3b2da18f] output={null}]]]>
              </value>
            </param>
            <param index="1">
              <value>
                <![CDATA[public void TestSuite.UserManagement.UpdateUser.ITS_05_09_002_004()]]>
              </value>
            </param>
          </params>
          <reporter-output>
          </reporter-output>
        </test-method> <!-- tearDownGUI -->
        <test-method is-config="true" signature="setUpGUI(java.lang.reflect.Method, java.lang.String)[pri:0, instance:TestSuite.UserManagement.UpdateUser@3b2da18f]" started-at="2020-10-28T08:59:56 ICT" name="setUpGUI" finished-at="2020-10-28T08:59:56 ICT" duration-ms="1" status="PASS">
          <params>
            <param index="0">
              <value>
                <![CDATA[public void TestSuite.UserManagement.UpdateUser.ITS_05_09_002_005()]]>
              </value>
            </param>
            <param index="1">
              <value>
                <![CDATA[Edge]]>
              </value>
            </param>
          </params>
          <reporter-output>
          </reporter-output>
        </test-method> <!-- setUpGUI -->
        <test-method signature="ITS_05_09_002_005()[pri:0, instance:TestSuite.UserManagement.UpdateUser@3b2da18f]" started-at="2020-10-28T08:59:56 ICT" name="ITS_05_09_002_005" finished-at="2020-10-28T08:59:58 ICT" duration-ms="2673" status="PASS">
          <reporter-output>
          </reporter-output>
        </test-method> <!-- ITS_05_09_002_005 -->
        <test-method is-config="true" signature="tearDownGUI(org.testng.ITestResult, java.lang.reflect.Method)[pri:0, instance:TestSuite.UserManagement.UpdateUser@3b2da18f]" started-at="2020-10-28T08:59:58 ICT" name="tearDownGUI" finished-at="2020-10-28T08:59:58 ICT" duration-ms="0" status="PASS">
          <params>
            <param index="0">
              <value>
                <![CDATA[[TestResult name=ITS_05_09_002_005 status=SUCCESS method=UpdateUser.ITS_05_09_002_005()[pri:0, instance:TestSuite.UserManagement.UpdateUser@3b2da18f] output={null}]]]>
              </value>
            </param>
            <param index="1">
              <value>
                <![CDATA[public void TestSuite.UserManagement.UpdateUser.ITS_05_09_002_005()]]>
              </value>
            </param>
          </params>
          <reporter-output>
          </reporter-output>
        </test-method> <!-- tearDownGUI -->
        <test-method is-config="true" signature="setUpGUI(java.lang.reflect.Method, java.lang.String)[pri:0, instance:TestSuite.UserManagement.UpdateUser@3b2da18f]" started-at="2020-10-28T08:59:58 ICT" name="setUpGUI" finished-at="2020-10-28T08:59:58 ICT" duration-ms="0" status="PASS">
          <params>
            <param index="0">
              <value>
                <![CDATA[public void TestSuite.UserManagement.UpdateUser.ITS_05_09_002_006()]]>
              </value>
            </param>
            <param index="1">
              <value>
                <![CDATA[Edge]]>
              </value>
            </param>
          </params>
          <reporter-output>
          </reporter-output>
        </test-method> <!-- setUpGUI -->
        <test-method signature="ITS_05_09_002_006()[pri:0, instance:TestSuite.UserManagement.UpdateUser@3b2da18f]" started-at="2020-10-28T08:59:58 ICT" name="ITS_05_09_002_006" finished-at="2020-10-28T08:59:59 ICT" duration-ms="660" status="PASS">
          <reporter-output>
          </reporter-output>
        </test-method> <!-- ITS_05_09_002_006 -->
        <test-method is-config="true" signature="setUpGUI(java.lang.reflect.Method, java.lang.String)[pri:0, instance:TestSuite.UserManagement.UpdateUser@3b2da18f]" started-at="2020-10-28T08:59:59 ICT" name="setUpGUI" finished-at="2020-10-28T08:59:59 ICT" duration-ms="0" status="PASS">
          <params>
            <param index="0">
              <value>
                <![CDATA[public void TestSuite.UserManagement.UpdateUser.ITS_05_09_002_007() throws java.io.IOException]]>
              </value>
            </param>
            <param index="1">
              <value>
                <![CDATA[Edge]]>
              </value>
            </param>
          </params>
          <reporter-output>
          </reporter-output>
        </test-method> <!-- setUpGUI -->
        <test-method signature="ITS_05_09_002_007()[pri:0, instance:TestSuite.UserManagement.UpdateUser@3b2da18f]" started-at="2020-10-28T08:59:59 ICT" name="ITS_05_09_002_007" finished-at="2020-10-28T09:00:00 ICT" duration-ms="440" status="PASS">
          <reporter-output>
          </reporter-output>
        </test-method> <!-- ITS_05_09_002_007 -->
        <test-method is-config="true" signature="tearDownGUI(org.testng.ITestResult, java.lang.reflect.Method)[pri:0, instance:TestSuite.UserManagement.UpdateUser@3b2da18f]" started-at="2020-10-28T08:59:59 ICT" name="tearDownGUI" finished-at="2020-10-28T08:59:59 ICT" duration-ms="0" status="PASS">
          <params>
            <param index="0">
              <value>
                <![CDATA[[TestResult name=ITS_05_09_002_006 status=SUCCESS method=UpdateUser.ITS_05_09_002_006()[pri:0, instance:TestSuite.UserManagement.UpdateUser@3b2da18f] output={null}]]]>
              </value>
            </param>
            <param index="1">
              <value>
                <![CDATA[public void TestSuite.UserManagement.UpdateUser.ITS_05_09_002_006()]]>
              </value>
            </param>
          </params>
          <reporter-output>
          </reporter-output>
        </test-method> <!-- tearDownGUI -->
        <test-method is-config="true" signature="setUpGUI(java.lang.reflect.Method, java.lang.String)[pri:0, instance:TestSuite.UserManagement.UpdateUser@3b2da18f]" started-at="2020-10-28T09:00:00 ICT" name="setUpGUI" finished-at="2020-10-28T09:00:00 ICT" duration-ms="0" status="PASS">
          <params>
            <param index="0">
              <value>
                <![CDATA[public void TestSuite.UserManagement.UpdateUser.ITS_05_09_002_008() throws java.io.IOException]]>
              </value>
            </param>
            <param index="1">
              <value>
                <![CDATA[Edge]]>
              </value>
            </param>
          </params>
          <reporter-output>
          </reporter-output>
        </test-method> <!-- setUpGUI -->
        <test-method is-config="true" signature="tearDownGUI(org.testng.ITestResult, java.lang.reflect.Method)[pri:0, instance:TestSuite.UserManagement.UpdateUser@3b2da18f]" started-at="2020-10-28T09:00:00 ICT" name="tearDownGUI" finished-at="2020-10-28T09:00:00 ICT" duration-ms="0" status="PASS">
          <params>
            <param index="0">
              <value>
                <![CDATA[[TestResult name=ITS_05_09_002_007 status=SUCCESS method=UpdateUser.ITS_05_09_002_007()[pri:0, instance:TestSuite.UserManagement.UpdateUser@3b2da18f] output={null}]]]>
              </value>
            </param>
            <param index="1">
              <value>
                <![CDATA[public void TestSuite.UserManagement.UpdateUser.ITS_05_09_002_007() throws java.io.IOException]]>
              </value>
            </param>
          </params>
          <reporter-output>
          </reporter-output>
        </test-method> <!-- tearDownGUI -->
        <test-method signature="ITS_05_09_002_008()[pri:0, instance:TestSuite.UserManagement.UpdateUser@3b2da18f]" started-at="2020-10-28T09:00:00 ICT" name="ITS_05_09_002_008" finished-at="2020-10-28T09:00:00 ICT" duration-ms="445" status="PASS">
          <reporter-output>
          </reporter-output>
        </test-method> <!-- ITS_05_09_002_008 -->
        <test-method is-config="true" signature="tearDownGUI(org.testng.ITestResult, java.lang.reflect.Method)[pri:0, instance:TestSuite.UserManagement.UpdateUser@3b2da18f]" started-at="2020-10-28T09:00:00 ICT" name="tearDownGUI" finished-at="2020-10-28T09:00:00 ICT" duration-ms="0" status="PASS">
          <params>
            <param index="0">
              <value>
                <![CDATA[[TestResult name=ITS_05_09_002_008 status=SUCCESS method=UpdateUser.ITS_05_09_002_008()[pri:0, instance:TestSuite.UserManagement.UpdateUser@3b2da18f] output={null}]]]>
              </value>
            </param>
            <param index="1">
              <value>
                <![CDATA[public void TestSuite.UserManagement.UpdateUser.ITS_05_09_002_008() throws java.io.IOException]]>
              </value>
            </param>
          </params>
          <reporter-output>
          </reporter-output>
        </test-method> <!-- tearDownGUI -->
        <test-method is-config="true" signature="setUpUpdateUser(java.lang.reflect.Method, java.lang.String)[pri:0, instance:TestSuite.UserManagement.UpdateUser@3b2da18f]" started-at="2020-10-28T09:00:00 ICT" name="setUpUpdateUser" finished-at="2020-10-28T09:00:23 ICT" duration-ms="23041" status="PASS">
          <params>
            <param index="0">
              <value>
                <![CDATA[public void TestSuite.UserManagement.UpdateUser.ITS_05_09_003_009() throws java.io.IOException]]>
              </value>
            </param>
            <param index="1">
              <value>
                <![CDATA[Edge]]>
              </value>
            </param>
          </params>
          <reporter-output>
          </reporter-output>
        </test-method> <!-- setUpUpdateUser -->
        <test-method signature="ITS_05_09_003_009()[pri:0, instance:TestSuite.UserManagement.UpdateUser@3b2da18f]" started-at="2020-10-28T09:00:23 ICT" name="ITS_05_09_003_009" finished-at="2020-10-28T09:00:30 ICT" duration-ms="6876" status="PASS">
          <reporter-output>
          </reporter-output>
        </test-method> <!-- ITS_05_09_003_009 -->
        <test-method is-config="true" signature="tearDownUpdateUser(org.testng.ITestResult, java.lang.reflect.Method)[pri:0, instance:TestSuite.UserManagement.UpdateUser@3b2da18f]" started-at="2020-10-28T09:00:30 ICT" name="tearDownUpdateUser" finished-at="2020-10-28T09:00:30 ICT" duration-ms="480" status="PASS">
          <params>
            <param index="0">
              <value>
                <![CDATA[[TestResult name=ITS_05_09_003_009 status=SUCCESS method=UpdateUser.ITS_05_09_003_009()[pri:0, instance:TestSuite.UserManagement.UpdateUser@3b2da18f] output={null}]]]>
              </value>
            </param>
            <param index="1">
              <value>
                <![CDATA[public void TestSuite.UserManagement.UpdateUser.ITS_05_09_003_009() throws java.io.IOException]]>
              </value>
            </param>
          </params>
          <reporter-output>
          </reporter-output>
        </test-method> <!-- tearDownUpdateUser -->
        <test-method is-config="true" signature="setUpUpdateUser(java.lang.reflect.Method, java.lang.String)[pri:0, instance:TestSuite.UserManagement.UpdateUser@3b2da18f]" started-at="2020-10-28T09:00:30 ICT" name="setUpUpdateUser" finished-at="2020-10-28T09:00:52 ICT" duration-ms="21600" status="PASS">
          <params>
            <param index="0">
              <value>
                <![CDATA[public void TestSuite.UserManagement.UpdateUser.ITS_05_09_003_010() throws java.io.IOException]]>
              </value>
            </param>
            <param index="1">
              <value>
                <![CDATA[Edge]]>
              </value>
            </param>
          </params>
          <reporter-output>
          </reporter-output>
        </test-method> <!-- setUpUpdateUser -->
        <test-method signature="ITS_05_09_003_010()[pri:0, instance:TestSuite.UserManagement.UpdateUser@3b2da18f]" started-at="2020-10-28T09:00:52 ICT" name="ITS_05_09_003_010" finished-at="2020-10-28T09:00:58 ICT" duration-ms="6277" status="PASS">
          <reporter-output>
          </reporter-output>
        </test-method> <!-- ITS_05_09_003_010 -->
        <test-method is-config="true" signature="tearDownUpdateUser(org.testng.ITestResult, java.lang.reflect.Method)[pri:0, instance:TestSuite.UserManagement.UpdateUser@3b2da18f]" started-at="2020-10-28T09:00:58 ICT" name="tearDownUpdateUser" finished-at="2020-10-28T09:00:59 ICT" duration-ms="349" status="PASS">
          <params>
            <param index="0">
              <value>
                <![CDATA[[TestResult name=ITS_05_09_003_010 status=SUCCESS method=UpdateUser.ITS_05_09_003_010()[pri:0, instance:TestSuite.UserManagement.UpdateUser@3b2da18f] output={null}]]]>
              </value>
            </param>
            <param index="1">
              <value>
                <![CDATA[public void TestSuite.UserManagement.UpdateUser.ITS_05_09_003_010() throws java.io.IOException]]>
              </value>
            </param>
          </params>
          <reporter-output>
          </reporter-output>
        </test-method> <!-- tearDownUpdateUser -->
        <test-method is-config="true" signature="setUpUpdateUser(java.lang.reflect.Method, java.lang.String)[pri:0, instance:TestSuite.UserManagement.UpdateUser@3b2da18f]" started-at="2020-10-28T09:00:59 ICT" name="setUpUpdateUser" finished-at="2020-10-28T09:01:19 ICT" duration-ms="19928" status="PASS">
          <params>
            <param index="0">
              <value>
                <![CDATA[public void TestSuite.UserManagement.UpdateUser.ITS_05_09_003_011() throws java.io.IOException]]>
              </value>
            </param>
            <param index="1">
              <value>
                <![CDATA[Edge]]>
              </value>
            </param>
          </params>
          <reporter-output>
          </reporter-output>
        </test-method> <!-- setUpUpdateUser -->
        <test-method signature="ITS_05_09_003_011()[pri:0, instance:TestSuite.UserManagement.UpdateUser@3b2da18f]" started-at="2020-10-28T09:01:19 ICT" name="ITS_05_09_003_011" finished-at="2020-10-28T09:01:24 ICT" duration-ms="5403" status="PASS">
          <reporter-output>
          </reporter-output>
        </test-method> <!-- ITS_05_09_003_011 -->
        <test-method is-config="true" signature="tearDownUpdateUser(org.testng.ITestResult, java.lang.reflect.Method)[pri:0, instance:TestSuite.UserManagement.UpdateUser@3b2da18f]" started-at="2020-10-28T09:01:24 ICT" name="tearDownUpdateUser" finished-at="2020-10-28T09:01:24 ICT" duration-ms="463" status="PASS">
          <params>
            <param index="0">
              <value>
                <![CDATA[[TestResult name=ITS_05_09_003_011 status=SUCCESS method=UpdateUser.ITS_05_09_003_011()[pri:0, instance:TestSuite.UserManagement.UpdateUser@3b2da18f] output={null}]]]>
              </value>
            </param>
            <param index="1">
              <value>
                <![CDATA[public void TestSuite.UserManagement.UpdateUser.ITS_05_09_003_011() throws java.io.IOException]]>
              </value>
            </param>
          </params>
          <reporter-output>
          </reporter-output>
        </test-method> <!-- tearDownUpdateUser -->
        <test-method is-config="true" signature="setUpUpdateUser(java.lang.reflect.Method, java.lang.String)[pri:0, instance:TestSuite.UserManagement.UpdateUser@3b2da18f]" started-at="2020-10-28T09:01:24 ICT" name="setUpUpdateUser" finished-at="2020-10-28T09:01:46 ICT" duration-ms="21117" status="PASS">
          <params>
            <param index="0">
              <value>
                <![CDATA[public void TestSuite.UserManagement.UpdateUser.ITS_05_09_003_012() throws java.io.IOException]]>
              </value>
            </param>
            <param index="1">
              <value>
                <![CDATA[Edge]]>
              </value>
            </param>
          </params>
          <reporter-output>
          </reporter-output>
        </test-method> <!-- setUpUpdateUser -->
        <test-method signature="ITS_05_09_003_012()[pri:0, instance:TestSuite.UserManagement.UpdateUser@3b2da18f]" started-at="2020-10-28T09:01:46 ICT" name="ITS_05_09_003_012" finished-at="2020-10-28T09:01:53 ICT" duration-ms="6967" status="PASS">
          <reporter-output>
          </reporter-output>
        </test-method> <!-- ITS_05_09_003_012 -->
        <test-method is-config="true" signature="tearDownUpdateUser(org.testng.ITestResult, java.lang.reflect.Method)[pri:0, instance:TestSuite.UserManagement.UpdateUser@3b2da18f]" started-at="2020-10-28T09:01:53 ICT" name="tearDownUpdateUser" finished-at="2020-10-28T09:01:53 ICT" duration-ms="456" status="PASS">
          <params>
            <param index="0">
              <value>
                <![CDATA[[TestResult name=ITS_05_09_003_012 status=SUCCESS method=UpdateUser.ITS_05_09_003_012()[pri:0, instance:TestSuite.UserManagement.UpdateUser@3b2da18f] output={null}]]]>
              </value>
            </param>
            <param index="1">
              <value>
                <![CDATA[public void TestSuite.UserManagement.UpdateUser.ITS_05_09_003_012() throws java.io.IOException]]>
              </value>
            </param>
          </params>
          <reporter-output>
          </reporter-output>
        </test-method> <!-- tearDownUpdateUser -->
        <test-method is-config="true" signature="setUpUpdateUser(java.lang.reflect.Method, java.lang.String)[pri:0, instance:TestSuite.UserManagement.UpdateUser@3b2da18f]" started-at="2020-10-28T09:01:53 ICT" name="setUpUpdateUser" finished-at="2020-10-28T09:02:14 ICT" duration-ms="20760" status="PASS">
          <params>
            <param index="0">
              <value>
                <![CDATA[public void TestSuite.UserManagement.UpdateUser.ITS_05_09_003_013() throws java.io.IOException]]>
              </value>
            </param>
            <param index="1">
              <value>
                <![CDATA[Edge]]>
              </value>
            </param>
          </params>
          <reporter-output>
          </reporter-output>
        </test-method> <!-- setUpUpdateUser -->
        <test-method signature="ITS_05_09_003_013()[pri:0, instance:TestSuite.UserManagement.UpdateUser@3b2da18f]" started-at="2020-10-28T09:02:14 ICT" name="ITS_05_09_003_013" finished-at="2020-10-28T09:02:24 ICT" duration-ms="10482" status="PASS">
          <reporter-output>
          </reporter-output>
        </test-method> <!-- ITS_05_09_003_013 -->
        <test-method is-config="true" signature="tearDownUpdateUser(org.testng.ITestResult, java.lang.reflect.Method)[pri:0, instance:TestSuite.UserManagement.UpdateUser@3b2da18f]" started-at="2020-10-28T09:02:24 ICT" name="tearDownUpdateUser" finished-at="2020-10-28T09:02:25 ICT" duration-ms="394" status="PASS">
          <params>
            <param index="0">
              <value>
                <![CDATA[[TestResult name=ITS_05_09_003_013 status=SUCCESS method=UpdateUser.ITS_05_09_003_013()[pri:0, instance:TestSuite.UserManagement.UpdateUser@3b2da18f] output={null}]]]>
              </value>
            </param>
            <param index="1">
              <value>
                <![CDATA[public void TestSuite.UserManagement.UpdateUser.ITS_05_09_003_013() throws java.io.IOException]]>
              </value>
            </param>
          </params>
          <reporter-output>
          </reporter-output>
        </test-method> <!-- tearDownUpdateUser -->
        <test-method is-config="true" signature="setUpUpdateUser(java.lang.reflect.Method, java.lang.String)[pri:0, instance:TestSuite.UserManagement.UpdateUser@3b2da18f]" started-at="2020-10-28T09:02:25 ICT" name="setUpUpdateUser" finished-at="2020-10-28T09:02:46 ICT" duration-ms="21260" status="PASS">
          <params>
            <param index="0">
              <value>
                <![CDATA[public void TestSuite.UserManagement.UpdateUser.ITS_05_09_003_018() throws java.io.IOException]]>
              </value>
            </param>
            <param index="1">
              <value>
                <![CDATA[Edge]]>
              </value>
            </param>
          </params>
          <reporter-output>
          </reporter-output>
        </test-method> <!-- setUpUpdateUser -->
        <test-method signature="ITS_05_09_003_018()[pri:0, instance:TestSuite.UserManagement.UpdateUser@3b2da18f]" started-at="2020-10-28T09:02:46 ICT" name="ITS_05_09_003_018" finished-at="2020-10-28T09:02:54 ICT" duration-ms="8533" status="PASS">
          <reporter-output>
          </reporter-output>
        </test-method> <!-- ITS_05_09_003_018 -->
        <test-method is-config="true" signature="tearDownUpdateUser(org.testng.ITestResult, java.lang.reflect.Method)[pri:0, instance:TestSuite.UserManagement.UpdateUser@3b2da18f]" started-at="2020-10-28T09:02:54 ICT" name="tearDownUpdateUser" finished-at="2020-10-28T09:02:55 ICT" duration-ms="607" status="PASS">
          <params>
            <param index="0">
              <value>
                <![CDATA[[TestResult name=ITS_05_09_003_018 status=SUCCESS method=UpdateUser.ITS_05_09_003_018()[pri:0, instance:TestSuite.UserManagement.UpdateUser@3b2da18f] output={null}]]]>
              </value>
            </param>
            <param index="1">
              <value>
                <![CDATA[public void TestSuite.UserManagement.UpdateUser.ITS_05_09_003_018() throws java.io.IOException]]>
              </value>
            </param>
          </params>
          <reporter-output>
          </reporter-output>
        </test-method> <!-- tearDownUpdateUser -->
        <test-method is-config="true" signature="setUpUpdateUser(java.lang.reflect.Method, java.lang.String)[pri:0, instance:TestSuite.UserManagement.UpdateUser@3b2da18f]" started-at="2020-10-28T09:02:55 ICT" name="setUpUpdateUser" finished-at="2020-10-28T09:03:17 ICT" duration-ms="22441" status="PASS">
          <params>
            <param index="0">
              <value>
                <![CDATA[public void TestSuite.UserManagement.UpdateUser.ITS_05_09_003_022() throws java.io.IOException]]>
              </value>
            </param>
            <param index="1">
              <value>
                <![CDATA[Edge]]>
              </value>
            </param>
          </params>
          <reporter-output>
          </reporter-output>
        </test-method> <!-- setUpUpdateUser -->
        <test-method signature="ITS_05_09_003_022()[pri:0, instance:TestSuite.UserManagement.UpdateUser@3b2da18f]" started-at="2020-10-28T09:03:17 ICT" name="ITS_05_09_003_022" finished-at="2020-10-28T09:03:32 ICT" duration-ms="14418" status="FAIL">
          <exception class="java.lang.AssertionError">
            <message>
              <![CDATA[Element with locator By.xpath: .//a[(text()='????????')] doesn't exist]]>
            </message>
            <full-stacktrace>
              <![CDATA[java.lang.AssertionError: Element with locator By.xpath: .//a[(text()='????????')] doesn't exist
at org.testng.Assert.fail(Assert.java:97)
at Common.Utilities.assertElementVisible(Utilities.java:373)
at TestSuite.UserManagement.UpdateUser.ITS_05_09_003_022(UpdateUser.java:254)
at java.base/jdk.internal.reflect.NativeMethodAccessorImpl.invoke0(Native Method)
at java.base/jdk.internal.reflect.NativeMethodAccessorImpl.invoke(NativeMethodAccessorImpl.java:62)
at java.base/jdk.internal.reflect.DelegatingMethodAccessorImpl.invoke(DelegatingMethodAccessorImpl.java:43)
at java.base/java.lang.reflect.Method.invoke(Method.java:564)
at org.testng.internal.MethodInvocationHelper.invokeMethod(MethodInvocationHelper.java:131)
at org.testng.internal.Invoker.invokeMethod(Invoker.java:687)
at org.testng.internal.Invoker.invokeTestMethod(Invoker.java:821)
at org.testng.internal.Invoker.invokeTestMethods(Invoker.java:1128)
at org.testng.internal.TestMethodWorker.invokeTestMethods(TestMethodWorker.java:140)
at org.testng.internal.TestMethodWorker.run(TestMethodWorker.java:122)
at org.testng.TestRunner.privateRun(TestRunner.java:724)
at org.testng.TestRunner.run(TestRunner.java:574)
at org.testng.SuiteRunner.runTest(SuiteRunner.java:398)
at org.testng.SuiteRunner.runSequentially(SuiteRunner.java:392)
at org.testng.SuiteRunner.privateRun(SuiteRunner.java:354)
at org.testng.SuiteRunner.run(SuiteRunner.java:302)
at org.testng.SuiteRunnerWorker.runSuite(SuiteRunnerWorker.java:53)
at org.testng.SuiteRunnerWorker.run(SuiteRunnerWorker.java:96)
at org.testng.TestNG.runSuitesSequentially(TestNG.java:1142)
at org.testng.TestNG.runSuitesLocally(TestNG.java:1064)
at org.testng.TestNG.runSuites(TestNG.java:994)
at org.testng.TestNG.run(TestNG.java:962)
at org.testng.remote.AbstractRemoteTestNG.run(AbstractRemoteTestNG.java:115)
at org.testng.remote.RemoteTestNG.initAndRun(RemoteTestNG.java:251)
at org.testng.remote.RemoteTestNG.main(RemoteTestNG.java:77)
]]>
            </full-stacktrace>
          </exception> <!-- java.lang.AssertionError -->
          <reporter-output>
          </reporter-output>
        </test-method> <!-- ITS_05_09_003_022 -->
        <test-method is-config="true" signature="tearDownUpdateUser(org.testng.ITestResult, java.lang.reflect.Method)[pri:0, instance:TestSuite.UserManagement.UpdateUser@3b2da18f]" started-at="2020-10-28T09:03:32 ICT" name="tearDownUpdateUser" finished-at="2020-10-28T09:03:33 ICT" duration-ms="765" status="PASS">
          <params>
            <param index="0">
              <value>
                <![CDATA[[TestResult name=ITS_05_09_003_022 status=FAILURE method=UpdateUser.ITS_05_09_003_022()[pri:0, instance:TestSuite.UserManagement.UpdateUser@3b2da18f] output={null}]]]>
              </value>
            </param>
            <param index="1">
              <value>
                <![CDATA[public void TestSuite.UserManagement.UpdateUser.ITS_05_09_003_022() throws java.io.IOException]]>
              </value>
            </param>
          </params>
          <reporter-output>
          </reporter-output>
        </test-method> <!-- tearDownUpdateUser -->
        <test-method is-config="true" signature="tearDown()[pri:0, instance:TestSuite.UserManagement.UpdateUser@3b2da18f]" started-at="2020-10-28T09:03:33 ICT" name="tearDown" finished-at="2020-10-28T09:03:33 ICT" duration-ms="0" status="PASS">
          <reporter-output>
          </reporter-output>
        </test-method> <!-- tearDown -->
        <test-method is-config="true" signature="afterClass()[pri:0, instance:TestSuite.UserManagement.UpdateUser@3b2da18f]" started-at="2020-10-28T09:03:33 ICT" name="afterClass" finished-at="2020-10-28T09:03:33 ICT" duration-ms="0" status="PASS">
          <reporter-output>
          </reporter-output>
        </test-method> <!-- afterClass -->
      </class> <!-- TestSuite.UserManagement.UpdateUser -->
      <class name="TestSuite.UserManagement.ShowUserManagement">
        <test-method is-config="true" signature="beforeSuite()[pri:0, instance:TestSuite.UserManagement.ShowUserManagement@7920ba90]" started-at="2020-10-28T08:45:16 ICT" name="beforeSuite" finished-at="2020-10-28T08:45:16 ICT" duration-ms="13" status="PASS">
          <reporter-output>
          </reporter-output>
        </test-method> <!-- beforeSuite -->
        <test-method is-config="true" signature="beforeClass()[pri:0, instance:TestSuite.UserManagement.ShowUserManagement@7920ba90]" started-at="2020-10-28T08:45:16 ICT" name="beforeClass" finished-at="2020-10-28T08:45:17 ICT" duration-ms="134" status="PASS">
          <reporter-output>
          </reporter-output>
        </test-method> <!-- beforeClass -->
        <test-method is-config="true" signature="setUp(java.lang.String)[pri:0, instance:TestSuite.UserManagement.ShowUserManagement@7920ba90]" started-at="2020-10-28T08:45:17 ICT" name="setUp" finished-at="2020-10-28T08:45:30 ICT" duration-ms="13210" status="PASS">
          <params>
            <param index="0">
              <value>
                <![CDATA[Edge]]>
              </value>
            </param>
          </params>
          <reporter-output>
          </reporter-output>
        </test-method> <!-- setUp -->
        <test-method is-config="true" signature="setUpMethod(java.lang.reflect.Method, java.lang.String)[pri:0, instance:TestSuite.UserManagement.ShowUserManagement@7920ba90]" started-at="2020-10-28T08:45:30 ICT" name="setUpMethod" finished-at="2020-10-28T08:45:30 ICT" duration-ms="1" status="PASS">
          <params>
            <param index="0">
              <value>
                <![CDATA[public void TestSuite.UserManagement.ShowUserManagement.ITS_05_09_001_001() throws java.io.IOException]]>
              </value>
            </param>
            <param index="1">
              <value>
                <![CDATA[Edge]]>
              </value>
            </param>
          </params>
          <reporter-output>
          </reporter-output>
        </test-method> <!-- setUpMethod -->
        <test-method signature="ITS_05_09_001_001()[pri:0, instance:TestSuite.UserManagement.ShowUserManagement@7920ba90]" started-at="2020-10-28T08:45:30 ICT" name="ITS_05_09_001_001" finished-at="2020-10-28T08:45:34 ICT" duration-ms="3666" status="PASS">
          <reporter-output>
          </reporter-output>
        </test-method> <!-- ITS_05_09_001_001 -->
        <test-method is-config="true" signature="tearDownMethod(org.testng.ITestResult, java.lang.reflect.Method)[pri:0, instance:TestSuite.UserManagement.ShowUserManagement@7920ba90]" started-at="2020-10-28T08:45:34 ICT" name="tearDownMethod" finished-at="2020-10-28T08:45:34 ICT" duration-ms="1" status="PASS">
          <params>
            <param index="0">
              <value>
                <![CDATA[[TestResult name=ITS_05_09_001_001 status=SUCCESS method=ShowUserManagement.ITS_05_09_001_001()[pri:0, instance:TestSuite.UserManagement.ShowUserManagement@7920ba90] output={null}]]]>
              </value>
            </param>
            <param index="1">
              <value>
                <![CDATA[public void TestSuite.UserManagement.ShowUserManagement.ITS_05_09_001_001() throws java.io.IOException]]>
              </value>
            </param>
          </params>
          <reporter-output>
          </reporter-output>
        </test-method> <!-- tearDownMethod -->
        <test-method is-config="true" signature="setUpMethod(java.lang.reflect.Method, java.lang.String)[pri:0, instance:TestSuite.UserManagement.ShowUserManagement@7920ba90]" started-at="2020-10-28T08:45:34 ICT" name="setUpMethod" finished-at="2020-10-28T08:45:34 ICT" duration-ms="0" status="PASS">
          <params>
            <param index="0">
              <value>
                <![CDATA[public void TestSuite.UserManagement.ShowUserManagement.ITS_05_09_001_002() throws java.io.IOException]]>
              </value>
            </param>
            <param index="1">
              <value>
                <![CDATA[Edge]]>
              </value>
            </param>
          </params>
          <reporter-output>
          </reporter-output>
        </test-method> <!-- setUpMethod -->
        <test-method signature="ITS_05_09_001_002()[pri:0, instance:TestSuite.UserManagement.ShowUserManagement@7920ba90]" started-at="2020-10-28T08:45:34 ICT" name="ITS_05_09_001_002" finished-at="2020-10-28T08:45:37 ICT" duration-ms="3004" status="PASS">
          <reporter-output>
          </reporter-output>
        </test-method> <!-- ITS_05_09_001_002 -->
        <test-method is-config="true" signature="tearDownMethod(org.testng.ITestResult, java.lang.reflect.Method)[pri:0, instance:TestSuite.UserManagement.ShowUserManagement@7920ba90]" started-at="2020-10-28T08:45:37 ICT" name="tearDownMethod" finished-at="2020-10-28T08:45:37 ICT" duration-ms="0" status="PASS">
          <params>
            <param index="0">
              <value>
                <![CDATA[[TestResult name=ITS_05_09_001_002 status=SUCCESS method=ShowUserManagement.ITS_05_09_001_002()[pri:0, instance:TestSuite.UserManagement.ShowUserManagement@7920ba90] output={null}]]]>
              </value>
            </param>
            <param index="1">
              <value>
                <![CDATA[public void TestSuite.UserManagement.ShowUserManagement.ITS_05_09_001_002() throws java.io.IOException]]>
              </value>
            </param>
          </params>
          <reporter-output>
          </reporter-output>
        </test-method> <!-- tearDownMethod -->
        <test-method is-config="true" signature="setUpMethod(java.lang.reflect.Method, java.lang.String)[pri:0, instance:TestSuite.UserManagement.ShowUserManagement@7920ba90]" started-at="2020-10-28T08:45:37 ICT" name="setUpMethod" finished-at="2020-10-28T08:45:37 ICT" duration-ms="0" status="PASS">
          <params>
            <param index="0">
              <value>
                <![CDATA[public void TestSuite.UserManagement.ShowUserManagement.ITS_05_09_001_003() throws java.io.IOException]]>
              </value>
            </param>
            <param index="1">
              <value>
                <![CDATA[Edge]]>
              </value>
            </param>
          </params>
          <reporter-output>
          </reporter-output>
        </test-method> <!-- setUpMethod -->
        <test-method signature="ITS_05_09_001_003()[pri:0, instance:TestSuite.UserManagement.ShowUserManagement@7920ba90]" started-at="2020-10-28T08:45:37 ICT" name="ITS_05_09_001_003" finished-at="2020-10-28T08:45:37 ICT" duration-ms="702" status="PASS">
          <reporter-output>
          </reporter-output>
        </test-method> <!-- ITS_05_09_001_003 -->
        <test-method is-config="true" signature="setUpMethod(java.lang.reflect.Method, java.lang.String)[pri:0, instance:TestSuite.UserManagement.ShowUserManagement@7920ba90]" started-at="2020-10-28T08:45:37 ICT" name="setUpMethod" finished-at="2020-10-28T08:45:37 ICT" duration-ms="0" status="PASS">
          <params>
            <param index="0">
              <value>
                <![CDATA[public void TestSuite.UserManagement.ShowUserManagement.ITS_05_09_001_004() throws java.io.IOException]]>
              </value>
            </param>
            <param index="1">
              <value>
                <![CDATA[Edge]]>
              </value>
            </param>
          </params>
          <reporter-output>
          </reporter-output>
        </test-method> <!-- setUpMethod -->
        <test-method is-config="true" signature="tearDownMethod(org.testng.ITestResult, java.lang.reflect.Method)[pri:0, instance:TestSuite.UserManagement.ShowUserManagement@7920ba90]" started-at="2020-10-28T08:45:37 ICT" name="tearDownMethod" finished-at="2020-10-28T08:45:37 ICT" duration-ms="0" status="PASS">
          <params>
            <param index="0">
              <value>
                <![CDATA[[TestResult name=ITS_05_09_001_003 status=SUCCESS method=ShowUserManagement.ITS_05_09_001_003()[pri:0, instance:TestSuite.UserManagement.ShowUserManagement@7920ba90] output={null}]]]>
              </value>
            </param>
            <param index="1">
              <value>
                <![CDATA[public void TestSuite.UserManagement.ShowUserManagement.ITS_05_09_001_003() throws java.io.IOException]]>
              </value>
            </param>
          </params>
          <reporter-output>
          </reporter-output>
        </test-method> <!-- tearDownMethod -->
        <test-method signature="ITS_05_09_001_004()[pri:0, instance:TestSuite.UserManagement.ShowUserManagement@7920ba90]" started-at="2020-10-28T08:45:37 ICT" name="ITS_05_09_001_004" finished-at="2020-10-28T08:45:38 ICT" duration-ms="713" status="PASS">
          <reporter-output>
          </reporter-output>
        </test-method> <!-- ITS_05_09_001_004 -->
        <test-method is-config="true" signature="tearDownMethod(org.testng.ITestResult, java.lang.reflect.Method)[pri:0, instance:TestSuite.UserManagement.ShowUserManagement@7920ba90]" started-at="2020-10-28T08:45:38 ICT" name="tearDownMethod" finished-at="2020-10-28T08:45:38 ICT" duration-ms="0" status="PASS">
          <params>
            <param index="0">
              <value>
                <![CDATA[[TestResult name=ITS_05_09_001_004 status=SUCCESS method=ShowUserManagement.ITS_05_09_001_004()[pri:0, instance:TestSuite.UserManagement.ShowUserManagement@7920ba90] output={null}]]]>
              </value>
            </param>
            <param index="1">
              <value>
                <![CDATA[public void TestSuite.UserManagement.ShowUserManagement.ITS_05_09_001_004() throws java.io.IOException]]>
              </value>
            </param>
          </params>
          <reporter-output>
          </reporter-output>
        </test-method> <!-- tearDownMethod -->
[...]
              </value>
            </param>
            <param index="1">
              <value>
                <![CDATA[public void TestSuite.UserManagement.AddUser.ITS_05_09_002_033() throws java.io.IOException]]>
              </value>
            </param>
          </params>
          <reporter-output>
          </reporter-output>
        </test-method> <!-- tearDownAddUser -->
        <test-method is-config="true" signature="setUpAddUser(java.lang.reflect.Method, java.lang.String)[pri:0, instance:TestSuite.UserManagement.AddUser@6b419da]" started-at="2020-10-28T08:58:53 ICT" name="setUpAddUser" finished-at="2020-10-28T08:59:01 ICT" duration-ms="8147" status="PASS">
          <params>
            <param index="0">
              <value>
                <![CDATA[public void TestSuite.UserManagement.AddUser.ITS_05_09_002_034() throws java.io.IOException]]>
              </value>
            </param>
            <param index="1">
              <value>
                <![CDATA[Edge]]>
              </value>
            </param>
          </params>
          <reporter-output>
          </reporter-output>
        </test-method> <!-- setUpAddUser -->
        <test-method signature="ITS_05_09_002_034()[pri:0, instance:TestSuite.UserManagement.AddUser@6b419da]" started-at="2020-10-28T08:59:01 ICT" name="ITS_05_09_002_034" finished-at="2020-10-28T08:59:11 ICT" duration-ms="9814" status="PASS">
          <reporter-output>
          </reporter-output>
        </test-method> <!-- ITS_05_09_002_034 -->
        <test-method is-config="true" signature="tearDownAddUser(org.testng.ITestResult, java.lang.reflect.Method)[pri:0, instance:TestSuite.UserManagement.AddUser@6b419da]" started-at="2020-10-28T08:59:11 ICT" name="tearDownAddUser" finished-at="2020-10-28T08:59:11 ICT" duration-ms="348" status="PASS">
          <params>
            <param index="0">
              <value>
                <![CDATA[[TestResult name=ITS_05_09_002_034 status=SUCCESS method=AddUser.ITS_05_09_002_034()[pri:0, instance:TestSuite.UserManagement.AddUser@6b419da] output={null}]]]>
              </value>
            </param>
            <param index="1">
              <value>
                <![CDATA[public void TestSuite.UserManagement.AddUser.ITS_05_09_002_034() throws java.io.IOException]]>
              </value>
            </param>
          </params>
          <reporter-output>
          </reporter-output>
        </test-method> <!-- tearDownAddUser -->
        <test-method is-config="true" signature="setUpAddUser(java.lang.reflect.Method, java.lang.String)[pri:0, instance:TestSuite.UserManagement.AddUser@6b419da]" started-at="2020-10-28T08:59:11 ICT" name="setUpAddUser" finished-at="2020-10-28T08:59:21 ICT" duration-ms="9248" status="PASS">
          <params>
            <param index="0">
              <value>
                <![CDATA[public void TestSuite.UserManagement.AddUser.ITS_05_09_002_035() throws java.io.IOException]]>
              </value>
            </param>
            <param index="1">
              <value>
                <![CDATA[Edge]]>
              </value>
            </param>
          </params>
          <reporter-output>
          </reporter-output>
        </test-method> <!-- setUpAddUser -->
        <test-method signature="ITS_05_09_002_035()[pri:0, instance:TestSuite.UserManagement.AddUser@6b419da]" started-at="2020-10-28T08:59:21 ICT" name="ITS_05_09_002_035" finished-at="2020-10-28T08:59:24 ICT" duration-ms="3474" status="PASS">
          <reporter-output>
          </reporter-output>
        </test-method> <!-- ITS_05_09_002_035 -->
        <test-method is-config="true" signature="tearDownAddUser(org.testng.ITestResult, java.lang.reflect.Method)[pri:0, instance:TestSuite.UserManagement.AddUser@6b419da]" started-at="2020-10-28T08:59:24 ICT" name="tearDownAddUser" finished-at="2020-10-28T08:59:24 ICT" duration-ms="367" status="PASS">
          <params>
            <param index="0">
              <value>
                <![CDATA[[TestResult name=ITS_05_09_002_035 status=SUCCESS method=AddUser.ITS_05_09_002_035()[pri:0, instance:TestSuite.UserManagement.AddUser@6b419da] output={null}]]]>
              </value>
            </param>
            <param index="1">
              <value>
                <![CDATA[public void TestSuite.UserManagement.AddUser.ITS_05_09_002_035() throws java.io.IOException]]>
              </value>
            </param>
          </params>
          <reporter-output>
          </reporter-output>
        </test-method> <!-- tearDownAddUser -->
        <test-method is-config="true" signature="tearDown()[pri:0, instance:TestSuite.UserManagement.AddUser@6b419da]" started-at="2020-10-28T08:59:24 ICT" name="tearDown" finished-at="2020-10-28T08:59:24 ICT" duration-ms="0" status="PASS">
          <reporter-output>
          </reporter-output>
        </test-method> <!-- tearDown -->
        <test-method is-config="true" signature="afterClass()[pri:0, instance:TestSuite.UserManagement.AddUser@6b419da]" started-at="2020-10-28T08:59:24 ICT" name="afterClass" finished-at="2020-10-28T08:59:24 ICT" duration-ms="1" status="PASS">
          <reporter-output>
          </reporter-output>
        </test-method> <!-- afterClass -->
      </class> <!-- TestSuite.UserManagement.AddUser -->
      <class name="TestSuite.UserManagement.ImportUser">
        <test-method is-config="true" signature="beforeClass()[pri:0, instance:TestSuite.UserManagement.ImportUser@258e2e41]" started-at="2020-10-28T09:04:23 ICT" name="beforeClass" finished-at="2020-10-28T09:04:23 ICT" duration-ms="22" status="PASS">
          <reporter-output>
          </reporter-output>
        </test-method> <!-- beforeClass -->
        <test-method is-config="true" signature="setUp(java.lang.String)[pri:0, instance:TestSuite.UserManagement.ImportUser@258e2e41]" started-at="2020-10-28T09:04:23 ICT" name="setUp" finished-at="2020-10-28T09:04:33 ICT" duration-ms="9554" status="PASS">
          <params>
            <param index="0">
              <value>
                <![CDATA[Edge]]>
              </value>
            </param>
          </params>
          <reporter-output>
          </reporter-output>
        </test-method> <!-- setUp -->
        <test-method is-config="true" signature="setUpMethod(java.lang.reflect.Method, java.lang.String)[pri:0, instance:TestSuite.UserManagement.ImportUser@258e2e41]" started-at="2020-10-28T09:04:33 ICT" name="setUpMethod" finished-at="2020-10-28T09:04:35 ICT" duration-ms="1995" status="PASS">
          <params>
            <param index="0">
              <value>
                <![CDATA[public void TestSuite.UserManagement.ImportUser.ITS_05_09_006_001()]]>
              </value>
            </param>
            <param index="1">
              <value>
                <![CDATA[Edge]]>
              </value>
            </param>
          </params>
          <reporter-output>
          </reporter-output>
        </test-method> <!-- setUpMethod -->
        <test-method signature="ITS_05_09_006_001()[pri:1, instance:TestSuite.UserManagement.ImportUser@258e2e41]" started-at="2020-10-28T09:04:35 ICT" name="ITS_05_09_006_001" finished-at="2020-10-28T09:04:35 ICT" duration-ms="451" status="PASS">
          <reporter-output>
          </reporter-output>
        </test-method> <!-- ITS_05_09_006_001 -->
        <test-method is-config="true" signature="tearDownGUI(org.testng.ITestResult, java.lang.reflect.Method)[pri:0, instance:TestSuite.UserManagement.ImportUser@258e2e41]" started-at="2020-10-28T09:04:35 ICT" name="tearDownGUI" finished-at="2020-10-28T09:04:35 ICT" duration-ms="0" status="PASS">
          <params>
            <param index="0">
              <value>
                <![CDATA[[TestResult name=ITS_05_09_006_001 status=SUCCESS method=ImportUser.ITS_05_09_006_001()[pri:1, instance:TestSuite.UserManagement.ImportUser@258e2e41] output={null}]]]>
              </value>
            </param>
            <param index="1">
              <value>
                <![CDATA[public void TestSuite.UserManagement.ImportUser.ITS_05_09_006_001()]]>
              </value>
            </param>
          </params>
          <reporter-output>
          </reporter-output>
        </test-method> <!-- tearDownGUI -->
        <test-method is-config="true" signature="setUpMethod(java.lang.reflect.Method, java.lang.String)[pri:0, instance:TestSuite.UserManagement.ImportUser@258e2e41]" started-at="2020-10-28T09:04:43 ICT" name="setUpMethod" finished-at="2020-10-28T09:04:43 ICT" duration-ms="0" status="PASS">
          <params>
            <param index="0">
              <value>
                <![CDATA[public void TestSuite.UserManagement.ImportUser.ITS_05_09_006_002()]]>
              </value>
            </param>
            <param index="1">
              <value>
                <![CDATA[Edge]]>
              </value>
            </param>
          </params>
          <reporter-output>
          </reporter-output>
        </test-method> <!-- setUpMethod -->
        <test-method signature="ITS_05_09_006_002()[pri:2, instance:TestSuite.UserManagement.ImportUser@258e2e41]" started-at="2020-10-28T09:04:43 ICT" name="ITS_05_09_006_002" finished-at="2020-10-28T09:04:44 ICT" duration-ms="877" status="PASS">
          <reporter-output>
          </reporter-output>
        </test-method> <!-- ITS_05_09_006_002 -->
        <test-method is-config="true" signature="tearDownGUI(org.testng.ITestResult, java.lang.reflect.Method)[pri:0, instance:TestSuite.UserManagement.ImportUser@258e2e41]" started-at="2020-10-28T09:04:44 ICT" name="tearDownGUI" finished-at="2020-10-28T09:04:44 ICT" duration-ms="0" status="PASS">
          <params>
            <param index="0">
              <value>
                <![CDATA[[TestResult name=ITS_05_09_006_002 status=SUCCESS method=ImportUser.ITS_05_09_006_002()[pri:2, instance:TestSuite.UserManagement.ImportUser@258e2e41] output={null}]]]>
              </value>
            </param>
            <param index="1">
              <value>
                <![CDATA[public void TestSuite.UserManagement.ImportUser.ITS_05_09_006_002()]]>
              </value>
            </param>
          </params>
          <reporter-output>
          </reporter-output>
        </test-method> <!-- tearDownGUI -->
        <test-method signature="ITS_05_09_006_003()[pri:3, instance:TestSuite.UserManagement.ImportUser@258e2e41]" started-at="2020-10-28T09:04:44 ICT" name="ITS_05_09_006_003" finished-at="2020-10-28T09:04:46 ICT" duration-ms="1388" status="PASS">
          <reporter-output>
          </reporter-output>
        </test-method> <!-- ITS_05_09_006_003 -->
        <test-method is-config="true" signature="setUpMethod(java.lang.reflect.Method, java.lang.String)[pri:0, instance:TestSuite.UserManagement.ImportUser@258e2e41]" started-at="2020-10-28T09:04:44 ICT" name="setUpMethod" finished-at="2020-10-28T09:04:44 ICT" duration-ms="0" status="PASS">
          <params>
            <param index="0">
              <value>
                <![CDATA[public void TestSuite.UserManagement.ImportUser.ITS_05_09_006_003()]]>
              </value>
            </param>
            <param index="1">
              <value>
                <![CDATA[Edge]]>
              </value>
            </param>
          </params>
          <reporter-output>
          </reporter-output>
        </test-method> <!-- setUpMethod -->
        <test-method is-config="true" signature="tearDownGUI(org.testng.ITestResult, java.lang.reflect.Method)[pri:0, instance:TestSuite.UserManagement.ImportUser@258e2e41]" started-at="2020-10-28T09:04:46 ICT" name="tearDownGUI" finished-at="2020-10-28T09:04:46 ICT" duration-ms="0" status="PASS">
          <params>
            <param index="0">
              <value>
                <![CDATA[[TestResult name=ITS_05_09_006_003 status=SUCCESS method=ImportUser.ITS_05_09_006_003()[pri:3, instance:TestSuite.UserManagement.ImportUser@258e2e41] output={null}]]]>
              </value>
            </param>
            <param index="1">
              <value>
                <![CDATA[public void TestSuite.UserManagement.ImportUser.ITS_05_09_006_003()]]>
              </value>
            </param>
          </params>
          <reporter-output>
          </reporter-output>
        </test-method> <!-- tearDownGUI -->
        <test-method is-config="true" signature="setUpMethod(java.lang.reflect.Method, java.lang.String)[pri:0, instance:TestSuite.UserManagement.ImportUser@258e2e41]" started-at="2020-10-28T09:04:46 ICT" name="setUpMethod" finished-at="2020-10-28T09:04:48 ICT" duration-ms="2156" status="PASS">
          <params>
            <param index="0">
              <value>
                <![CDATA[public void TestSuite.UserManagement.ImportUser.ITS_05_09_006_004()]]>
              </value>
            </param>
            <param index="1">
              <value>
                <![CDATA[Edge]]>
              </value>
            </param>
          </params>
          <reporter-output>
          </reporter-output>
        </test-method> <!-- setUpMethod -->
        <test-method signature="ITS_05_09_006_004()[pri:4, instance:TestSuite.UserManagement.ImportUser@258e2e41]" started-at="2020-10-28T09:04:48 ICT" name="ITS_05_09_006_004" finished-at="2020-10-28T09:04:53 ICT" duration-ms="4896" status="FAIL">
          <exception class="java.lang.AssertionError">
            <message>
              <![CDATA[By.xpath: //div[(contains(@style,'display: block'))]//*[@class='modal-content']//*[@id='txt_selected_file']is not visible did not expect to find [true] but found [false]]]>
            </message>
            <full-stacktrace>
              <![CDATA[java.lang.AssertionError: By.xpath: //div[(contains(@style,'display: block'))]//*[@class='modal-content']//*[@id='txt_selected_file']is not visible did not expect to find [true] but found [false]
at org.testng.Assert.fail(Assert.java:97)
at org.testng.Assert.failNotEquals(Assert.java:969)
at org.testng.Assert.assertEqualsImpl(Assert.java:136)
at org.testng.Assert.assertEquals(Assert.java:118)
at org.testng.Assert.assertEquals(Assert.java:751)
at Common.Utilities.assertTextValueVisible(Utilities.java:418)
at TestSuite.UserManagement.ImportUser.ITS_05_09_006_004(ImportUser.java:85)
at java.base/jdk.internal.reflect.NativeMethodAccessorImpl.invoke0(Native Method)
at java.base/jdk.internal.reflect.NativeMethodAccessorImpl.invoke(NativeMethodAccessorImpl.java:62)
at java.base/jdk.internal.reflect.DelegatingMethodAccessorImpl.invoke(DelegatingMethodAccessorImpl.java:43)
at java.base/java.lang.reflect.Method.invoke(Method.java:564)
at org.testng.internal.MethodInvocationHelper.invokeMethod(MethodInvocationHelper.java:131)
at org.testng.internal.Invoker.invokeMethod(Invoker.java:687)
at org.testng.internal.Invoker.invokeTestMethod(Invoker.java:821)
at org.testng.internal.Invoker.invokeTestMethods(Invoker.java:1128)
at org.testng.internal.TestMethodWorker.invokeTestMethods(TestMethodWorker.java:140)
at org.testng.internal.TestMethodWorker.run(TestMethodWorker.java:122)
at org.testng.TestRunner.privateRun(TestRunner.java:724)
at org.testng.TestRunner.run(TestRunner.java:574)
at org.testng.SuiteRunner.runTest(SuiteRunner.java:398)
at org.testng.SuiteRunner.runSequentially(SuiteRunner.java:392)
at org.testng.SuiteRunner.privateRun(SuiteRunner.java:354)
at org.testng.SuiteRunner.run(SuiteRunner.java:302)
at org.testng.SuiteRunnerWorker.runSuite(SuiteRunnerWorker.java:53)
at org.testng.SuiteRunnerWorker.run(SuiteRunnerWorker.java:96)
at org.testng.TestNG.runSuitesSequentially(TestNG.java:1142)
at org.testng.TestNG.runSuitesLocally(TestNG.java:1064)
at org.testng.TestNG.runSuites(TestNG.java:994)
at org.testng.TestNG.run(TestNG.java:962)
at org.testng.remote.AbstractRemoteTestNG.run(AbstractRemoteTestNG.java:115)
at org.testng.remote.RemoteTestNG.initAndRun(RemoteTestNG.java:251)
at org.testng.remote.RemoteTestNG.main(RemoteTestNG.java:77)
]]>
            </full-stacktrace>
          </exception> <!-- java.lang.AssertionError -->
          <reporter-output>
          </reporter-output>
        </test-method> <!-- ITS_05_09_006_004 -->
        <test-method is-config="true" signature="tearDownGUI(org.testng.ITestResult, java.lang.reflect.Method)[pri:0, instance:TestSuite.UserManagement.ImportUser@258e2e41]" started-at="2020-10-28T09:04:53 ICT" name="tearDownGUI" finished-at="2020-10-28T09:04:53 ICT" duration-ms="197" status="PASS">
          <params>
            <param index="0">
              <value>
                <![CDATA[[TestResult name=ITS_05_09_006_004 status=FAILURE method=ImportUser.ITS_05_09_006_004()[pri:4, instance:TestSuite.UserManagement.ImportUser@258e2e41] output={null}]]]>
              </value>
            </param>
            <param index="1">
              <value>
                <![CDATA[public void TestSuite.UserManagement.ImportUser.ITS_05_09_006_004()]]>
              </value>
            </param>
          </params>
          <reporter-output>
          </reporter-output>
        </test-method> <!-- tearDownGUI -->
        <test-method signature="ITS_05_09_006_005()[pri:5, instance:TestSuite.UserManagement.ImportUser@258e2e41]" started-at="2020-10-28T09:04:53 ICT" name="ITS_05_09_006_005" finished-at="2020-10-28T09:04:56 ICT" duration-ms="2657" status="PASS">
          <reporter-output>
          </reporter-output>
        </test-method> <!-- ITS_05_09_006_005 -->
        <test-method is-config="true" signature="setUpMethod(java.lang.reflect.Method, java.lang.String)[pri:0, instance:TestSuite.UserManagement.ImportUser@258e2e41]" started-at="2020-10-28T09:04:53 ICT" name="setUpMethod" finished-at="2020-10-28T09:04:53 ICT" duration-ms="0" status="PASS">
          <params>
            <param index="0">
              <value>
                <![CDATA[public void TestSuite.UserManagement.ImportUser.ITS_05_09_006_005()]]>
              </value>
            </param>
            <param index="1">
              <value>
                <![CDATA[Edge]]>
              </value>
            </param>
          </params>
          <reporter-output>
          </reporter-output>
        </test-method> <!-- setUpMethod -->
        <test-method is-config="true" signature="tearDown()[pri:0, instance:TestSuite.UserManagement.ImportUser@258e2e41]" started-at="2020-10-28T09:04:56 ICT" name="tearDown" finished-at="2020-10-28T09:05:00 ICT" duration-ms="4109" status="PASS">
          <reporter-output>
          </reporter-output>
        </test-method> <!-- tearDown -->
        <test-method is-config="true" signature="tearDownGUI(org.testng.ITestResult, java.lang.reflect.Method)[pri:0, instance:TestSuite.UserManagement.ImportUser@258e2e41]" started-at="2020-10-28T09:04:56 ICT" name="tearDownGUI" finished-at="2020-10-28T09:04:56 ICT" duration-ms="0" status="PASS">
          <params>
            <param index="0">
              <value>
                <![CDATA[[TestResult name=ITS_05_09_006_005 status=SUCCESS method=ImportUser.ITS_05_09_006_005()[pri:5, instance:TestSuite.UserManagement.ImportUser@258e2e41] output={null}]]]>
              </value>
            </param>
            <param index="1">
              <value>
                <![CDATA[public void TestSuite.UserManagement.ImportUser.ITS_05_09_006_005()]]>
              </value>
            </param>
          </params>
          <reporter-output>
          </reporter-output>
        </test-method> <!-- tearDownGUI -->
        <test-method is-config="true" signature="afterClass()[pri:0, instance:TestSuite.UserManagement.ImportUser@258e2e41]" started-at="2020-10-28T09:05:00 ICT" name="afterClass" finished-at="2020-10-28T09:05:00 ICT" duration-ms="0" status="PASS">
          <reporter-output>
          </reporter-output>
        </test-method> <!-- afterClass -->
      </class> <!-- TestSuite.UserManagement.ImportUser -->
    </test> <!-- Test1 -->
  </suite> <!-- Suite -->
</testng-results>
