<?xml version="1.0" encoding="UTF-8"?>
<testng-results ignored="20" total="157" passed="123" failed="14" skipped="0">
  <reporter-output>
  </reporter-output>
  <suite started-at="2020-11-11T09:05:54 ICT" name="Suite" finished-at="2020-11-11T09:37:33 ICT" duration-ms="1899179">
    <groups>
      <group name="AddData">
        <method signature="Paging.ITS_05_09_001_021()[pri:0, instance:TestSuite.RiskCountry.Paging@6aba2b86]" name="ITS_05_09_001_021" class="TestSuite.RiskCountry.Paging"/>
        <method signature="Paging.ITS_05_09_001_022()[pri:0, instance:TestSuite.RiskCountry.Paging@6aba2b86]" name="ITS_05_09_001_022" class="TestSuite.RiskCountry.Paging"/>
        <method signature="Paging.ITS_05_09_001_023()[pri:0, instance:TestSuite.RiskCountry.Paging@6aba2b86]" name="ITS_05_09_001_023" class="TestSuite.RiskCountry.Paging"/>
        <method signature="Paging.ITS_05_09_001_024()[pri:0, instance:TestSuite.RiskCountry.Paging@6aba2b86]" name="ITS_05_09_001_024" class="TestSuite.RiskCountry.Paging"/>
        <method signature="Paging.ITS_05_09_001_025()[pri:0, instance:TestSuite.RiskCountry.Paging@6aba2b86]" name="ITS_05_09_001_025" class="TestSuite.RiskCountry.Paging"/>
        <method signature="Paging.ITS_05_09_001_026()[pri:0, instance:TestSuite.RiskCountry.Paging@6aba2b86]" name="ITS_05_09_001_026" class="TestSuite.RiskCountry.Paging"/>
      </group> <!-- AddData -->
      <group name="GUIButton">
        <method signature="ShowRiskCountry.ITS_05_10_001_016()[pri:0, instance:TestSuite.RiskCountry.ShowRiskCountry@3ce1e309]" name="ITS_05_10_001_016" class="TestSuite.RiskCountry.ShowRiskCountry"/>
        <method signature="ShowRiskCountry.ITS_05_10_001_017()[pri:0, instance:TestSuite.RiskCountry.ShowRiskCountry@3ce1e309]" name="ITS_05_10_001_017" class="TestSuite.RiskCountry.ShowRiskCountry"/>
        <method signature="ShowRiskCountry.ITS_05_10_001_018()[pri:0, instance:TestSuite.RiskCountry.ShowRiskCountry@3ce1e309]" name="ITS_05_10_001_018" class="TestSuite.RiskCountry.ShowRiskCountry"/>
        <method signature="ShowRiskCountry.ITS_05_10_001_029()[pri:0, instance:TestSuite.RiskCountry.ShowRiskCountry@3ce1e309]" name="ITS_05_10_001_029" class="TestSuite.RiskCountry.ShowRiskCountry"/>
      </group> <!-- GUIButton -->
      <group name="Pagging">
        <method signature="ShowUserManagement.ITS_05_09_001_013()[pri:0, instance:TestSuite.UserManagement.ShowUserManagement@6dc17b83]" name="ITS_05_09_001_013" class="TestSuite.UserManagement.ShowUserManagement"/>
        <method signature="ShowUserManagement.ITS_05_09_001_014()[pri:0, instance:TestSuite.UserManagement.ShowUserManagement@6dc17b83]" name="ITS_05_09_001_014" class="TestSuite.UserManagement.ShowUserManagement"/>
      </group> <!-- Pagging -->
      <group name="Paging">
        <method signature="ShowRiskCountry.ITS_05_10_001_013()[pri:0, instance:TestSuite.RiskCountry.ShowRiskCountry@3ce1e309]" name="ITS_05_10_001_013" class="TestSuite.RiskCountry.ShowRiskCountry"/>
        <method signature="ShowRiskCountry.ITS_05_10_001_014()[pri:0, instance:TestSuite.RiskCountry.ShowRiskCountry@3ce1e309]" name="ITS_05_10_001_014" class="TestSuite.RiskCountry.ShowRiskCountry"/>
        <method signature="ShowRiskCountry.ITS_05_10_001_015()[pri:0, instance:TestSuite.RiskCountry.ShowRiskCountry@3ce1e309]" name="ITS_05_10_001_015" class="TestSuite.RiskCountry.ShowRiskCountry"/>
      </group> <!-- Paging -->
      <group name="SearchConditional">
        <method signature="ShowRiskCountry.ITS_05_10_001_003()[pri:0, instance:TestSuite.RiskCountry.ShowRiskCountry@3ce1e309]" name="ITS_05_10_001_003" class="TestSuite.RiskCountry.ShowRiskCountry"/>
        <method signature="ShowRiskCountry.ITS_05_10_001_004()[pri:0, instance:TestSuite.RiskCountry.ShowRiskCountry@3ce1e309]" name="ITS_05_10_001_004" class="TestSuite.RiskCountry.ShowRiskCountry"/>
        <method signature="ShowRiskCountry.ITS_05_10_001_005()[pri:0, instance:TestSuite.RiskCountry.ShowRiskCountry@3ce1e309]" name="ITS_05_10_001_005" class="TestSuite.RiskCountry.ShowRiskCountry"/>
        <method signature="ShowUserManagement.ITS_05_09_001_003()[pri:0, instance:TestSuite.UserManagement.ShowUserManagement@6dc17b83]" name="ITS_05_09_001_003" class="TestSuite.UserManagement.ShowUserManagement"/>
        <method signature="ShowUserManagement.ITS_05_09_001_004()[pri:0, instance:TestSuite.UserManagement.ShowUserManagement@6dc17b83]" name="ITS_05_09_001_004" class="TestSuite.UserManagement.ShowUserManagement"/>
        <method signature="ShowUserManagement.ITS_05_09_001_005()[pri:0, instance:TestSuite.UserManagement.ShowUserManagement@6dc17b83]" name="ITS_05_09_001_005" class="TestSuite.UserManagement.ShowUserManagement"/>
      </group> <!-- SearchConditional -->
      <group name="UpdateUser">
        <method signature="UpdateUser.ITS_05_09_003_009()[pri:0, instance:TestSuite.UserManagement.UpdateUser@8dbdac1]" name="ITS_05_09_003_009" class="TestSuite.UserManagement.UpdateUser"/>
        <method signature="UpdateUser.ITS_05_09_003_010()[pri:0, instance:TestSuite.UserManagement.UpdateUser@8dbdac1]" name="ITS_05_09_003_010" class="TestSuite.UserManagement.UpdateUser"/>
        <method signature="UpdateUser.ITS_05_09_003_011()[pri:0, instance:TestSuite.UserManagement.UpdateUser@8dbdac1]" name="ITS_05_09_003_011" class="TestSuite.UserManagement.UpdateUser"/>
        <method signature="UpdateUser.ITS_05_09_003_012()[pri:0, instance:TestSuite.UserManagement.UpdateUser@8dbdac1]" name="ITS_05_09_003_012" class="TestSuite.UserManagement.UpdateUser"/>
        <method signature="UpdateUser.ITS_05_09_003_013()[pri:0, instance:TestSuite.UserManagement.UpdateUser@8dbdac1]" name="ITS_05_09_003_013" class="TestSuite.UserManagement.UpdateUser"/>
        <method signature="UpdateUser.ITS_05_09_003_018()[pri:0, instance:TestSuite.UserManagement.UpdateUser@8dbdac1]" name="ITS_05_09_003_018" class="TestSuite.UserManagement.UpdateUser"/>
        <method signature="UpdateUser.ITS_05_09_003_022()[pri:0, instance:TestSuite.UserManagement.UpdateUser@8dbdac1]" name="ITS_05_09_003_022" class="TestSuite.UserManagement.UpdateUser"/>
      </group> <!-- UpdateUser -->
      <group name="GUI">
        <method signature="ImportUser.ITS_05_09_006_001()[pri:0, instance:TestSuite.UserManagement.ImportUser@71809907]" name="ITS_05_09_006_001" class="TestSuite.UserManagement.ImportUser"/>
        <method signature="ImportUser.ITS_05_09_006_002()[pri:0, instance:TestSuite.UserManagement.ImportUser@71809907]" name="ITS_05_09_006_002" class="TestSuite.UserManagement.ImportUser"/>
        <method signature="ImportUser.ITS_05_09_006_003()[pri:0, instance:TestSuite.UserManagement.ImportUser@71809907]" name="ITS_05_09_006_003" class="TestSuite.UserManagement.ImportUser"/>
        <method signature="ImportUser.ITS_05_09_006_004()[pri:0, instance:TestSuite.UserManagement.ImportUser@71809907]" name="ITS_05_09_006_004" class="TestSuite.UserManagement.ImportUser"/>
        <method signature="ImportUser.ITS_05_09_006_006()[pri:5, instance:TestSuite.UserManagement.ImportUser@71809907]" name="ITS_05_09_006_006" class="TestSuite.UserManagement.ImportUser"/>
        <method signature="ImportUser.ITS_05_09_006_011()[pri:0, instance:TestSuite.UserManagement.ImportUser@71809907]" name="ITS_05_09_006_011" class="TestSuite.UserManagement.ImportUser"/>
        <method signature="ImportUser.ITS_05_09_006_012()[pri:0, instance:TestSuite.UserManagement.ImportUser@71809907]" name="ITS_05_09_006_012" class="TestSuite.UserManagement.ImportUser"/>
        <method signature="ImportUser.ITS_05_09_006_014()[pri:0, instance:TestSuite.UserManagement.ImportUser@71809907]" name="ITS_05_09_006_014" class="TestSuite.UserManagement.ImportUser"/>
        <method signature="ImportUser.ITS_05_09_006_016()[pri:0, instance:TestSuite.UserManagement.ImportUser@71809907]" name="ITS_05_09_006_016" class="TestSuite.UserManagement.ImportUser"/>
        <method signature="UpdateUser.ITS_05_09_002_001()[pri:0, instance:TestSuite.UserManagement.UpdateUser@8dbdac1]" name="ITS_05_09_002_001" class="TestSuite.UserManagement.UpdateUser"/>
        <method signature="UpdateUser.ITS_05_09_002_002()[pri:0, instance:TestSuite.UserManagement.UpdateUser@8dbdac1]" name="ITS_05_09_002_002" class="TestSuite.UserManagement.UpdateUser"/>
        <method signature="UpdateUser.ITS_05_09_002_003()[pri:0, instance:TestSuite.UserManagement.UpdateUser@8dbdac1]" name="ITS_05_09_002_003" class="TestSuite.UserManagement.UpdateUser"/>
        <method signature="UpdateUser.ITS_05_09_002_004()[pri:0, instance:TestSuite.UserManagement.UpdateUser@8dbdac1]" name="ITS_05_09_002_004" class="TestSuite.UserManagement.UpdateUser"/>
        <method signature="UpdateUser.ITS_05_09_002_005()[pri:0, instance:TestSuite.UserManagement.UpdateUser@8dbdac1]" name="ITS_05_09_002_005" class="TestSuite.UserManagement.UpdateUser"/>
        <method signature="UpdateUser.ITS_05_09_002_006()[pri:0, instance:TestSuite.UserManagement.UpdateUser@8dbdac1]" name="ITS_05_09_002_006" class="TestSuite.UserManagement.UpdateUser"/>
        <method signature="UpdateUser.ITS_05_09_002_007()[pri:0, instance:TestSuite.UserManagement.UpdateUser@8dbdac1]" name="ITS_05_09_002_007" class="TestSuite.UserManagement.UpdateUser"/>
        <method signature="UpdateUser.ITS_05_09_002_008()[pri:0, instance:TestSuite.UserManagement.UpdateUser@8dbdac1]" name="ITS_05_09_002_008" class="TestSuite.UserManagement.UpdateUser"/>
      </group> <!-- GUI -->
      <group name="TableList">
        <method signature="ShowRiskCountry.ITS_05_10_001_006()[pri:0, instance:TestSuite.RiskCountry.ShowRiskCountry@3ce1e309]" name="ITS_05_10_001_006" class="TestSuite.RiskCountry.ShowRiskCountry"/>
        <method signature="ShowRiskCountry.ITS_05_10_001_007()[pri:0, instance:TestSuite.RiskCountry.ShowRiskCountry@3ce1e309]" name="ITS_05_10_001_007" class="TestSuite.RiskCountry.ShowRiskCountry"/>
        <method signature="ShowRiskCountry.ITS_05_10_001_008()[pri:0, instance:TestSuite.RiskCountry.ShowRiskCountry@3ce1e309]" name="ITS_05_10_001_008" class="TestSuite.RiskCountry.ShowRiskCountry"/>
        <method signature="ShowRiskCountry.ITS_05_10_001_009()[pri:0, instance:TestSuite.RiskCountry.ShowRiskCountry@3ce1e309]" name="ITS_05_10_001_009" class="TestSuite.RiskCountry.ShowRiskCountry"/>
        <method signature="ShowRiskCountry.ITS_05_10_001_010()[pri:0, instance:TestSuite.RiskCountry.ShowRiskCountry@3ce1e309]" name="ITS_05_10_001_010" class="TestSuite.RiskCountry.ShowRiskCountry"/>
        <method signature="ShowRiskCountry.ITS_05_10_001_011()[pri:0, instance:TestSuite.RiskCountry.ShowRiskCountry@3ce1e309]" name="ITS_05_10_001_011" class="TestSuite.RiskCountry.ShowRiskCountry"/>
        <method signature="ShowRiskCountry.ITS_05_10_001_012()[pri:0, instance:TestSuite.RiskCountry.ShowRiskCountry@3ce1e309]" name="ITS_05_10_001_012" class="TestSuite.RiskCountry.ShowRiskCountry"/>
        <method signature="ShowUserManagement.ITS_05_09_001_006()[pri:0, instance:TestSuite.UserManagement.ShowUserManagement@6dc17b83]" name="ITS_05_09_001_006" class="TestSuite.UserManagement.ShowUserManagement"/>
        <method signature="ShowUserManagement.ITS_05_09_001_007()[pri:0, instance:TestSuite.UserManagement.ShowUserManagement@6dc17b83]" name="ITS_05_09_001_007" class="TestSuite.UserManagement.ShowUserManagement"/>
        <method signature="ShowUserManagement.ITS_05_09_001_008()[pri:0, instance:TestSuite.UserManagement.ShowUserManagement@6dc17b83]" name="ITS_05_09_001_008" class="TestSuite.UserManagement.ShowUserManagement"/>
        <method signature="ShowUserManagement.ITS_05_09_001_009()[pri:0, instance:TestSuite.UserManagement.ShowUserManagement@6dc17b83]" name="ITS_05_09_001_009" class="TestSuite.UserManagement.ShowUserManagement"/>
        <method signature="ShowUserManagement.ITS_05_09_001_010()[pri:0, instance:TestSuite.UserManagement.ShowUserManagement@6dc17b83]" name="ITS_05_09_001_010" class="TestSuite.UserManagement.ShowUserManagement"/>
        <method signature="ShowUserManagement.ITS_05_09_001_011()[pri:0, instance:TestSuite.UserManagement.ShowUserManagement@6dc17b83]" name="ITS_05_09_001_011" class="TestSuite.UserManagement.ShowUserManagement"/>
        <method signature="ShowUserManagement.ITS_05_09_001_012()[pri:0, instance:TestSuite.UserManagement.ShowUserManagement@6dc17b83]" name="ITS_05_09_001_012" class="TestSuite.UserManagement.ShowUserManagement"/>
      </group> <!-- TableList -->
      <group name="AddUser">
        <method signature="AddUser.ITS_05_09_002_009()[pri:0, instance:TestSuite.UserManagement.AddUser@32eff876]" name="ITS_05_09_002_009" class="TestSuite.UserManagement.AddUser"/>
        <method signature="AddUser.ITS_05_09_002_010()[pri:0, instance:TestSuite.UserManagement.AddUser@32eff876]" name="ITS_05_09_002_010" class="TestSuite.UserManagement.AddUser"/>
        <method signature="AddUser.ITS_05_09_002_011()[pri:0, instance:TestSuite.UserManagement.AddUser@32eff876]" name="ITS_05_09_002_011" class="TestSuite.UserManagement.AddUser"/>
        <method signature="AddUser.ITS_05_09_002_012()[pri:0, instance:TestSuite.UserManagement.AddUser@32eff876]" name="ITS_05_09_002_012" class="TestSuite.UserManagement.AddUser"/>
        <method signature="AddUser.ITS_05_09_002_014()[pri:0, instance:TestSuite.UserManagement.AddUser@32eff876]" name="ITS_05_09_002_014" class="TestSuite.UserManagement.AddUser"/>
        <method signature="AddUser.ITS_05_09_002_015()[pri:0, instance:TestSuite.UserManagement.AddUser@32eff876]" name="ITS_05_09_002_015" class="TestSuite.UserManagement.AddUser"/>
        <method signature="AddUser.ITS_05_09_002_016()[pri:0, instance:TestSuite.UserManagement.AddUser@32eff876]" name="ITS_05_09_002_016" class="TestSuite.UserManagement.AddUser"/>
        <method signature="AddUser.ITS_05_09_002_017()[pri:0, instance:TestSuite.UserManagement.AddUser@32eff876]" name="ITS_05_09_002_017" class="TestSuite.UserManagement.AddUser"/>
        <method signature="AddUser.ITS_05_09_002_018()[pri:0, instance:TestSuite.UserManagement.AddUser@32eff876]" name="ITS_05_09_002_018" class="TestSuite.UserManagement.AddUser"/>
        <method signature="AddUser.ITS_05_09_002_019()[pri:0, instance:TestSuite.UserManagement.AddUser@32eff876]" name="ITS_05_09_002_019" class="TestSuite.UserManagement.AddUser"/>
        <method signature="AddUser.ITS_05_09_002_020()[pri:0, instance:TestSuite.UserManagement.AddUser@32eff876]" name="ITS_05_09_002_020" class="TestSuite.UserManagement.AddUser"/>
        <method signature="AddUser.ITS_05_09_002_021()[pri:0, instance:TestSuite.UserManagement.AddUser@32eff876]" name="ITS_05_09_002_021" class="TestSuite.UserManagement.AddUser"/>
        <method signature="AddUser.ITS_05_09_002_022()[pri:0, instance:TestSuite.UserManagement.AddUser@32eff876]" name="ITS_05_09_002_022" class="TestSuite.UserManagement.AddUser"/>
        <method signature="AddUser.ITS_05_09_002_023()[pri:0, instance:TestSuite.UserManagement.AddUser@32eff876]" name="ITS_05_09_002_023" class="TestSuite.UserManagement.AddUser"/>
        <method signature="AddUser.ITS_05_09_002_024()[pri:0, instance:TestSuite.UserManagement.AddUser@32eff876]" name="ITS_05_09_002_024" class="TestSuite.UserManagement.AddUser"/>
        <method signature="AddUser.ITS_05_09_002_025()[pri:0, instance:TestSuite.UserManagement.AddUser@32eff876]" name="ITS_05_09_002_025" class="TestSuite.UserManagement.AddUser"/>
        <method signature="AddUser.ITS_05_09_002_026()[pri:0, instance:TestSuite.UserManagement.AddUser@32eff876]" name="ITS_05_09_002_026" class="TestSuite.UserManagement.AddUser"/>
        <method signature="AddUser.ITS_05_09_002_027()[pri:0, instance:TestSuite.UserManagement.AddUser@32eff876]" name="ITS_05_09_002_027" class="TestSuite.UserManagement.AddUser"/>
        <method signature="AddUser.ITS_05_09_002_028()[pri:0, instance:TestSuite.UserManagement.AddUser@32eff876]" name="ITS_05_09_002_028" class="TestSuite.UserManagement.AddUser"/>
        <method signature="AddUser.ITS_05_09_002_029()[pri:0, instance:TestSuite.UserManagement.AddUser@32eff876]" name="ITS_05_09_002_029" class="TestSuite.UserManagement.AddUser"/>
        <method signature="AddUser.ITS_05_09_002_030()[pri:0, instance:TestSuite.UserManagement.AddUser@32eff876]" name="ITS_05_09_002_030" class="TestSuite.UserManagement.AddUser"/>
        <method signature="AddUser.ITS_05_09_002_031()[pri:0, instance:TestSuite.UserManagement.AddUser@32eff876]" name="ITS_05_09_002_031" class="TestSuite.UserManagement.AddUser"/>
        <method signature="AddUser.ITS_05_09_002_033()[pri:0, instance:TestSuite.UserManagement.AddUser@32eff876]" name="ITS_05_09_002_033" class="TestSuite.UserManagement.AddUser"/>
        <method signature="AddUser.ITS_05_09_002_034()[pri:0, instance:TestSuite.UserManagement.AddUser@32eff876]" name="ITS_05_09_002_034" class="TestSuite.UserManagement.AddUser"/>
        <method signature="AddUser.ITS_05_09_002_035()[pri:0, instance:TestSuite.UserManagement.AddUser@32eff876]" name="ITS_05_09_002_035" class="TestSuite.UserManagement.AddUser"/>
      </group> <!-- AddUser -->
      <group name="Common">
        <method signature="AddUser.ITS_05_09_002_001()[pri:0, instance:TestSuite.UserManagement.AddUser@32eff876]" name="ITS_05_09_002_001" class="TestSuite.UserManagement.AddUser"/>
        <method signature="AddUser.ITS_05_09_002_002()[pri:0, instance:TestSuite.UserManagement.AddUser@32eff876]" name="ITS_05_09_002_002" class="TestSuite.UserManagement.AddUser"/>
        <method signature="AddUser.ITS_05_09_002_003()[pri:0, instance:TestSuite.UserManagement.AddUser@32eff876]" name="ITS_05_09_002_003" class="TestSuite.UserManagement.AddUser"/>
        <method signature="AddUser.ITS_05_09_002_004()[pri:0, instance:TestSuite.UserManagement.AddUser@32eff876]" name="ITS_05_09_002_004" class="TestSuite.UserManagement.AddUser"/>
        <method signature="AddUser.ITS_05_09_002_005()[pri:0, instance:TestSuite.UserManagement.AddUser@32eff876]" name="ITS_05_09_002_005" class="TestSuite.UserManagement.AddUser"/>
        <method signature="AddUser.ITS_05_09_002_006()[pri:0, instance:TestSuite.UserManagement.AddUser@32eff876]" name="ITS_05_09_002_006" class="TestSuite.UserManagement.AddUser"/>
        <method signature="AddUser.ITS_05_09_002_007()[pri:0, instance:TestSuite.UserManagement.AddUser@32eff876]" name="ITS_05_09_002_007" class="TestSuite.UserManagement.AddUser"/>
        <method signature="AddUser.ITS_05_09_002_008()[pri:0, instance:TestSuite.UserManagement.AddUser@32eff876]" name="ITS_05_09_002_008" class="TestSuite.UserManagement.AddUser"/>
        <method signature="RemoveRiskCountry.ITS_05_10_005_001()[pri:0, instance:TestSuite.RiskCountry.RemoveRiskCountry@7c729a55]" name="ITS_05_10_005_001" class="TestSuite.RiskCountry.RemoveRiskCountry"/>
        <method signature="ShowRiskCountry.ITS_05_10_001_001()[pri:0, instance:TestSuite.RiskCountry.ShowRiskCountry@3ce1e309]" name="ITS_05_10_001_001" class="TestSuite.RiskCountry.ShowRiskCountry"/>
        <method signature="ShowRiskCountry.ITS_05_10_001_002()[pri:0, instance:TestSuite.RiskCountry.ShowRiskCountry@3ce1e309]" name="ITS_05_10_001_002" class="TestSuite.RiskCountry.ShowRiskCountry"/>
        <method signature="ShowUserManagement.ITS_05_09_001_001()[pri:0, instance:TestSuite.UserManagement.ShowUserManagement@6dc17b83]" name="ITS_05_09_001_001" class="TestSuite.UserManagement.ShowUserManagement"/>
        <method signature="ShowUserManagement.ITS_05_09_001_002()[pri:0, instance:TestSuite.UserManagement.ShowUserManagement@6dc17b83]" name="ITS_05_09_001_002" class="TestSuite.UserManagement.ShowUserManagement"/>
      </group> <!-- Common -->
    </groups>
    <test started-at="2020-11-11T09:05:54 ICT" name="Test1" finished-at="2020-11-11T09:37:33 ICT" duration-ms="1899179">
      <class name="TestSuite.RiskCountry.AddRiskCountry">
        <test-method is-config="true" signature="beforeClass()[pri:0, instance:TestSuite.RiskCountry.AddRiskCountry@74e52303]" started-at="2020-11-11T09:32:04 ICT" name="beforeClass" finished-at="2020-11-11T09:32:04 ICT" duration-ms="16" status="PASS">
          <reporter-output>
          </reporter-output>
        </test-method> <!-- beforeClass -->
        <test-method is-config="true" signature="setUp(java.lang.String)[pri:0, instance:TestSuite.RiskCountry.AddRiskCountry@74e52303]" started-at="2020-11-11T09:32:04 ICT" name="setUp" finished-at="2020-11-11T09:32:04 ICT" duration-ms="1" status="PASS">
          <params>
            <param index="0">
              <value>
                <![CDATA[Edge]]>
              </value>
            </param>
          </params>
          <reporter-output>
          </reporter-output>
        </test-method> <!-- setUp -->
        <test-method is-config="true" signature="setUpMethod(java.lang.reflect.Method, java.lang.String)[pri:0, instance:TestSuite.RiskCountry.AddRiskCountry@74e52303]" started-at="2020-11-11T09:32:04 ICT" name="setUpMethod" finished-at="2020-11-11T09:32:13 ICT" duration-ms="9451" status="PASS">
          <params>
            <param index="0">
              <value>
                <![CDATA[public void TestSuite.RiskCountry.AddRiskCountry.ITS_05_10_003_001()]]>
              </value>
            </param>
            <param index="1">
              <value>
                <![CDATA[Edge]]>
              </value>
            </param>
          </params>
          <reporter-output>
          </reporter-output>
        </test-method> <!-- setUpMethod -->
        <test-method signature="ITS_05_10_003_001()[pri:0, instance:TestSuite.RiskCountry.AddRiskCountry@74e52303]" started-at="2020-11-11T09:32:13 ICT" name="ITS_05_10_003_001" finished-at="2020-11-11T09:32:19 ICT" duration-ms="5758" status="PASS">
          <reporter-output>
          </reporter-output>
        </test-method> <!-- ITS_05_10_003_001 -->
        <test-method is-config="true" signature="tearDownGUI(org.testng.ITestResult, java.lang.reflect.Method)[pri:0, instance:TestSuite.RiskCountry.AddRiskCountry@74e52303]" started-at="2020-11-11T09:32:19 ICT" name="tearDownGUI" finished-at="2020-11-11T09:32:19 ICT" duration-ms="1" status="PASS">
          <params>
            <param index="0">
              <value>
                <![CDATA[[TestResult name=ITS_05_10_003_001 status=SUCCESS method=AddRiskCountry.ITS_05_10_003_001()[pri:0, instance:TestSuite.RiskCountry.AddRiskCountry@74e52303] output={null}]]]>
              </value>
            </param>
            <param index="1">
              <value>
                <![CDATA[public void TestSuite.RiskCountry.AddRiskCountry.ITS_05_10_003_001()]]>
              </value>
            </param>
          </params>
          <reporter-output>
          </reporter-output>
        </test-method> <!-- tearDownGUI -->
        <test-method is-config="true" signature="setUpMethod(java.lang.reflect.Method, java.lang.String)[pri:0, instance:TestSuite.RiskCountry.AddRiskCountry@74e52303]" started-at="2020-11-11T09:32:19 ICT" name="setUpMethod" finished-at="2020-11-11T09:32:28 ICT" duration-ms="8965" status="PASS">
          <params>
            <param index="0">
              <value>
                <![CDATA[public void TestSuite.RiskCountry.AddRiskCountry.ITS_05_10_003_009()]]>
              </value>
            </param>
            <param index="1">
              <value>
                <![CDATA[Edge]]>
              </value>
            </param>
          </params>
          <reporter-output>
          </reporter-output>
        </test-method> <!-- setUpMethod -->
        <test-method signature="ITS_05_10_003_009()[pri:0, instance:TestSuite.RiskCountry.AddRiskCountry@74e52303]" started-at="2020-11-11T09:32:28 ICT" name="ITS_05_10_003_009" finished-at="2020-11-11T09:32:35 ICT" duration-ms="6976" status="FAIL">
          <exception class="java.lang.AssertionError">
            <message>
              <![CDATA[Value is not correct: Expected: "リスク国を正常に更新しました。"; Actual: "リスク国を正常に登録しました。"]]>
            </message>
            <full-stacktrace>
              <![CDATA[java.lang.AssertionError: Value is not correct: Expected: "リスク国を正常に更新しました。"; Actual: "リスク国を正常に登録しました。"
at org.testng.Assert.fail(Assert.java:97)
at Common.Utilities.assertString(Utilities.java:565)
at Common.Utilities.assertTextValue(Utilities.java:492)
at CommonScreen.RiskCountry.addOrUpdateRiskCountrySucess(RiskCountry.java:246)
at TestSuite.RiskCountry.AddRiskCountry.addRiskCountrySucessfully(AddRiskCountry.java:194)
at TestSuite.RiskCountry.AddRiskCountry.ITS_05_10_003_009(AddRiskCountry.java:73)
at java.base/jdk.internal.reflect.NativeMethodAccessorImpl.invoke0(Native Method)
at java.base/jdk.internal.reflect.NativeMethodAccessorImpl.invoke(NativeMethodAccessorImpl.java:62)
at java.base/jdk.internal.reflect.DelegatingMethodAccessorImpl.invoke(DelegatingMethodAccessorImpl.java:43)
at java.base/java.lang.reflect.Method.invoke(Method.java:564)
at org.testng.internal.MethodInvocationHelper.invokeMethod(MethodInvocationHelper.java:131)
at org.testng.internal.Invoker.invokeMethod(Invoker.java:687)
at org.testng.internal.Invoker.invokeTestMethod(Invoker.java:821)
at org.testng.internal.Invoker.invokeTestMethods(Invoker.java:1128)
at org.testng.internal.TestMethodWorker.invokeTestMethods(TestMethodWorker.java:140)
at org.testng.internal.TestMethodWorker.run(TestMethodWorker.java:122)
at org.testng.TestRunner.privateRun(TestRunner.java:724)
at org.testng.TestRunner.run(TestRunner.java:574)
at org.testng.SuiteRunner.runTest(SuiteRunner.java:398)
at org.testng.SuiteRunner.runSequentially(SuiteRunner.java:392)
at org.testng.SuiteRunner.privateRun(SuiteRunner.java:354)
at org.testng.SuiteRunner.run(SuiteRunner.java:302)
at org.testng.SuiteRunnerWorker.runSuite(SuiteRunnerWorker.java:53)
at org.testng.SuiteRunnerWorker.run(SuiteRunnerWorker.java:96)
at org.testng.TestNG.runSuitesSequentially(TestNG.java:1142)
at org.testng.TestNG.runSuitesLocally(TestNG.java:1064)
at org.testng.TestNG.runSuites(TestNG.java:994)
at org.testng.TestNG.run(TestNG.java:962)
at org.testng.remote.AbstractRemoteTestNG.run(AbstractRemoteTestNG.java:115)
at org.testng.remote.RemoteTestNG.initAndRun(RemoteTestNG.java:251)
at org.testng.remote.RemoteTestNG.main(RemoteTestNG.java:77)
]]>
            </full-stacktrace>
          </exception> <!-- java.lang.AssertionError -->
          <reporter-output>
          </reporter-output>
        </test-method> <!-- ITS_05_10_003_009 -->
        <test-method is-config="true" signature="tearDownGUI(org.testng.ITestResult, java.lang.reflect.Method)[pri:0, instance:TestSuite.RiskCountry.AddRiskCountry@74e52303]" started-at="2020-11-11T09:32:35 ICT" name="tearDownGUI" finished-at="2020-11-11T09:32:35 ICT" duration-ms="143" status="PASS">
          <params>
            <param index="0">
              <value>
                <![CDATA[[TestResult name=ITS_05_10_003_009 status=FAILURE method=AddRiskCountry.ITS_05_10_003_009()[pri:0, instance:TestSuite.RiskCountry.AddRiskCountry@74e52303] output={null}]]]>
              </value>
            </param>
            <param index="1">
              <value>
                <![CDATA[public void TestSuite.RiskCountry.AddRiskCountry.ITS_05_10_003_009()]]>
              </value>
            </param>
          </params>
          <reporter-output>
          </reporter-output>
        </test-method> <!-- tearDownGUI -->
        <test-method is-config="true" signature="setUpMethod(java.lang.reflect.Method, java.lang.String)[pri:0, instance:TestSuite.RiskCountry.AddRiskCountry@74e52303]" started-at="2020-11-11T09:32:35 ICT" name="setUpMethod" finished-at="2020-11-11T09:32:44 ICT" duration-ms="9005" status="PASS">
          <params>
            <param index="0">
              <value>
                <![CDATA[public void TestSuite.RiskCountry.AddRiskCountry.ITS_05_10_003_011()]]>
              </value>
            </param>
            <param index="1">
              <value>
                <![CDATA[Edge]]>
              </value>
            </param>
          </params>
          <reporter-output>
          </reporter-output>
        </test-method> <!-- setUpMethod -->
        <test-method signature="ITS_05_10_003_011()[pri:0, instance:TestSuite.RiskCountry.AddRiskCountry@74e52303]" started-at="2020-11-11T09:32:44 ICT" name="ITS_05_10_003_011" finished-at="2020-11-11T09:32:51 ICT" duration-ms="6818" status="FAIL">
          <exception class="java.lang.AssertionError">
            <message>
              <![CDATA[Value is not correct: Expected: "リスク国を正常に更新しました。"; Actual: "リスク国を正常に登録しました。"]]>
            </message>
            <full-stacktrace>
              <![CDATA[java.lang.AssertionError: Value is not correct: Expected: "リスク国を正常に更新しました。"; Actual: "リスク国を正常に登録しました。"
at org.testng.Assert.fail(Assert.java:97)
at Common.Utilities.assertString(Utilities.java:565)
at Common.Utilities.assertTextValue(Utilities.java:492)
at CommonScreen.RiskCountry.addOrUpdateRiskCountrySucess(RiskCountry.java:246)
at TestSuite.RiskCountry.AddRiskCountry.addRiskCountrySucessfully(AddRiskCountry.java:194)
at TestSuite.RiskCountry.AddRiskCountry.ITS_05_10_003_011(AddRiskCountry.java:83)
at java.base/jdk.internal.reflect.NativeMethodAccessorImpl.invoke0(Native Method)
at java.base/jdk.internal.reflect.NativeMethodAccessorImpl.invoke(NativeMethodAccessorImpl.java:62)
at java.base/jdk.internal.reflect.DelegatingMethodAccessorImpl.invoke(DelegatingMethodAccessorImpl.java:43)
at java.base/java.lang.reflect.Method.invoke(Method.java:564)
at org.testng.internal.MethodInvocationHelper.invokeMethod(MethodInvocationHelper.java:131)
at org.testng.internal.Invoker.invokeMethod(Invoker.java:687)
at org.testng.internal.Invoker.invokeTestMethod(Invoker.java:821)
at org.testng.internal.Invoker.invokeTestMethods(Invoker.java:1128)
at org.testng.internal.TestMethodWorker.invokeTestMethods(TestMethodWorker.java:140)
at org.testng.internal.TestMethodWorker.run(TestMethodWorker.java:122)
at org.testng.TestRunner.privateRun(TestRunner.java:724)
at org.testng.TestRunner.run(TestRunner.java:574)
at org.testng.SuiteRunner.runTest(SuiteRunner.java:398)
at org.testng.SuiteRunner.runSequentially(SuiteRunner.java:392)
at org.testng.SuiteRunner.privateRun(SuiteRunner.java:354)
at org.testng.SuiteRunner.run(SuiteRunner.java:302)
at org.testng.SuiteRunnerWorker.runSuite(SuiteRunnerWorker.java:53)
at org.testng.SuiteRunnerWorker.run(SuiteRunnerWorker.java:96)
at org.testng.TestNG.runSuitesSequentially(TestNG.java:1142)
at org.testng.TestNG.runSuitesLocally(TestNG.java:1064)
at org.testng.TestNG.runSuites(TestNG.java:994)
at org.testng.TestNG.run(TestNG.java:962)
at org.testng.remote.AbstractRemoteTestNG.run(AbstractRemoteTestNG.java:115)
at org.testng.remote.RemoteTestNG.initAndRun(RemoteTestNG.java:251)
at org.testng.remote.RemoteTestNG.main(RemoteTestNG.java:77)
]]>
            </full-stacktrace>
          </exception> <!-- java.lang.AssertionError -->
          <reporter-output>
          </reporter-output>
        </test-method> <!-- ITS_05_10_003_011 -->
        <test-method is-config="true" signature="tearDownGUI(org.testng.ITestResult, java.lang.reflect.Method)[pri:0, instance:TestSuite.RiskCountry.AddRiskCountry@74e52303]" started-at="2020-11-11T09:32:51 ICT" name="tearDownGUI" finished-at="2020-11-11T09:32:51 ICT" duration-ms="163" status="PASS">
          <params>
            <param index="0">
              <value>
                <![CDATA[[TestResult name=ITS_05_10_003_011 status=FAILURE method=AddRiskCountry.ITS_05_10_003_011()[pri:0, instance:TestSuite.RiskCountry.AddRiskCountry@74e52303] output={null}]]]>
              </value>
            </param>
            <param index="1">
              <value>
                <![CDATA[public void TestSuite.RiskCountry.AddRiskCountry.ITS_05_10_003_011()]]>
              </value>
            </param>
          </params>
          <reporter-output>
          </reporter-output>
        </test-method> <!-- tearDownGUI -->
        <test-method is-config="true" signature="setUpMethod(java.lang.reflect.Method, java.lang.String)[pri:0, instance:TestSuite.RiskCountry.AddRiskCountry@74e52303]" started-at="2020-11-11T09:32:51 ICT" name="setUpMethod" finished-at="2020-11-11T09:33:00 ICT" duration-ms="8953" status="PASS">
          <params>
            <param index="0">
              <value>
                <![CDATA[public void TestSuite.RiskCountry.AddRiskCountry.ITS_05_10_003_012()]]>
              </value>
            </param>
            <param index="1">
              <value>
                <![CDATA[Edge]]>
              </value>
            </param>
          </params>
          <reporter-output>
          </reporter-output>
        </test-method> <!-- setUpMethod -->
        <test-method signature="ITS_05_10_003_012()[pri:0, instance:TestSuite.RiskCountry.AddRiskCountry@74e52303]" started-at="2020-11-11T09:33:00 ICT" name="ITS_05_10_003_012" finished-at="2020-11-11T09:33:22 ICT" duration-ms="21586" status="PASS">
          <reporter-output>
          </reporter-output>
        </test-method> <!-- ITS_05_10_003_012 -->
        <test-method is-config="true" signature="tearDownGUI(org.testng.ITestResult, java.lang.reflect.Method)[pri:0, instance:TestSuite.RiskCountry.AddRiskCountry@74e52303]" started-at="2020-11-11T09:33:22 ICT" name="tearDownGUI" finished-at="2020-11-11T09:33:22 ICT" duration-ms="0" status="PASS">
          <params>
            <param index="0">
              <value>
                <![CDATA[[TestResult name=ITS_05_10_003_012 status=SUCCESS method=AddRiskCountry.ITS_05_10_003_012()[pri:0, instance:TestSuite.RiskCountry.AddRiskCountry@74e52303] output={null}]]]>
              </value>
            </param>
            <param index="1">
              <value>
                <![CDATA[public void TestSuite.RiskCountry.AddRiskCountry.ITS_05_10_003_012()]]>
              </value>
            </param>
          </params>
          <reporter-output>
          </reporter-output>
        </test-method> <!-- tearDownGUI -->
        <test-method is-config="true" signature="setUpMethod(java.lang.reflect.Method, java.lang.String)[pri:0, instance:TestSuite.RiskCountry.AddRiskCountry@74e52303]" started-at="2020-11-11T09:33:22 ICT" name="setUpMethod" finished-at="2020-11-11T09:33:31 ICT" duration-ms="9217" status="PASS">
          <params>
            <param index="0">
              <value>
                <![CDATA[public void TestSuite.RiskCountry.AddRiskCountry.ITS_05_10_003_018()]]>
              </value>
            </param>
            <param index="1">
              <value>
                <![CDATA[Edge]]>
              </value>
            </param>
          </params>
          <reporter-output>
          </reporter-output>
        </test-method> <!-- setUpMethod -->
        <test-method signature="ITS_05_10_003_018()[pri:0, instance:TestSuite.RiskCountry.AddRiskCountry@74e52303]" started-at="2020-11-11T09:33:31 ICT" name="ITS_05_10_003_018" finished-at="2020-11-11T09:33:48 ICT" duration-ms="17518" status="PASS">
          <reporter-output>
          </reporter-output>
        </test-method> <!-- ITS_05_10_003_018 -->
        <test-method is-config="true" signature="tearDownGUI(org.testng.ITestResult, java.lang.reflect.Method)[pri:0, instance:TestSuite.RiskCountry.AddRiskCountry@74e52303]" started-at="2020-11-11T09:33:48 ICT" name="tearDownGUI" finished-at="2020-11-11T09:33:48 ICT" duration-ms="0" status="PASS">
          <params>
            <param index="0">
              <value>
                <![CDATA[[TestResult name=ITS_05_10_003_018 status=SUCCESS method=AddRiskCountry.ITS_05_10_003_018()[pri:0, instance:TestSuite.RiskCountry.AddRiskCountry@74e52303] output={null}]]]>
              </value>
            </param>
            <param index="1">
              <value>
                <![CDATA[public void TestSuite.RiskCountry.AddRiskCountry.ITS_05_10_003_018()]]>
              </value>
            </param>
          </params>
          <reporter-output>
          </reporter-output>
        </test-method> <!-- tearDownGUI -->
        <test-method is-config="true" signature="setUpMethod(java.lang.reflect.Method, java.lang.String)[pri:0, instance:TestSuite.RiskCountry.AddRiskCountry@74e52303]" started-at="2020-11-11T09:33:48 ICT" name="setUpMethod" finished-at="2020-11-11T09:33:59 ICT" duration-ms="10329" status="PASS">
          <params>
            <param index="0">
              <value>
                <![CDATA[public void TestSuite.RiskCountry.AddRiskCountry.ITS_05_10_003_019()]]>
              </value>
            </param>
            <param index="1">
              <value>
                <![CDATA[Edge]]>
              </value>
            </param>
          </params>
          <reporter-output>
          </reporter-output>
        </test-method> <!-- setUpMethod -->
        <test-method signature="ITS_05_10_003_019()[pri:0, instance:TestSuite.RiskCountry.AddRiskCountry@74e52303]" started-at="2020-11-11T09:33:59 ICT" name="ITS_05_10_003_019" finished-at="2020-11-11T09:34:06 ICT" duration-ms="7451" status="FAIL">
          <exception class="java.lang.AssertionError">
            <message>
              <![CDATA[Value is not correct: Expected: "リスク国を正常に更新しました。"; Actual: "リスク国を正常に登録しました。"]]>
            </message>
            <full-stacktrace>
              <![CDATA[java.lang.AssertionError: Value is not correct: Expected: "リスク国を正常に更新しました。"; Actual: "リスク国を正常に登録しました。"
at org.testng.Assert.fail(Assert.java:97)
at Common.Utilities.assertString(Utilities.java:565)
at Common.Utilities.assertTextValue(Utilities.java:492)
at CommonScreen.RiskCountry.addOrUpdateRiskCountrySucess(RiskCountry.java:246)
at TestSuite.RiskCountry.AddRiskCountry.addRiskCountrySucessfully(AddRiskCountry.java:194)
at TestSuite.RiskCountry.AddRiskCountry.ITS_05_10_003_019(AddRiskCountry.java:119)
at java.base/jdk.internal.reflect.NativeMethodAccessorImpl.invoke0(Native Method)
at java.base/jdk.internal.reflect.NativeMethodAccessorImpl.invoke(NativeMethodAccessorImpl.java:62)
at java.base/jdk.internal.reflect.DelegatingMethodAccessorImpl.invoke(DelegatingMethodAccessorImpl.java:43)
at java.base/java.lang.reflect.Method.invoke(Method.java:564)
at org.testng.internal.MethodInvocationHelper.invokeMethod(MethodInvocationHelper.java:131)
at org.testng.internal.Invoker.invokeMethod(Invoker.java:687)
at org.testng.internal.Invoker.invokeTestMethod(Invoker.java:821)
at org.testng.internal.Invoker.invokeTestMethods(Invoker.java:1128)
at org.testng.internal.TestMethodWorker.invokeTestMethods(TestMethodWorker.java:140)
at org.testng.internal.TestMethodWorker.run(TestMethodWorker.java:122)
at org.testng.TestRunner.privateRun(TestRunner.java:724)
at org.testng.TestRunner.run(TestRunner.java:574)
at org.testng.SuiteRunner.runTest(SuiteRunner.java:398)
at org.testng.SuiteRunner.runSequentially(SuiteRunner.java:392)
at org.testng.SuiteRunner.privateRun(SuiteRunner.java:354)
at org.testng.SuiteRunner.run(SuiteRunner.java:302)
at org.testng.SuiteRunnerWorker.runSuite(SuiteRunnerWorker.java:53)
at org.testng.SuiteRunnerWorker.run(SuiteRunnerWorker.java:96)
at org.testng.TestNG.runSuitesSequentially(TestNG.java:1142)
at org.testng.TestNG.runSuitesLocally(TestNG.java:1064)
at org.testng.TestNG.runSuites(TestNG.java:994)
at org.testng.TestNG.run(TestNG.java:962)
at org.testng.remote.AbstractRemoteTestNG.run(AbstractRemoteTestNG.java:115)
at org.testng.remote.RemoteTestNG.initAndRun(RemoteTestNG.java:251)
at org.testng.remote.RemoteTestNG.main(RemoteTestNG.java:77)
]]>
            </full-stacktrace>
          </exception> <!-- java.lang.AssertionError -->
          <reporter-output>
          </reporter-output>
        </test-method> <!-- ITS_05_10_003_019 -->
        <test-method is-config="true" signature="tearDownGUI(org.testng.ITestResult, java.lang.reflect.Method)[pri:0, instance:TestSuite.RiskCountry.AddRiskCountry@74e52303]" started-at="2020-11-11T09:34:06 ICT" name="tearDownGUI" finished-at="2020-11-11T09:34:06 ICT" duration-ms="143" status="PASS">
          <params>
            <param index="0">
              <value>
                <![CDATA[[TestResult name=ITS_05_10_003_019 status=FAILURE method=AddRiskCountry.ITS_05_10_003_019()[pri:0, instance:TestSuite.RiskCountry.AddRiskCountry@74e52303] output={null}]]]>
              </value>
            </param>
            <param index="1">
              <value>
                <![CDATA[public void TestSuite.RiskCountry.AddRiskCountry.ITS_05_10_003_019()]]>
              </value>
            </param>
          </params>
          <reporter-output>
          </reporter-output>
        </test-method> <!-- tearDownGUI -->
        <test-method is-config="true" signature="setUpMethod(java.lang.reflect.Method, java.lang.String)[pri:0, instance:TestSuite.RiskCountry.AddRiskCountry@74e52303]" started-at="2020-11-11T09:34:06 ICT" name="setUpMethod" finished-at="2020-11-11T09:34:15 ICT" duration-ms="8963" status="PASS">
          <params>
            <param index="0">
              <value>
                <![CDATA[public void TestSuite.RiskCountry.AddRiskCountry.ITS_05_10_003_020()]]>
              </value>
            </param>
            <param index="1">
              <value>
                <![CDATA[Edge]]>
              </value>
            </param>
          </params>
          <reporter-output>
          </reporter-output>
        </test-method> <!-- setUpMethod -->
        <test-method signature="ITS_05_10_003_020()[pri:0, instance:TestSuite.RiskCountry.AddRiskCountry@74e52303]" started-at="2020-11-11T09:34:15 ICT" name="ITS_05_10_003_020" finished-at="2020-11-11T09:34:28 ICT" duration-ms="13094" status="PASS">
          <reporter-output>
          </reporter-output>
        </test-method> <!-- ITS_05_10_003_020 -->
        <test-method is-config="true" signature="setUpMethod(java.lang.reflect.Method, java.lang.String)[pri:0, instance:TestSuite.RiskCountry.AddRiskCountry@74e52303]" started-at="2020-11-11T09:34:28 ICT" name="setUpMethod" finished-at="2020-11-11T09:34:37 ICT" duration-ms="9031" status="PASS">
          <params>
            <param index="0">
              <value>
                <![CDATA[public void TestSuite.RiskCountry.AddRiskCountry.ITS_05_10_003_021()]]>
              </value>
            </param>
            <param index="1">
              <value>
                <![CDATA[Edge]]>
              </value>
            </param>
          </params>
          <reporter-output>
          </reporter-output>
        </test-method> <!-- setUpMethod -->
        <test-method is-config="true" signature="tearDownGUI(org.testng.ITestResult, java.lang.reflect.Method)[pri:0, instance:TestSuite.RiskCountry.AddRiskCountry@74e52303]" started-at="2020-11-11T09:34:28 ICT" name="tearDownGUI" finished-at="2020-11-11T09:34:28 ICT" duration-ms="0" status="PASS">
          <params>
            <param index="0">
              <value>
                <![CDATA[[TestResult name=ITS_05_10_003_020 status=SUCCESS method=AddRiskCountry.ITS_05_10_003_020()[pri:0, instance:TestSuite.RiskCountry.AddRiskCountry@74e52303] output={null}]]]>
              </value>
            </param>
            <param index="1">
              <value>
                <![CDATA[public void TestSuite.RiskCountry.AddRiskCountry.ITS_05_10_003_020()]]>
              </value>
            </param>
          </params>
          <reporter-output>
          </reporter-output>
        </test-method> <!-- tearDownGUI -->
        <test-method signature="ITS_05_10_003_021()[pri:0, instance:TestSuite.RiskCountry.AddRiskCountry@74e52303]" started-at="2020-11-11T09:34:37 ICT" name="ITS_05_10_003_021" finished-at="2020-11-11T09:34:56 ICT" duration-ms="18144" status="PASS">
          <reporter-output>
          </reporter-output>
        </test-method> <!-- ITS_05_10_003_021 -->
        <test-method is-config="true" signature="tearDownGUI(org.testng.ITestResult, java.lang.reflect.Method)[pri:0, instance:TestSuite.RiskCountry.AddRiskCountry@74e52303]" started-at="2020-11-11T09:34:56 ICT" name="tearDownGUI" finished-at="2020-11-11T09:34:56 ICT" duration-ms="0" status="PASS">
          <params>
            <param index="0">
              <value>
                <![CDATA[[TestResult name=ITS_05_10_003_021 status=SUCCESS method=AddRiskCountry.ITS_05_10_003_021()[pri:0, instance:TestSuite.RiskCountry.AddRiskCountry@74e52303] output={null}]]]>
              </value>
            </param>
            <param index="1">
              <value>
                <![CDATA[public void TestSuite.RiskCountry.AddRiskCountry.ITS_05_10_003_021()]]>
              </value>
            </param>
          </params>
          <reporter-output>
          </reporter-output>
        </test-method> <!-- tearDownGUI -->
        <test-method is-config="true" signature="setUpMethod(java.lang.reflect.Method, java.lang.String)[pri:0, instance:TestSuite.RiskCountry.AddRiskCountry@74e52303]" started-at="2020-11-11T09:34:56 ICT" name="setUpMethod" finished-at="2020-11-11T09:35:04 ICT" duration-ms="8415" status="PASS">
          <params>
            <param index="0">
              <value>
                <![CDATA[public void TestSuite.RiskCountry.AddRiskCountry.ITS_05_10_003_024()]]>
              </value>
            </param>
            <param index="1">
              <value>
                <![CDATA[Edge]]>
              </value>
            </param>
          </params>
          <reporter-output>
          </reporter-output>
        </test-method> <!-- setUpMethod -->
        <test-method signature="ITS_05_10_003_024()[pri:0, instance:TestSuite.RiskCountry.AddRiskCountry@74e52303]" started-at="2020-11-11T09:35:04 ICT" name="ITS_05_10_003_024" finished-at="2020-11-11T09:35:12 ICT" duration-ms="8270" status="FAIL">
          <exception class="java.lang.AssertionError">
            <message>
              <![CDATA[Value is not correct: Expected: "リスク国を正常に更新しました。"; Actual: "リスク国を正常に登録しました。"]]>
            </message>
            <full-stacktrace>
              <![CDATA[java.lang.AssertionError: Value is not correct: Expected: "リスク国を正常に更新しました。"; Actual: "リスク国を正常に登録しました。"
at org.testng.Assert.fail(Assert.java:97)
at Common.Utilities.assertString(Utilities.java:565)
at Common.Utilities.assertTextValue(Utilities.java:492)
at CommonScreen.RiskCountry.addOrUpdateRiskCountrySucess(RiskCountry.java:246)
at TestSuite.RiskCountry.AddRiskCountry.addRiskCountrySucessfully(AddRiskCountry.java:194)
at TestSuite.RiskCountry.AddRiskCountry.ITS_05_10_003_024(AddRiskCountry.java:162)
at java.base/jdk.internal.reflect.NativeMethodAccessorImpl.invoke0(Native Method)
at java.base/jdk.internal.reflect.NativeMethodAccessorImpl.invoke(NativeMethodAccessorImpl.java:62)
at java.base/jdk.internal.reflect.DelegatingMethodAccessorImpl.invoke(DelegatingMethodAccessorImpl.java:43)
at java.base/java.lang.reflect.Method.invoke(Method.java:564)
at org.testng.internal.MethodInvocationHelper.invokeMethod(MethodInvocationHelper.java:131)
at org.testng.internal.Invoker.invokeMethod(Invoker.java:687)
at org.testng.internal.Invoker.invokeTestMethod(Invoker.java:821)
at org.testng.internal.Invoker.invokeTestMethods(Invoker.java:1128)
at org.testng.internal.TestMethodWorker.invokeTestMethods(TestMethodWorker.java:140)
at org.testng.internal.TestMethodWorker.run(TestMethodWorker.java:122)
at org.testng.TestRunner.privateRun(TestRunner.java:724)
at org.testng.TestRunner.run(TestRunner.java:574)
at org.testng.SuiteRunner.runTest(SuiteRunner.java:398)
at org.testng.SuiteRunner.runSequentially(SuiteRunner.java:392)
at org.testng.SuiteRunner.privateRun(SuiteRunner.java:354)
at org.testng.SuiteRunner.run(SuiteRunner.java:302)
at org.testng.SuiteRunnerWorker.runSuite(SuiteRunnerWorker.java:53)
at org.testng.SuiteRunnerWorker.run(SuiteRunnerWorker.java:96)
at org.testng.TestNG.runSuitesSequentially(TestNG.java:1142)
at org.testng.TestNG.runSuitesLocally(TestNG.java:1064)
at org.testng.TestNG.runSuites(TestNG.java:994)
at org.testng.TestNG.run(TestNG.java:962)
at org.testng.remote.AbstractRemoteTestNG.run(AbstractRemoteTestNG.java:115)
at org.testng.remote.RemoteTestNG.initAndRun(RemoteTestNG.java:251)
at org.testng.remote.RemoteTestNG.main(RemoteTestNG.java:77)
]]>
            </full-stacktrace>
          </exception> <!-- java.lang.AssertionError -->
          <reporter-output>
          </reporter-output>
        </test-method> <!-- ITS_05_10_003_024 -->
        <test-method is-config="true" signature="tearDownGUI(org.testng.ITestResult, java.lang.reflect.Method)[pri:0, instance:TestSuite.RiskCountry.AddRiskCountry@74e52303]" started-at="2020-11-11T09:35:12 ICT" name="tearDownGUI" finished-at="2020-11-11T09:35:12 ICT" duration-ms="145" status="PASS">
          <params>
            <param index="0">
              <value>
                <![CDATA[[TestResult name=ITS_05_10_003_024 status=FAILURE method=AddRiskCountry.ITS_05_10_003_024()[pri:0, instance:TestSuite.RiskCountry.AddRiskCountry@74e52303] output={null}]]]>
              </value>
            </param>
            <param index="1">
              <value>
                <![CDATA[public void TestSuite.RiskCountry.AddRiskCountry.ITS_05_10_003_024()]]>
              </value>
            </param>
          </params>
          <reporter-output>
          </reporter-output>
        </test-method> <!-- tearDownGUI -->
        <test-method is-config="true" signature="setUpMethod(java.lang.reflect.Method, java.lang.String)[pri:0, instance:TestSuite.RiskCountry.AddRiskCountry@74e52303]" started-at="2020-11-11T09:35:12 ICT" name="setUpMethod" finished-at="2020-11-11T09:35:21 ICT" duration-ms="9044" status="PASS">
          <params>
            <param index="0">
              <value>
                <![CDATA[public void TestSuite.RiskCountry.AddRiskCountry.ITS_05_10_003_025()]]>
              </value>
            </param>
            <param index="1">
              <value>
                <![CDATA[Edge]]>
              </value>
            </param>
          </params>
          <reporter-output>
          </reporter-output>
        </test-method> <!-- setUpMethod -->
        <test-method signature="ITS_05_10_003_025()[pri:0, instance:TestSuite.RiskCountry.AddRiskCountry@74e52303]" started-at="2020-11-11T09:35:21 ICT" name="ITS_05_10_003_025" finished-at="2020-11-11T09:35:37 ICT" duration-ms="15403" status="PASS">
          <reporter-output>
          </reporter-output>
        </test-method> <!-- ITS_05_10_003_025 -->
        <test-method is-config="true" signature="tearDownGUI(org.testng.ITestResult, java.lang.reflect.Method)[pri:0, instance:TestSuite.RiskCountry.AddRiskCountry@74e52303]" started-at="2020-11-11T09:35:37 ICT" name="tearDownGUI" finished-at="2020-11-11T09:35:37 ICT" duration-ms="1" status="PASS">
          <params>
            <param index="0">
              <value>
                <![CDATA[[TestResult name=ITS_05_10_003_025 status=SUCCESS method=AddRiskCountry.ITS_05_10_003_025()[pri:0, instance:TestSuite.RiskCountry.AddRiskCountry@74e52303] output={null}]]]>
              </value>
            </param>
            <param index="1">
              <value>
                <![CDATA[public void TestSuite.RiskCountry.AddRiskCountry.ITS_05_10_003_025()]]>
              </value>
            </param>
          </params>
          <reporter-output>
          </reporter-output>
        </test-method> <!-- tearDownGUI -->
        <test-method is-config="true" signature="tearDown()[pri:0, instance:TestSuite.RiskCountry.AddRiskCountry@74e52303]" started-at="2020-11-11T09:35:37 ICT" name="tearDown" finished-at="2020-11-11T09:35:37 ICT" duration-ms="443" status="PASS">
          <reporter-output>
          </reporter-output>
        </test-method> <!-- tearDown -->
        <test-method is-config="true" signature="afterClass()[pri:0, instance:TestSuite.RiskCountry.AddRiskCountry@74e52303]" started-at="2020-11-11T09:35:37 ICT" name="afterClass" finished-at="2020-11-11T09:35:37 ICT" duration-ms="0" status="PASS">
          <reporter-output>
          </reporter-output>
        </test-method> <!-- afterClass -->
      </class> <!-- TestSuite.RiskCountry.AddRiskCountry -->
      <class name="TestSuite.RiskCountry.SearchRiskCountry">
        <test-method is-config="true" signature="beforeClass()[pri:0, instance:TestSuite.RiskCountry.SearchRiskCountry@158da8e]" started-at="2020-11-11T09:30:26 ICT" name="beforeClass" finished-at="2020-11-11T09:30:26 ICT" duration-ms="19" status="PASS">
          <reporter-output>
          </reporter-output>
        </test-method> <!-- beforeClass -->
        <test-method is-config="true" signature="setUp(java.lang.String)[pri:0, instance:TestSuite.RiskCountry.SearchRiskCountry@158da8e]" started-at="2020-11-11T09:30:26 ICT" name="setUp" finished-at="2020-11-11T09:30:36 ICT" duration-ms="9533" status="PASS">
          <params>
            <param index="0">
              <value>
                <![CDATA[Edge]]>
              </value>
            </param>
          </params>
          <reporter-output>
          </reporter-output>
        </test-method> <!-- setUp -->
        <test-method is-config="true" signature="setUpMethod(java.lang.reflect.Method, java.lang.String)[pri:0, instance:TestSuite.RiskCountry.SearchRiskCountry@158da8e]" started-at="2020-11-11T09:30:36 ICT" name="setUpMethod" finished-at="2020-11-11T09:30:36 ICT" duration-ms="1" status="PASS">
          <params>
            <param index="0">
              <value>
                <![CDATA[public void TestSuite.RiskCountry.SearchRiskCountry.ITS_05_10_002_001()]]>
              </value>
            </param>
            <param index="1">
              <value>
                <![CDATA[Edge]]>
              </value>
            </param>
          </params>
          <reporter-output>
          </reporter-output>
        </test-method> <!-- setUpMethod -->
        <test-method signature="ITS_05_10_002_001()[pri:0, instance:TestSuite.RiskCountry.SearchRiskCountry@158da8e]" started-at="2020-11-11T09:30:36 ICT" name="ITS_05_10_002_001" finished-at="2020-11-11T09:30:44 ICT" duration-ms="8429" status="PASS">
          <reporter-output>
          </reporter-output>
        </test-method> <!-- ITS_05_10_002_001 -->
        <test-method is-config="true" signature="tearDownGUI(org.testng.ITestResult, java.lang.reflect.Method)[pri:0, instance:TestSuite.RiskCountry.SearchRiskCountry@158da8e]" started-at="2020-11-11T09:30:44 ICT" name="tearDownGUI" finished-at="2020-11-11T09:30:44 ICT" duration-ms="0" status="PASS">
          <params>
            <param index="0">
              <value>
                <![CDATA[[TestResult name=ITS_05_10_002_001 status=SUCCESS method=SearchRiskCountry.ITS_05_10_002_001()[pri:0, instance:TestSuite.RiskCountry.SearchRiskCountry@158da8e] output={null}]]]>
              </value>
            </param>
            <param index="1">
              <value>
                <![CDATA[public void TestSuite.RiskCountry.SearchRiskCountry.ITS_05_10_002_001()]]>
              </value>
            </param>
          </params>
          <reporter-output>
          </reporter-output>
        </test-method> <!-- tearDownGUI -->
        <test-method is-config="true" signature="setUpMethod(java.lang.reflect.Method, java.lang.String)[pri:0, instance:TestSuite.RiskCountry.SearchRiskCountry@158da8e]" started-at="2020-11-11T09:30:44 ICT" name="setUpMethod" finished-at="2020-11-11T09:30:44 ICT" duration-ms="0" status="PASS">
          <params>
            <param index="0">
              <value>
                <![CDATA[public void TestSuite.RiskCountry.SearchRiskCountry.ITS_05_10_002_002()]]>
              </value>
            </param>
            <param index="1">
              <value>
                <![CDATA[Edge]]>
              </value>
            </param>
          </params>
          <reporter-output>
          </reporter-output>
        </test-method> <!-- setUpMethod -->
        <test-method signature="ITS_05_10_002_002()[pri:0, instance:TestSuite.RiskCountry.SearchRiskCountry@158da8e]" started-at="2020-11-11T09:30:44 ICT" name="ITS_05_10_002_002" finished-at="2020-11-11T09:30:52 ICT" duration-ms="8423" status="PASS">
          <reporter-output>
          </reporter-output>
        </test-method> <!-- ITS_05_10_002_002 -->
        <test-method is-config="true" signature="setUpMethod(java.lang.reflect.Method, java.lang.String)[pri:0, instance:TestSuite.RiskCountry.SearchRiskCountry@158da8e]" started-at="2020-11-11T09:30:52 ICT" name="setUpMethod" finished-at="2020-11-11T09:30:52 ICT" duration-ms="0" status="PASS">
          <params>
            <param index="0">
              <value>
                <![CDATA[public void TestSuite.RiskCountry.SearchRiskCountry.ITS_05_10_002_003()]]>
              </value>
            </param>
            <param index="1">
              <value>
                <![CDATA[Edge]]>
              </value>
            </param>
          </params>
          <reporter-output>
          </reporter-output>
        </test-method> <!-- setUpMethod -->
        <test-method signature="ITS_05_10_002_003()[pri:0, instance:TestSuite.RiskCountry.SearchRiskCountry@158da8e]" started-at="2020-11-11T09:30:52 ICT" name="ITS_05_10_002_003" finished-at="2020-11-11T09:31:00 ICT" duration-ms="7365" status="PASS">
          <reporter-output>
          </reporter-output>
        </test-method> <!-- ITS_05_10_002_003 -->
        <test-method is-config="true" signature="tearDownGUI(org.testng.ITestResult, java.lang.reflect.Method)[pri:0, instance:TestSuite.RiskCountry.SearchRiskCountry@158da8e]" started-at="2020-11-11T09:30:52 ICT" name="tearDownGUI" finished-at="2020-11-11T09:30:52 ICT" duration-ms="0" status="PASS">
          <params>
            <param index="0">
              <value>
                <![CDATA[[TestResult name=ITS_05_10_002_002 status=SUCCESS method=SearchRiskCountry.ITS_05_10_002_002()[pri:0, instance:TestSuite.RiskCountry.SearchRiskCountry@158da8e] output={null}]]]>
              </value>
            </param>
            <param index="1">
              <value>
                <![CDATA[public void TestSuite.RiskCountry.SearchRiskCountry.ITS_05_10_002_002()]]>
              </value>
            </param>
          </params>
          <reporter-output>
          </reporter-output>
        </test-method> <!-- tearDownGUI -->
        <test-method is-config="true" signature="tearDownGUI(org.testng.ITestResult, java.lang.reflect.Method)[pri:0, instance:TestSuite.RiskCountry.SearchRiskCountry@158da8e]" started-at="2020-11-11T09:31:00 ICT" name="tearDownGUI" finished-at="2020-11-11T09:31:00 ICT" duration-ms="0" status="PASS">
          <params>
            <param index="0">
              <value>
                <![CDATA[[TestResult name=ITS_05_10_002_003 status=SUCCESS method=SearchRiskCountry.ITS_05_10_002_003()[pri:0, instance:TestSuite.RiskCountry.SearchRiskCountry@158da8e] output={null}]]]>
              </value>
            </param>
            <param index="1">
              <value>
                <![CDATA[public void TestSuite.RiskCountry.SearchRiskCountry.ITS_05_10_002_003()]]>
              </value>
            </param>
          </params>
          <reporter-output>
          </reporter-output>
        </test-method> <!-- tearDownGUI -->
        <test-method is-config="true" signature="setUpMethod(java.lang.reflect.Method, java.lang.String)[pri:0, instance:TestSuite.RiskCountry.SearchRiskCountry@158da8e]" started-at="2020-11-11T09:31:00 ICT" name="setUpMethod" finished-at="2020-11-11T09:31:00 ICT" duration-ms="0" status="PASS">
          <params>
            <param index="0">
              <value>
                <![CDATA[public void TestSuite.RiskCountry.SearchRiskCountry.ITS_05_10_002_009()]]>
              </value>
            </param>
            <param index="1">
              <value>
                <![CDATA[Edge]]>
              </value>
            </param>
          </params>
          <reporter-output>
          </reporter-output>
        </test-method> <!-- setUpMethod -->
        <test-method signature="ITS_05_10_002_009()[pri:0, instance:TestSuite.RiskCountry.SearchRiskCountry@158da8e]" started-at="2020-11-11T09:31:00 ICT" name="ITS_05_10_002_009" finished-at="2020-11-11T09:31:06 ICT" duration-ms="6310" status="PASS">
          <reporter-output>
          </reporter-output>
        </test-method> <!-- ITS_05_10_002_009 -->
        <test-method signature="ITS_05_10_002_010()[pri:0, instance:TestSuite.RiskCountry.SearchRiskCountry@158da8e]" started-at="2020-11-11T09:31:06 ICT" name="ITS_05_10_002_010" finished-at="2020-11-11T09:31:13 ICT" duration-ms="6954" status="PASS">
          <reporter-output>
          </reporter-output>
        </test-method> <!-- ITS_05_10_002_010 -->
        <test-method is-config="true" signature="setUpMethod(java.lang.reflect.Method, java.lang.String)[pri:0, instance:TestSuite.RiskCountry.SearchRiskCountry@158da8e]" started-at="2020-11-11T09:31:06 ICT" name="setUpMethod" finished-at="2020-11-11T09:31:06 ICT" duration-ms="0" status="PASS">
          <params>
            <param index="0">
              <value>
                <![CDATA[public void TestSuite.RiskCountry.SearchRiskCountry.ITS_05_10_002_010()]]>
              </value>
            </param>
            <param index="1">
              <value>
                <![CDATA[Edge]]>
              </value>
            </param>
          </params>
          <reporter-output>
          </reporter-output>
        </test-method> <!-- setUpMethod -->
        <test-method is-config="true" signature="tearDownGUI(org.testng.ITestResult, java.lang.reflect.Method)[pri:0, instance:TestSuite.RiskCountry.SearchRiskCountry@158da8e]" started-at="2020-11-11T09:31:06 ICT" name="tearDownGUI" finished-at="2020-11-11T09:31:06 ICT" duration-ms="0" status="PASS">
          <params>
            <param index="0">
              <value>
                <![CDATA[[TestResult name=ITS_05_10_002_009 status=SUCCESS method=SearchRiskCountry.ITS_05_10_002_009()[pri:0, instance:TestSuite.RiskCountry.SearchRiskCountry@158da8e] output={null}]]]>
              </value>
            </param>
            <param index="1">
              <value>
                <![CDATA[public void TestSuite.RiskCountry.SearchRiskCountry.ITS_05_10_002_009()]]>
              </value>
            </param>
          </params>
          <reporter-output>
          </reporter-output>
        </test-method> <!-- tearDownGUI -->
        <test-method is-config="true" signature="tearDownGUI(org.testng.ITestResult, java.lang.reflect.Method)[pri:0, instance:TestSuite.RiskCountry.SearchRiskCountry@158da8e]" started-at="2020-11-11T09:31:13 ICT" name="tearDownGUI" finished-at="2020-11-11T09:31:13 ICT" duration-ms="0" status="PASS">
          <params>
            <param index="0">
              <value>
                <![CDATA[[TestResult name=ITS_05_10_002_010 status=SUCCESS method=SearchRiskCountry.ITS_05_10_002_010()[pri:0, instance:TestSuite.RiskCountry.SearchRiskCountry@158da8e] output={null}]]]>
              </value>
            </param>
            <param index="1">
              <value>
                <![CDATA[public void TestSuite.RiskCountry.SearchRiskCountry.ITS_05_10_002_010()]]>
              </value>
            </param>
          </params>
          <reporter-output>
          </reporter-output>
        </test-method> <!-- tearDownGUI -->
        <test-method signature="ITS_05_10_002_011()[pri:0, instance:TestSuite.RiskCountry.SearchRiskCountry@158da8e]" started-at="2020-11-11T09:31:13 ICT" name="ITS_05_10_002_011" finished-at="2020-11-11T09:31:19 ICT" duration-ms="5838" status="PASS">
          <reporter-output>
          </reporter-output>
        </test-method> <!-- ITS_05_10_002_011 -->
        <test-method is-config="true" signature="setUpMethod(java.lang.reflect.Method, java.lang.String)[pri:0, instance:TestSuite.RiskCountry.SearchRiskCountry@158da8e]" started-at="2020-11-11T09:31:13 ICT" name="setUpMethod" finished-at="2020-11-11T09:31:13 ICT" duration-ms="0" status="PASS">
          <params>
            <param index="0">
              <value>
                <![CDATA[public void TestSuite.RiskCountry.SearchRiskCountry.ITS_05_10_002_011()]]>
              </value>
            </param>
            <param index="1">
              <value>
                <![CDATA[Edge]]>
              </value>
            </param>
          </params>
          <reporter-output>
          </reporter-output>
        </test-method> <!-- setUpMethod -->
        <test-method is-config="true" signature="tearDownGUI(org.testng.ITestResult, java.lang.reflect.Method)[pri:0, instance:TestSuite.RiskCountry.SearchRiskCountry@158da8e]" started-at="2020-11-11T09:31:19 ICT" name="tearDownGUI" finished-at="2020-11-11T09:31:19 ICT" duration-ms="0" status="PASS">
          <params>
            <param index="0">
              <value>
                <![CDATA[[TestResult name=ITS_05_10_002_011 status=SUCCESS method=SearchRiskCountry.ITS_05_10_002_011()[pri:0, instance:TestSuite.RiskCountry.SearchRiskCountry@158da8e] output={null}]]]>
              </value>
            </param>
            <param index="1">
              <value>
                <![CDATA[public void TestSuite.RiskCountry.SearchRiskCountry.ITS_05_10_002_011()]]>
              </value>
            </param>
          </params>
          <reporter-output>
          </reporter-output>
        </test-method> <!-- tearDownGUI -->
        <test-method signature="ITS_05_10_002_012()[pri:0, instance:TestSuite.RiskCountry.SearchRiskCountry@158da8e]" started-at="2020-11-11T09:31:19 ICT" name="ITS_05_10_002_012" finished-at="2020-11-11T09:31:28 ICT" duration-ms="8785" status="PASS">
          <reporter-output>
          </reporter-output>
        </test-method> <!-- ITS_05_10_002_012 -->
        <test-method is-config="true" signature="setUpMethod(java.lang.reflect.Method, java.lang.String)[pri:0, instance:TestSuite.RiskCountry.SearchRiskCountry@158da8e]" started-at="2020-11-11T09:31:19 ICT" name="setUpMethod" finished-at="2020-11-11T09:31:19 ICT" duration-ms="0" status="PASS">
          <params>
            <param index="0">
              <value>
                <![CDATA[public void TestSuite.RiskCountry.SearchRiskCountry.ITS_05_10_002_012()]]>
              </value>
            </param>
            <param index="1">
              <value>
                <![CDATA[Edge]]>
              </value>
            </param>
          </params>
          <reporter-output>
          </reporter-output>
        </test-method> <!-- setUpMethod -->
        <test-method is-config="true" signature="tearDownGUI(org.testng.ITestResult, java.lang.reflect.Method)[pri:0, instance:TestSuite.RiskCountry.SearchRiskCountry@158da8e]" started-at="2020-11-11T09:31:28 ICT" name="tearDownGUI" finished-at="2020-11-11T09:31:28 ICT" duration-ms="0" status="PASS">
          <params>
            <param index="0">
              <value>
                <![CDATA[[TestResult name=ITS_05_10_002_012 status=SUCCESS method=SearchRiskCountry.ITS_05_10_002_012()[pri:0, instance:TestSuite.RiskCountry.SearchRiskCountry@158da8e] output={null}]]]>
              </value>
            </param>
            <param index="1">
              <value>
                <![CDATA[public void TestSuite.RiskCountry.SearchRiskCountry.ITS_05_10_002_012()]]>
              </value>
            </param>
          </params>
          <reporter-output>
          </reporter-output>
        </test-method> <!-- tearDownGUI -->
        <test-method signature="ITS_05_10_002_013()[pri:0, instance:TestSuite.RiskCountry.SearchRiskCountry@158da8e]" started-at="2020-11-11T09:31:28 ICT" name="ITS_05_10_002_013" finished-at="2020-11-11T09:31:33 ICT" duration-ms="5458" status="PASS">
          <reporter-output>
          </reporter-output>
        </test-method> <!-- ITS_05_10_002_013 -->
        <test-method is-config="true" signature="setUpMethod(java.lang.reflect.Method, java.lang.String)[pri:0, instance:TestSuite.RiskCountry.SearchRiskCountry@158da8e]" started-at="2020-11-11T09:31:28 ICT" name="setUpMethod" finished-at="2020-11-11T09:31:28 ICT" duration-ms="0" status="PASS">
          <params>
            <param index="0">
              <value>
                <![CDATA[public void TestSuite.RiskCountry.SearchRiskCountry.ITS_05_10_002_013()]]>
              </value>
            </param>
            <param index="1">
              <value>
                <![CDATA[Edge]]>
              </value>
            </param>
          </params>
          <reporter-output>
          </reporter-output>
        </test-method> <!-- setUpMethod -->
        <test-method is-config="true" signature="setUpMethod(java.lang.reflect.Method, java.lang.String)[pri:0, instance:TestSuite.RiskCountry.SearchRiskCountry@158da8e]" started-at="2020-11-11T09:31:33 ICT" name="setUpMethod" finished-at="2020-11-11T09:31:33 ICT" duration-ms="0" status="PASS">
          <params>
            <param index="0">
              <value>
                <![CDATA[public void TestSuite.RiskCountry.SearchRiskCountry.ITS_05_10_002_017()]]>
              </value>
            </param>
            <param index="1">
              <value>
                <![CDATA[Edge]]>
              </value>
            </param>
          </params>
          <reporter-output>
          </reporter-output>
        </test-method> <!-- setUpMethod -->
        <test-method is-config="true" signature="tearDownGUI(org.testng.ITestResult, java.lang.reflect.Method)[pri:0, instance:TestSuite.RiskCountry.SearchRiskCountry@158da8e]" started-at="2020-11-11T09:31:33 ICT" name="tearDownGUI" finished-at="2020-11-11T09:31:33 ICT" duration-ms="0" status="PASS">
          <params>
            <param index="0">
              <value>
                <![CDATA[[TestResult name=ITS_05_10_002_013 status=SUCCESS method=SearchRiskCountry.ITS_05_10_002_013()[pri:0, instance:TestSuite.RiskCountry.SearchRiskCountry@158da8e] output={null}]]]>
              </value>
            </param>
            <param index="1">
              <value>
                <![CDATA[public void TestSuite.RiskCountry.SearchRiskCountry.ITS_05_10_002_013()]]>
              </value>
            </param>
          </params>
          <reporter-output>
          </reporter-output>
        </test-method> <!-- tearDownGUI -->
        <test-method signature="ITS_05_10_002_017()[pri:0, instance:TestSuite.RiskCountry.SearchRiskCountry@158da8e]" started-at="2020-11-11T09:31:33 ICT" name="ITS_05_10_002_017" finished-at="2020-11-11T09:31:39 ICT" duration-ms="5674" status="PASS">
          <reporter-output>
          </reporter-output>
        </test-method> <!-- ITS_05_10_002_017 -->
        <test-method is-config="true" signature="tearDownGUI(org.testng.ITestResult, java.lang.reflect.Method)[pri:0, instance:TestSuite.RiskCountry.SearchRiskCountry@158da8e]" started-at="2020-11-11T09:31:39 ICT" name="tearDownGUI" finished-at="2020-11-11T09:31:39 ICT" duration-ms="1" status="PASS">
          <params>
            <param index="0">
              <value>
                <![CDATA[[TestResult name=ITS_05_10_002_017 status=SUCCESS method=SearchRiskCountry.ITS_05_10_002_017()[pri:0, instance:TestSuite.RiskCountry.SearchRiskCountry@158da8e] output={null}]]]>
              </value>
            </param>
            <param index="1">
              <value>
                <![CDATA[public void TestSuite.RiskCountry.SearchRiskCountry.ITS_05_10_002_017()]]>
              </value>
            </param>
          </params>
          <reporter-output>
          </reporter-output>
        </test-method> <!-- tearDownGUI -->
        <test-method signature="ITS_05_10_002_018()[pri:0, instance:TestSuite.RiskCountry.SearchRiskCountry@158da8e]" started-at="2020-11-11T09:31:39 ICT" name="ITS_05_10_002_018" finished-at="2020-11-11T09:31:45 ICT" duration-ms="6184" status="PASS">
          <reporter-output>
          </reporter-output>
        </test-method> <!-- ITS_05_10_002_018 -->
        <test-method is-config="true" signature="setUpMethod(java.lang.reflect.Method, java.lang.String)[pri:0, instance:TestSuite.RiskCountry.SearchRiskCountry@158da8e]" started-at="2020-11-11T09:31:39 ICT" name="setUpMethod" finished-at="2020-11-11T09:31:39 ICT" duration-ms="0" status="PASS">
          <params>
            <param index="0">
              <value>
                <![CDATA[public void TestSuite.RiskCountry.SearchRiskCountry.ITS_05_10_002_018()]]>
              </value>
            </param>
            <param index="1">
              <value>
                <![CDATA[Edge]]>
              </value>
            </param>
          </params>
          <reporter-output>
          </reporter-output>
        </test-method> <!-- setUpMethod -->
        <test-method is-config="true" signature="tearDownGUI(org.testng.ITestResult, java.lang.reflect.Method)[pri:0, instance:TestSuite.RiskCountry.SearchRiskCountry@158da8e]" started-at="2020-11-11T09:31:45 ICT" name="tearDownGUI" finished-at="2020-11-11T09:31:45 ICT" duration-ms="1" status="PASS">
          <params>
            <param index="0">
              <value>
                <![CDATA[[TestResult name=ITS_05_10_002_018 status=SUCCESS method=SearchRiskCountry.ITS_05_10_002_018()[pri:0, instance:TestSuite.RiskCountry.SearchRiskCountry@158da8e] output={null}]]]>
              </value>
            </param>
            <param index="1">
              <value>
                <![CDATA[public void TestSuite.RiskCountry.SearchRiskCountry.ITS_05_10_002_018()]]>
              </value>
            </param>
          </params>
          <reporter-output>
          </reporter-output>
        </test-method> <!-- tearDownGUI -->
        <test-method is-config="true" signature="setUpMethod(java.lang.reflect.Method, java.lang.String)[pri:0, instance:TestSuite.RiskCountry.SearchRiskCountry@158da8e]" started-at="2020-11-11T09:31:45 ICT" name="setUpMethod" finished-at="2020-11-11T09:31:45 ICT" duration-ms="0" status="PASS">
          <params>
            <param index="0">
              <value>
                <![CDATA[public void TestSuite.RiskCountry.SearchRiskCountry.ITS_05_10_002_019()]]>
              </value>
            </param>
            <param index="1">
              <value>
                <![CDATA[Edge]]>
              </value>
            </param>
          </params>
          <reporter-output>
          </reporter-output>
        </test-method> <!-- setUpMethod -->
        <test-method signature="ITS_05_10_002_019()[pri:0, instance:TestSuite.RiskCountry.SearchRiskCountry@158da8e]" started-at="2020-11-11T09:31:45 ICT" name="ITS_05_10_002_019" finished-at="2020-11-11T09:31:51 ICT" duration-ms="6151" status="PASS">
          <reporter-output>
          </reporter-output>
        </test-method> <!-- ITS_05_10_002_019 -->
        <test-method is-config="true" signature="tearDownGUI(org.testng.ITestResult, java.lang.reflect.Method)[pri:0, instance:TestSuite.RiskCountry.SearchRiskCountry@158da8e]" started-at="2020-11-11T09:31:51 ICT" name="tearDownGUI" finished-at="2020-11-11T09:31:51 ICT" duration-ms="0" status="PASS">
          <params>
            <param index="0">
              <value>
                <![CDATA[[TestResult name=ITS_05_10_002_019 status=SUCCESS method=SearchRiskCountry.ITS_05_10_002_019()[pri:0, instance:TestSuite.RiskCountry.SearchRiskCountry@158da8e] output={null}]]]>
              </value>
            </param>
            <param index="1">
              <value>
                <![CDATA[public void TestSuite.RiskCountry.SearchRiskCountry.ITS_05_10_002_019()]]>
              </value>
            </param>
          </params>
          <reporter-output>
          </reporter-output>
        </test-method> <!-- tearDownGUI -->
        <test-method is-config="true" signature="setUpMethod(java.lang.reflect.Method, java.lang.String)[pri:0, instance:TestSuite.RiskCountry.SearchRiskCountry@158da8e]" started-at="2020-11-11T09:31:51 ICT" name="setUpMethod" finished-at="2020-11-11T09:31:51 ICT" duration-ms="0" status="PASS">
          <params>
            <param index="0">
              <value>
                <![CDATA[public void TestSuite.RiskCountry.SearchRiskCountry.ITS_05_10_002_020()]]>
              </value>
            </param>
            <param index="1">
              <value>
                <![CDATA[Edge]]>
              </value>
            </param>
          </params>
          <reporter-output>
          </reporter-output>
        </test-method> <!-- setUpMethod -->
        <test-method signature="ITS_05_10_002_020()[pri:0, instance:TestSuite.RiskCountry.SearchRiskCountry@158da8e]" started-at="2020-11-11T09:31:51 ICT" name="ITS_05_10_002_020" finished-at="2020-11-11T09:31:57 ICT" duration-ms="6103" status="PASS">
          <reporter-output>
          </reporter-output>
        </test-method> <!-- ITS_05_10_002_020 -->
        <test-method is-config="true" signature="setUpMethod(java.lang.reflect.Method, java.lang.String)[pri:0, instance:TestSuite.RiskCountry.SearchRiskCountry@158da8e]" started-at="2020-11-11T09:31:57 ICT" name="setUpMethod" finished-at="2020-11-11T09:31:57 ICT" duration-ms="1" status="PASS">
          <params>
            <param index="0">
              <value>
                <![CDATA[public void TestSuite.RiskCountry.SearchRiskCountry.ITS_05_10_002_021()]]>
              </value>
            </param>
            <param index="1">
              <value>
                <![CDATA[Edge]]>
              </value>
            </param>
          </params>
          <reporter-output>
          </reporter-output>
        </test-method> <!-- setUpMethod -->
        <test-method is-config="true" signature="tearDownGUI(org.testng.ITestResult, java.lang.reflect.Method)[pri:0, instance:TestSuite.RiskCountry.SearchRiskCountry@158da8e]" started-at="2020-11-11T09:31:57 ICT" name="tearDownGUI" finished-at="2020-11-11T09:31:57 ICT" duration-ms="0" status="PASS">
          <params>
            <param index="0">
              <value>
                <![CDATA[[TestResult name=ITS_05_10_002_020 status=SUCCESS method=SearchRiskCountry.ITS_05_10_002_020()[pri:0, instance:TestSuite.RiskCountry.SearchRiskCountry@158da8e] output={null}]]]>
              </value>
            </param>
            <param index="1">
              <value>
                <![CDATA[public void TestSuite.RiskCountry.SearchRiskCountry.ITS_05_10_002_020()]]>
              </value>
            </param>
          </params>
          <reporter-output>
          </reporter-output>
        </test-method> <!-- tearDownGUI -->
        <test-method signature="ITS_05_10_002_021()[pri:0, instance:TestSuite.RiskCountry.SearchRiskCountry@158da8e]" started-at="2020-11-11T09:31:57 ICT" name="ITS_05_10_002_021" finished-at="2020-11-11T09:32:03 ICT" duration-ms="6115" status="PASS">
          <reporter-output>
          </reporter-output>
        </test-method> <!-- ITS_05_10_002_021 -->
        <test-method is-config="true" signature="tearDownGUI(org.testng.ITestResult, java.lang.reflect.Method)[pri:0, instance:TestSuite.RiskCountry.SearchRiskCountry@158da8e]" started-at="2020-11-11T09:32:03 ICT" name="tearDownGUI" finished-at="2020-11-11T09:32:03 ICT" duration-ms="0" status="PASS">
          <params>
            <param index="0">
              <value>
                <![CDATA[[TestResult name=ITS_05_10_002_021 status=SUCCESS method=SearchRiskCountry.ITS_05_10_002_021()[pri:0, instance:TestSuite.RiskCountry.SearchRiskCountry@158da8e] output={null}]]]>
              </value>
            </param>
            <param index="1">
              <value>
                <![CDATA[public void TestSuite.RiskCountry.SearchRiskCountry.ITS_05_10_002_021()]]>
              </value>
            </param>
          </params>
          <reporter-output>
          </reporter-output>
        </test-method> <!-- tearDownGUI -->
        <test-method is-config="true" signature="tearDown()[pri:0, instance:TestSuite.RiskCountry.SearchRiskCountry@158da8e]" started-at="2020-11-11T09:32:03 ICT" name="tearDown" finished-at="2020-11-11T09:32:04 ICT" duration-ms="467" status="PASS">
[...]
          <params>
            <param index="0">
              <value>
                <![CDATA[public void TestSuite.UserManagement.ImportUser.ITS_05_09_006_014()]]>
              </value>
            </param>
            <param index="1">
              <value>
                <![CDATA[Edge]]>
              </value>
            </param>
          </params>
          <reporter-output>
          </reporter-output>
        </test-method> <!-- setUpMethod -->
        <test-method signature="ITS_05_09_006_014()[pri:0, instance:TestSuite.UserManagement.ImportUser@71809907]" started-at="2020-11-11T09:27:26 ICT" name="ITS_05_09_006_014" finished-at="2020-11-11T09:27:27 ICT" duration-ms="1152" status="PASS">
          <reporter-output>
          </reporter-output>
        </test-method> <!-- ITS_05_09_006_014 -->
        <test-method is-config="true" signature="tearDownGUI(org.testng.ITestResult, java.lang.reflect.Method)[pri:0, instance:TestSuite.UserManagement.ImportUser@71809907]" started-at="2020-11-11T09:27:27 ICT" name="tearDownGUI" finished-at="2020-11-11T09:27:28 ICT" duration-ms="709" status="PASS">
          <params>
            <param index="0">
              <value>
                <![CDATA[[TestResult name=ITS_05_09_006_014 status=SUCCESS method=ImportUser.ITS_05_09_006_014()[pri:0, instance:TestSuite.UserManagement.ImportUser@71809907] output={null}]]]>
              </value>
            </param>
            <param index="1">
              <value>
                <![CDATA[public void TestSuite.UserManagement.ImportUser.ITS_05_09_006_014()]]>
              </value>
            </param>
          </params>
          <reporter-output>
          </reporter-output>
        </test-method> <!-- tearDownGUI -->
        <test-method is-config="true" signature="setUpMethod(java.lang.reflect.Method, java.lang.String)[pri:0, instance:TestSuite.UserManagement.ImportUser@71809907]" started-at="2020-11-11T09:27:28 ICT" name="setUpMethod" finished-at="2020-11-11T09:27:29 ICT" duration-ms="837" status="PASS">
          <params>
            <param index="0">
              <value>
                <![CDATA[public void TestSuite.UserManagement.ImportUser.ITS_05_09_006_016()]]>
              </value>
            </param>
            <param index="1">
              <value>
                <![CDATA[Edge]]>
              </value>
            </param>
          </params>
          <reporter-output>
          </reporter-output>
        </test-method> <!-- setUpMethod -->
        <test-method signature="ITS_05_09_006_016()[pri:0, instance:TestSuite.UserManagement.ImportUser@71809907]" started-at="2020-11-11T09:27:29 ICT" name="ITS_05_09_006_016" finished-at="2020-11-11T09:27:31 ICT" duration-ms="1839" status="PASS">
          <reporter-output>
          </reporter-output>
        </test-method> <!-- ITS_05_09_006_016 -->
        <test-method is-config="true" signature="tearDownGUI(org.testng.ITestResult, java.lang.reflect.Method)[pri:0, instance:TestSuite.UserManagement.ImportUser@71809907]" started-at="2020-11-11T09:27:31 ICT" name="tearDownGUI" finished-at="2020-11-11T09:27:31 ICT" duration-ms="686" status="PASS">
          <params>
            <param index="0">
              <value>
                <![CDATA[[TestResult name=ITS_05_09_006_016 status=SUCCESS method=ImportUser.ITS_05_09_006_016()[pri:0, instance:TestSuite.UserManagement.ImportUser@71809907] output={null}]]]>
              </value>
            </param>
            <param index="1">
              <value>
                <![CDATA[public void TestSuite.UserManagement.ImportUser.ITS_05_09_006_016()]]>
              </value>
            </param>
          </params>
          <reporter-output>
          </reporter-output>
        </test-method> <!-- tearDownGUI -->
        <test-method signature="ITS_05_09_006_006()[pri:5, instance:TestSuite.UserManagement.ImportUser@71809907]" started-at="2020-11-11T09:37:05 ICT" name="ITS_05_09_006_006" finished-at="2020-11-11T09:37:17 ICT" duration-ms="12105" status="FAIL">
          <exception class="java.lang.AssertionError">
            <message>
              <![CDATA[Element with locator By.xpath: //div[(contains(@style,'display: block'))]//*[@class='modal-content']//*[@class='modal-title'] doesn't exist]]>
            </message>
            <full-stacktrace>
              <![CDATA[java.lang.AssertionError: Element with locator By.xpath: //div[(contains(@style,'display: block'))]//*[@class='modal-content']//*[@class='modal-title'] doesn't exist
at org.testng.Assert.fail(Assert.java:97)
at Common.Utilities.assertElementVisible(Utilities.java:431)
at Common.Utilities.clickObscuredElement(Utilities.java:231)
at CommonScreen.UserManagement.importUserSuccessfully(UserManagement.java:259)
at TestSuite.UserManagement.ImportUser.ITS_05_09_006_006(ImportUser.java:121)
at java.base/jdk.internal.reflect.NativeMethodAccessorImpl.invoke0(Native Method)
at java.base/jdk.internal.reflect.NativeMethodAccessorImpl.invoke(NativeMethodAccessorImpl.java:62)
at java.base/jdk.internal.reflect.DelegatingMethodAccessorImpl.invoke(DelegatingMethodAccessorImpl.java:43)
at java.base/java.lang.reflect.Method.invoke(Method.java:564)
at org.testng.internal.MethodInvocationHelper.invokeMethod(MethodInvocationHelper.java:131)
at org.testng.internal.Invoker.invokeMethod(Invoker.java:687)
at org.testng.internal.Invoker.invokeTestMethod(Invoker.java:821)
at org.testng.internal.Invoker.invokeTestMethods(Invoker.java:1128)
at org.testng.internal.TestMethodWorker.invokeTestMethods(TestMethodWorker.java:140)
at org.testng.internal.TestMethodWorker.run(TestMethodWorker.java:122)
at org.testng.TestRunner.privateRun(TestRunner.java:724)
at org.testng.TestRunner.run(TestRunner.java:574)
at org.testng.SuiteRunner.runTest(SuiteRunner.java:398)
at org.testng.SuiteRunner.runSequentially(SuiteRunner.java:392)
at org.testng.SuiteRunner.privateRun(SuiteRunner.java:354)
at org.testng.SuiteRunner.run(SuiteRunner.java:302)
at org.testng.SuiteRunnerWorker.runSuite(SuiteRunnerWorker.java:53)
at org.testng.SuiteRunnerWorker.run(SuiteRunnerWorker.java:96)
at org.testng.TestNG.runSuitesSequentially(TestNG.java:1142)
at org.testng.TestNG.runSuitesLocally(TestNG.java:1064)
at org.testng.TestNG.runSuites(TestNG.java:994)
at org.testng.TestNG.run(TestNG.java:962)
at org.testng.remote.AbstractRemoteTestNG.run(AbstractRemoteTestNG.java:115)
at org.testng.remote.RemoteTestNG.initAndRun(RemoteTestNG.java:251)
at org.testng.remote.RemoteTestNG.main(RemoteTestNG.java:77)
]]>
            </full-stacktrace>
          </exception> <!-- java.lang.AssertionError -->
          <reporter-output>
          </reporter-output>
        </test-method> <!-- ITS_05_09_006_006 -->
        <test-method is-config="true" signature="setUpMethod(java.lang.reflect.Method, java.lang.String)[pri:0, instance:TestSuite.UserManagement.ImportUser@71809907]" started-at="2020-11-11T09:37:05 ICT" name="setUpMethod" finished-at="2020-11-11T09:37:05 ICT" duration-ms="0" status="PASS">
          <params>
            <param index="0">
              <value>
                <![CDATA[public void TestSuite.UserManagement.ImportUser.ITS_05_09_006_006()]]>
              </value>
            </param>
            <param index="1">
              <value>
                <![CDATA[Edge]]>
              </value>
            </param>
          </params>
          <reporter-output>
          </reporter-output>
        </test-method> <!-- setUpMethod -->
        <test-method is-config="true" signature="tearDownGUI(org.testng.ITestResult, java.lang.reflect.Method)[pri:0, instance:TestSuite.UserManagement.ImportUser@71809907]" started-at="2020-11-11T09:37:17 ICT" name="tearDownGUI" finished-at="2020-11-11T09:37:33 ICT" duration-ms="16051" status="FAIL">
          <params>
            <param index="0">
              <value>
                <![CDATA[[TestResult name=ITS_05_09_006_006 status=FAILURE method=ImportUser.ITS_05_09_006_006()[pri:5, instance:TestSuite.UserManagement.ImportUser@71809907] output={null}]]]>
              </value>
            </param>
            <param index="1">
              <value>
                <![CDATA[public void TestSuite.UserManagement.ImportUser.ITS_05_09_006_006()]]>
              </value>
            </param>
          </params>
          <exception class="java.lang.AssertionError">
            <message>
              <![CDATA[Element with locator By.xpath: //div[(contains(@style,'display: block'))]//*[@class='modal-content'] still exist]]>
            </message>
            <full-stacktrace>
              <![CDATA[java.lang.AssertionError: Element with locator By.xpath: //div[(contains(@style,'display: block'))]//*[@class='modal-content'] still exist
at org.testng.Assert.fail(Assert.java:97)
at Common.Utilities.assertElementNotExists(Utilities.java:416)
at Common.Utilities.clickObscuredElementToNotVisible(Utilities.java:274)
at TestSuite.UserManagement.ImportUser.tearDownGUI(ImportUser.java:179)
at java.base/jdk.internal.reflect.NativeMethodAccessorImpl.invoke0(Native Method)
at java.base/jdk.internal.reflect.NativeMethodAccessorImpl.invoke(NativeMethodAccessorImpl.java:62)
at java.base/jdk.internal.reflect.DelegatingMethodAccessorImpl.invoke(DelegatingMethodAccessorImpl.java:43)
at java.base/java.lang.reflect.Method.invoke(Method.java:564)
at org.testng.internal.MethodInvocationHelper.invokeMethod(MethodInvocationHelper.java:131)
at org.testng.internal.MethodInvocationHelper.invokeMethodConsideringTimeout(MethodInvocationHelper.java:61)
at org.testng.internal.Invoker.invokeConfigurationMethod(Invoker.java:519)
at org.testng.internal.Invoker.invokeConfigurations(Invoker.java:243)
at org.testng.internal.Invoker.invokeMethod(Invoker.java:743)
at org.testng.internal.Invoker.invokeTestMethod(Invoker.java:821)
at org.testng.internal.Invoker.invokeTestMethods(Invoker.java:1128)
at org.testng.internal.TestMethodWorker.invokeTestMethods(TestMethodWorker.java:140)
at org.testng.internal.TestMethodWorker.run(TestMethodWorker.java:122)
at org.testng.TestRunner.privateRun(TestRunner.java:724)
at org.testng.TestRunner.run(TestRunner.java:574)
at org.testng.SuiteRunner.runTest(SuiteRunner.java:398)
at org.testng.SuiteRunner.runSequentially(SuiteRunner.java:392)
at org.testng.SuiteRunner.privateRun(SuiteRunner.java:354)
at org.testng.SuiteRunner.run(SuiteRunner.java:302)
at org.testng.SuiteRunnerWorker.runSuite(SuiteRunnerWorker.java:53)
at org.testng.SuiteRunnerWorker.run(SuiteRunnerWorker.java:96)
at org.testng.TestNG.runSuitesSequentially(TestNG.java:1142)
at org.testng.TestNG.runSuitesLocally(TestNG.java:1064)
at org.testng.TestNG.runSuites(TestNG.java:994)
at org.testng.TestNG.run(TestNG.java:962)
at org.testng.remote.AbstractRemoteTestNG.run(AbstractRemoteTestNG.java:115)
at org.testng.remote.RemoteTestNG.initAndRun(RemoteTestNG.java:251)
at org.testng.remote.RemoteTestNG.main(RemoteTestNG.java:77)
]]>
            </full-stacktrace>
          </exception> <!-- java.lang.AssertionError -->
          <reporter-output>
          </reporter-output>
        </test-method> <!-- tearDownGUI -->
        <test-method is-config="true" signature="tearDown()[pri:0, instance:TestSuite.UserManagement.ImportUser@71809907]" started-at="2020-11-11T09:37:33 ICT" name="tearDown" finished-at="1970-01-01T07:00:00 ICT" duration-ms="-1605062253610" status="SKIP">
          <reporter-output>
          </reporter-output>
        </test-method> <!-- tearDown -->
        <test-method is-config="true" signature="afterClass()[pri:0, instance:TestSuite.UserManagement.ImportUser@71809907]" started-at="2020-11-11T09:37:33 ICT" name="afterClass" finished-at="2020-11-11T09:37:33 ICT" duration-ms="0" status="PASS">
          <reporter-output>
          </reporter-output>
        </test-method> <!-- afterClass -->
      </class> <!-- TestSuite.UserManagement.ImportUser -->
      <class name="TestSuite.RiskCountry.UpdateRiskCountry">
        <test-method is-config="true" signature="beforeClass()[pri:0, instance:TestSuite.RiskCountry.UpdateRiskCountry@47af7f3d]" started-at="2020-11-11T09:35:37 ICT" name="beforeClass" finished-at="2020-11-11T09:35:37 ICT" duration-ms="13" status="PASS">
          <reporter-output>
          </reporter-output>
        </test-method> <!-- beforeClass -->
        <test-method is-config="true" signature="setUp(java.lang.String)[pri:0, instance:TestSuite.RiskCountry.UpdateRiskCountry@47af7f3d]" started-at="2020-11-11T09:35:37 ICT" name="setUp" finished-at="2020-11-11T09:35:37 ICT" duration-ms="0" status="PASS">
          <params>
            <param index="0">
              <value>
                <![CDATA[Edge]]>
              </value>
            </param>
          </params>
          <reporter-output>
          </reporter-output>
        </test-method> <!-- setUp -->
        <test-method is-config="true" signature="setUpMethod(java.lang.reflect.Method, java.lang.String)[pri:0, instance:TestSuite.RiskCountry.UpdateRiskCountry@47af7f3d]" started-at="2020-11-11T09:35:37 ICT" name="setUpMethod" finished-at="2020-11-11T09:35:53 ICT" duration-ms="15291" status="PASS">
          <params>
            <param index="0">
              <value>
                <![CDATA[public void TestSuite.RiskCountry.UpdateRiskCountry.ITS_05_10_004_001()]]>
              </value>
            </param>
            <param index="1">
              <value>
                <![CDATA[Edge]]>
              </value>
            </param>
          </params>
          <reporter-output>
          </reporter-output>
        </test-method> <!-- setUpMethod -->
        <test-method signature="ITS_05_10_004_001()[pri:0, instance:TestSuite.RiskCountry.UpdateRiskCountry@47af7f3d]" started-at="2020-11-11T09:35:53 ICT" name="ITS_05_10_004_001" finished-at="2020-11-11T09:35:58 ICT" duration-ms="5124" status="PASS">
          <reporter-output>
          </reporter-output>
        </test-method> <!-- ITS_05_10_004_001 -->
        <test-method is-config="true" signature="tearDownGUI(org.testng.ITestResult, java.lang.reflect.Method)[pri:0, instance:TestSuite.RiskCountry.UpdateRiskCountry@47af7f3d]" started-at="2020-11-11T09:35:58 ICT" name="tearDownGUI" finished-at="2020-11-11T09:35:58 ICT" duration-ms="0" status="PASS">
          <params>
            <param index="0">
              <value>
                <![CDATA[[TestResult name=ITS_05_10_004_001 status=SUCCESS method=UpdateRiskCountry.ITS_05_10_004_001()[pri:0, instance:TestSuite.RiskCountry.UpdateRiskCountry@47af7f3d] output={null}]]]>
              </value>
            </param>
            <param index="1">
              <value>
                <![CDATA[public void TestSuite.RiskCountry.UpdateRiskCountry.ITS_05_10_004_001()]]>
              </value>
            </param>
          </params>
          <reporter-output>
          </reporter-output>
        </test-method> <!-- tearDownGUI -->
        <test-method is-config="true" signature="setUpMethod(java.lang.reflect.Method, java.lang.String)[pri:0, instance:TestSuite.RiskCountry.UpdateRiskCountry@47af7f3d]" started-at="2020-11-11T09:35:58 ICT" name="setUpMethod" finished-at="2020-11-11T09:36:13 ICT" duration-ms="15338" status="PASS">
          <params>
            <param index="0">
              <value>
                <![CDATA[public void TestSuite.RiskCountry.UpdateRiskCountry.ITS_05_10_004_009()]]>
              </value>
            </param>
            <param index="1">
              <value>
                <![CDATA[Edge]]>
              </value>
            </param>
          </params>
          <reporter-output>
          </reporter-output>
        </test-method> <!-- setUpMethod -->
        <test-method signature="ITS_05_10_004_009()[pri:0, instance:TestSuite.RiskCountry.UpdateRiskCountry@47af7f3d]" started-at="2020-11-11T09:36:13 ICT" name="ITS_05_10_004_009" finished-at="2020-11-11T09:36:20 ICT" duration-ms="6409" status="PASS">
          <reporter-output>
          </reporter-output>
        </test-method> <!-- ITS_05_10_004_009 -->
        <test-method is-config="true" signature="tearDownGUI(org.testng.ITestResult, java.lang.reflect.Method)[pri:0, instance:TestSuite.RiskCountry.UpdateRiskCountry@47af7f3d]" started-at="2020-11-11T09:36:20 ICT" name="tearDownGUI" finished-at="2020-11-11T09:36:20 ICT" duration-ms="0" status="PASS">
          <params>
            <param index="0">
              <value>
                <![CDATA[[TestResult name=ITS_05_10_004_009 status=SUCCESS method=UpdateRiskCountry.ITS_05_10_004_009()[pri:0, instance:TestSuite.RiskCountry.UpdateRiskCountry@47af7f3d] output={null}]]]>
              </value>
            </param>
            <param index="1">
              <value>
                <![CDATA[public void TestSuite.RiskCountry.UpdateRiskCountry.ITS_05_10_004_009()]]>
              </value>
            </param>
          </params>
          <reporter-output>
          </reporter-output>
        </test-method> <!-- tearDownGUI -->
        <test-method is-config="true" signature="setUpMethod(java.lang.reflect.Method, java.lang.String)[pri:0, instance:TestSuite.RiskCountry.UpdateRiskCountry@47af7f3d]" started-at="2020-11-11T09:36:20 ICT" name="setUpMethod" finished-at="2020-11-11T09:36:35 ICT" duration-ms="15246" status="PASS">
          <params>
            <param index="0">
              <value>
                <![CDATA[public void TestSuite.RiskCountry.UpdateRiskCountry.ITS_05_10_004_013()]]>
              </value>
            </param>
            <param index="1">
              <value>
                <![CDATA[Edge]]>
              </value>
            </param>
          </params>
          <reporter-output>
          </reporter-output>
        </test-method> <!-- setUpMethod -->
        <test-method signature="ITS_05_10_004_013()[pri:0, instance:TestSuite.RiskCountry.UpdateRiskCountry@47af7f3d]" started-at="2020-11-11T09:36:35 ICT" name="ITS_05_10_004_013" finished-at="2020-11-11T09:36:52 ICT" duration-ms="16911" status="PASS">
          <reporter-output>
          </reporter-output>
        </test-method> <!-- ITS_05_10_004_013 -->
        <test-method is-config="true" signature="tearDownGUI(org.testng.ITestResult, java.lang.reflect.Method)[pri:0, instance:TestSuite.RiskCountry.UpdateRiskCountry@47af7f3d]" started-at="2020-11-11T09:36:52 ICT" name="tearDownGUI" finished-at="2020-11-11T09:36:52 ICT" duration-ms="0" status="PASS">
          <params>
            <param index="0">
              <value>
                <![CDATA[[TestResult name=ITS_05_10_004_013 status=SUCCESS method=UpdateRiskCountry.ITS_05_10_004_013()[pri:0, instance:TestSuite.RiskCountry.UpdateRiskCountry@47af7f3d] output={null}]]]>
              </value>
            </param>
            <param index="1">
              <value>
                <![CDATA[public void TestSuite.RiskCountry.UpdateRiskCountry.ITS_05_10_004_013()]]>
              </value>
            </param>
          </params>
          <reporter-output>
          </reporter-output>
        </test-method> <!-- tearDownGUI -->
        <test-method is-config="true" signature="tearDown()[pri:0, instance:TestSuite.RiskCountry.UpdateRiskCountry@47af7f3d]" started-at="2020-11-11T09:36:52 ICT" name="tearDown" finished-at="2020-11-11T09:36:52 ICT" duration-ms="437" status="PASS">
          <reporter-output>
          </reporter-output>
        </test-method> <!-- tearDown -->
        <test-method is-config="true" signature="afterClass()[pri:0, instance:TestSuite.RiskCountry.UpdateRiskCountry@47af7f3d]" started-at="2020-11-11T09:36:52 ICT" name="afterClass" finished-at="2020-11-11T09:36:52 ICT" duration-ms="0" status="PASS">
          <reporter-output>
          </reporter-output>
        </test-method> <!-- afterClass -->
      </class> <!-- TestSuite.RiskCountry.UpdateRiskCountry -->
    </test> <!-- Test1 -->
  </suite> <!-- Suite -->
</testng-results>
